#
# There is insufficient memory for the Java Runtime Environment to continue.
# Native memory allocation (malloc) failed to allocate 1076336 bytes for Chunk::new
# Possible reasons:
#   The system is out of physical RAM or swap space
#   In 32 bit mode, the process size limit was hit
# Possible solutions:
#   Reduce memory load on the system
#   Increase physical memory or swap space
#   Check if swap backing store is full
#   Use 64 bit Java on a 64 bit OS
#   Decrease Java heap size (-Xmx/-Xms)
#   Decrease number of Java threads
#   Decrease Java thread stack sizes (-Xss)
#   Set larger code cache with -XX:ReservedCodeCacheSize=
# This output file may be truncated or incomplete.
#
#  Out of Memory Error (allocation.cpp:390), pid=9028, tid=0x0000000000002474
#
# JRE version: Java(TM) SE Runtime Environment (8.0_101-b13) (build 1.8.0_101-b13)
# Java VM: Java HotSpot(TM) 64-Bit Server VM (25.101-b13 mixed mode windows-amd64 compressed oops)
# Failed to write core dump. Minidumps are not enabled by default on client versions of Windows
#

---------------  T H R E A D  ---------------

Current thread (0x0000000055105800):  JavaThread "C2 CompilerThread1" daemon [_thread_in_native, id=9332, stack(0x0000000056ae0000,0x0000000056be0000)]

Stack: [0x0000000056ae0000,0x0000000056be0000]
[error occurred during error reporting (printing stack bounds), id 0xc0000005]

Native frames: (J=compiled Java code, j=interpreted, Vv=VM code, C=native code)


Current CompileTask:
C2:   2795 1423   !   4       com.android.dx.cf.code.RopperMachine::run (1550 bytes)


---------------  P R O C E S S  ---------------

Java Threads: ( => current thread )
  0x0000000057031000 JavaThread "pool-1-thread-1" [_thread_in_Java, id=6648, stack(0x00000000575f0000,0x00000000576f0000)]
  0x0000000056e18800 JavaThread "Service Thread" daemon [_thread_blocked, id=6036, stack(0x0000000057210000,0x0000000057310000)]
  0x0000000055106800 JavaThread "C1 CompilerThread2" daemon [_thread_blocked, id=5048, stack(0x0000000056d10000,0x0000000056e10000)]
=>0x0000000055105800 JavaThread "C2 CompilerThread1" daemon [_thread_in_native, id=9332, stack(0x0000000056ae0000,0x0000000056be0000)]
  0x0000000055101800 JavaThread "C2 CompilerThread0" daemon [_thread_in_native, id=11744, stack(0x0000000056920000,0x0000000056a20000)]
  0x00000000550fd800 JavaThread "Attach Listener" daemon [_thread_blocked, id=11664, stack(0x0000000056740000,0x0000000056840000)]
  0x000000005510e800 JavaThread "Signal Dispatcher" daemon [_thread_blocked, id=9800, stack(0x0000000056440000,0x0000000056540000)]
  0x00000000550e4000 JavaThread "Finalizer" daemon [_thread_blocked, id=8896, stack(0x00000000565c0000,0x00000000566c0000)]
  0x00000000550a2800 JavaThread "Reference Handler" daemon [_thread_blocked, id=1176, stack(0x00000000562d0000,0x00000000563d0000)]
  0x0000000001d0f000 JavaThread "main" [_thread_blocked, id=1560, stack(0x00000000023d0000,0x00000000024d0000)]

Other Threads:
  0x000000005509b000 VMThread [stack: 0x0000000056100000,0x0000000056200000] [id=10808]
  0x0000000056ea4000 WatcherThread [stack: 0x0000000057410000,0x0000000057510000] [id=8732]

VM state:not at safepoint (normal execution)

VM Mutex/Monitor currently owned by a thread: None

Heap:
 PSYoungGen      total 68608K, used 49974K [0x00000000eab00000, 0x00000000ef300000, 0x0000000100000000)
  eden space 63488K, 70% used [0x00000000eab00000,0x00000000ed6d3660,0x00000000ee900000)
  from space 5120K, 99% used [0x00000000eee00000,0x00000000ef2fa378,0x00000000ef300000)
  to   space 5120K, 0% used [0x00000000ee900000,0x00000000ee900000,0x00000000eee00000)
 ParOldGen       total 84992K, used 5978K [0x00000000c0000000, 0x00000000c5300000, 0x00000000eab00000)
  object space 84992K, 7% used [0x00000000c0000000,0x00000000c05d6a80,0x00000000c5300000)
 Metaspace       used 6239K, capacity 7096K, committed 7296K, reserved 1056768K
  class space    used 613K, capacity 624K, committed 640K, reserved 1048576K

Card table byte_map: [0x0000000011be0000,0x0000000011df0000] byte_map_base: 0x00000000115e0000

Marking Bits: (ParMarkBitMap*) 0x000000006540a6d0
 Begin Bits: [0x0000000012510000, 0x0000000013510000)
 End Bits:   [0x0000000013510000, 0x0000000014510000)

Polling page: 0x0000000000230000

CodeCache: size=245760Kb used=6356Kb max_used=6356Kb free=239403Kb
 bounds [0x0000000002820000, 0x0000000002e60000, 0x0000000011820000]
 total_blobs=1860 nmethods=1591 adapters=182
 compilation: enabled

Compilation events (10 events):
Event: 2.789 Thread 0x0000000055106800 1667       1       com.android.dx.dex.file.MemberIdItem::getRef (5 bytes)
Event: 2.789 Thread 0x0000000055106800 nmethod 1667 0x0000000002e56c50 code [0x0000000002e56da0, 0x0000000002e56eb0]
Event: 2.790 Thread 0x0000000055106800 1668       2       com.android.dx.dex.file.ProtoIdItem::shortFormCharFor (20 bytes)
Event: 2.790 Thread 0x0000000055106800 nmethod 1668 0x0000000002e56f10 code [0x0000000002e57080, 0x0000000002e57288]
Event: 2.790 Thread 0x0000000055106800 1669       1       com.android.dx.dex.file.DexFile::getProtoIds (5 bytes)
Event: 2.790 Thread 0x0000000055106800 nmethod 1669 0x0000000002e57410 code [0x0000000002e57560, 0x0000000002e57670]
Event: 2.791 Thread 0x0000000055106800 1670       2       com.android.dx.dex.file.MethodIdItem::addContents (23 bytes)
Event: 2.792 Thread 0x0000000055106800 nmethod 1670 0x0000000002e576d0 code [0x0000000002e57860, 0x0000000002e57b18]
Event: 2.792 Thread 0x0000000055106800 1671  s    2       com.android.dx.dex.file.ProtoIdsSection::intern (55 bytes)
Event: 2.793 Thread 0x0000000055106800 nmethod 1671 0x0000000002e57e90 code [0x0000000002e58040, 0x0000000002e58588]

GC Heap History (4 events):
Event: 1.022 GC heap before
{Heap before GC invocations=1 (full 0):
 PSYoungGen      total 36864K, used 31744K [0x00000000eab00000, 0x00000000ed400000, 0x0000000100000000)
  eden space 31744K, 100% used [0x00000000eab00000,0x00000000eca00000,0x00000000eca00000)
  from space 5120K, 0% used [0x00000000ecf00000,0x00000000ecf00000,0x00000000ed400000)
  to   space 5120K, 0% used [0x00000000eca00000,0x00000000eca00000,0x00000000ecf00000)
 ParOldGen       total 84992K, used 0K [0x00000000c0000000, 0x00000000c5300000, 0x00000000eab00000)
  object space 84992K, 0% used [0x00000000c0000000,0x00000000c0000000,0x00000000c5300000)
 Metaspace       used 5846K, capacity 6834K, committed 7040K, reserved 1056768K
  class space    used 604K, capacity 618K, committed 640K, reserved 1048576K
Event: 1.180 GC heap after
Heap after GC invocations=1 (full 0):
 PSYoungGen      total 36864K, used 5111K [0x00000000eab00000, 0x00000000ef300000, 0x0000000100000000)
  eden space 31744K, 0% used [0x00000000eab00000,0x00000000eab00000,0x00000000eca00000)
  from space 5120K, 99% used [0x00000000eca00000,0x00000000ecefdc20,0x00000000ecf00000)
  to   space 5120K, 0% used [0x00000000eee00000,0x00000000eee00000,0x00000000ef300000)
 ParOldGen       total 84992K, used 1841K [0x00000000c0000000, 0x00000000c5300000, 0x00000000eab00000)
  object space 84992K, 2% used [0x00000000c0000000,0x00000000c01cc560,0x00000000c5300000)
 Metaspace       used 5846K, capacity 6834K, committed 7040K, reserved 1056768K
  class space    used 604K, capacity 618K, committed 640K, reserved 1048576K
}
Event: 1.600 GC heap before
{Heap before GC invocations=2 (full 0):
 PSYoungGen      total 36864K, used 36855K [0x00000000eab00000, 0x00000000ef300000, 0x0000000100000000)
  eden space 31744K, 100% used [0x00000000eab00000,0x00000000eca00000,0x00000000eca00000)
  from space 5120K, 99% used [0x00000000eca00000,0x00000000ecefdc20,0x00000000ecf00000)
  to   space 5120K, 0% used [0x00000000eee00000,0x00000000eee00000,0x00000000ef300000)
 ParOldGen       total 84992K, used 1841K [0x00000000c0000000, 0x00000000c5300000, 0x00000000eab00000)
  object space 84992K, 2% used [0x00000000c0000000,0x00000000c01cc560,0x00000000c5300000)
 Metaspace       used 5961K, capacity 6898K, committed 7040K, reserved 1056768K
  class space    used 604K, capacity 618K, committed 640K, reserved 1048576K
Event: 1.641 GC heap after
Heap after GC invocations=2 (full 0):
 PSYoungGen      total 68608K, used 5096K [0x00000000eab00000, 0x00000000ef300000, 0x0000000100000000)
  eden space 63488K, 0% used [0x00000000eab00000,0x00000000eab00000,0x00000000ee900000)
  from space 5120K, 99% used [0x00000000eee00000,0x00000000ef2fa378,0x00000000ef300000)
  to   space 5120K, 0% used [0x00000000ee900000,0x00000000ee900000,0x00000000eee00000)
 ParOldGen       total 84992K, used 5978K [0x00000000c0000000, 0x00000000c5300000, 0x00000000eab00000)
  object space 84992K, 7% used [0x00000000c0000000,0x00000000c05d6a80,0x00000000c5300000)
 Metaspace       used 5961K, capacity 6898K, committed 7040K, reserved 1056768K
  class space    used 604K, capacity 618K, committed 640K, reserved 1048576K
}

Deoptimization events (10 events):
Event: 2.281 Thread 0x0000000056f8e000 Uncommon trap: reason=bimorphic action=maybe_recompile pc=0x0000000002ad8a84 method=java.util.HashMap.getNode(ILjava/lang/Object;)Ljava/util/HashMap$Node; @ 126
Event: 2.281 Thread 0x0000000056f8e000 Uncommon trap: reason=bimorphic action=maybe_recompile pc=0x0000000002ad8a84 method=java.util.HashMap.getNode(ILjava/lang/Object;)Ljava/util/HashMap$Node; @ 126
Event: 2.281 Thread 0x0000000056f8e000 Uncommon trap: reason=class_check action=maybe_recompile pc=0x0000000002c4fc7c method=java.util.HashMap.putVal(ILjava/lang/Object;Ljava/lang/Object;ZZ)Ljava/lang/Object; @ 203
Event: 2.667 Thread 0x0000000057031000 Uncommon trap: reason=class_check action=maybe_recompile pc=0x0000000002c48638 method=java.util.Arrays.hashCode([Ljava/lang/Object;)I @ 43
Event: 2.667 Thread 0x0000000057031000 Uncommon trap: reason=class_check action=maybe_recompile pc=0x0000000002c48638 method=java.util.Arrays.hashCode([Ljava/lang/Object;)I @ 43
Event: 2.668 Thread 0x0000000057031000 Uncommon trap: reason=class_check action=maybe_recompile pc=0x0000000002c48638 method=java.util.Arrays.hashCode([Ljava/lang/Object;)I @ 43
Event: 2.668 Thread 0x0000000057031000 Uncommon trap: reason=class_check action=maybe_recompile pc=0x0000000002c48638 method=java.util.Arrays.hashCode([Ljava/lang/Object;)I @ 43
Event: 2.669 Thread 0x0000000057031000 Uncommon trap: reason=class_check action=maybe_recompile pc=0x0000000002c4e828 method=java.util.Arrays.hashCode([Ljava/lang/Object;)I @ 43
Event: 2.687 Thread 0x0000000057031000 Uncommon trap: reason=class_check action=maybe_recompile pc=0x0000000002c4fc7c method=java.util.HashMap.putVal(ILjava/lang/Object;Ljava/lang/Object;ZZ)Ljava/lang/Object; @ 203
Event: 2.688 Thread 0x0000000057031000 Uncommon trap: reason=class_check action=maybe_recompile pc=0x0000000002c4674c method=java.util.HashMap.putVal(ILjava/lang/Object;Ljava/lang/Object;ZZ)Ljava/lang/Object; @ 203

Internal exceptions (3 events):
Event: 0.075 Thread 0x0000000001d0f000 Exception <a 'java/lang/NoSuchMethodError': Method sun.misc.Unsafe.defineClass(Ljava/lang/String;[BII)Ljava/lang/Class; name or signature does not match> (0x00000000eab07cc0) thrown at [C:\re\workspace\8-2-build-windows-amd64-cygwin\jdk8u101\7261\hotspot\sžÌ¦?³?
Event: 0.075 Thread 0x0000000001d0f000 Exception <a 'java/lang/NoSuchMethodError': Method sun.misc.Unsafe.prefetchRead(Ljava/lang/Object;J)V name or signature does not match> (0x00000000eab07fa8) thrown at [C:\re\workspace\8-2-build-windows-amd64-cygwin\jdk8u101\7261\hotspot\src\share\vm\prims\º6Ïxñ÷?
Event: 1.496 Thread 0x00000000570eb000 Implicit null exception at 0x0000000002b5555a to 0x0000000002b57431

Events (10 events):
Event: 2.731 Thread 0x0000000057031000 DEOPT PACKING pc=0x0000000002e43b25 sp=0x00000000576eee50
Event: 2.731 Thread 0x0000000057031000 DEOPT UNPACKING pc=0x000000000286787f sp=0x00000000576eeba8 mode 0
Event: 2.736 Thread 0x0000000057031000 DEOPT PACKING pc=0x0000000002e49392 sp=0x00000000576eee90
Event: 2.736 Thread 0x0000000057031000 DEOPT UNPACKING pc=0x000000000286787f sp=0x00000000576eec28 mode 0
Event: 2.751 Thread 0x0000000057031000 DEOPT PACKING pc=0x0000000002ce01ba sp=0x00000000576eeed0
Event: 2.751 Thread 0x0000000057031000 DEOPT UNPACKING pc=0x000000000286787f sp=0x00000000576eec00 mode 0
Event: 2.777 Thread 0x0000000057031000 DEOPT PACKING pc=0x0000000002bb7ea4 sp=0x00000000576eed50
Event: 2.777 Thread 0x0000000057031000 DEOPT UNPACKING pc=0x000000000286787f sp=0x00000000576eeaa8 mode 0
Event: 2.788 loading class com/android/dx/dex/file/ProtoIdItem
Event: 2.788 loading class com/android/dx/dex/file/ProtoIdItem done


Dynamic libraries:
0x000000013fc80000 - 0x000000013fcb7000 	C:\Program Files\Java\jdk1.8.0_101\bin\java.exe
0x0000000077010000 - 0x00000000771ba000 	C:\Windows\SYSTEM32\ntdll.dll
0x0000000076df0000 - 0x0000000076f0f000 	C:\Windows\system32\kernel32.dll
0x000007fefced0000 - 0x000007fefcf3a000 	C:\Windows\system32\KERNELBASE.dll
0x000007fefd460000 - 0x000007fefd53b000 	C:\Windows\system32\ADVAPI32.dll
0x000007fefdc80000 - 0x000007fefdd1f000 	C:\Windows\system32\msvcrt.dll
0x000007fefd390000 - 0x000007fefd3af000 	C:\Windows\SYSTEM32\sechost.dll
0x000007fefd540000 - 0x000007fefd66d000 	C:\Windows\system32\RPCRT4.dll
0x0000000076f10000 - 0x000000007700a000 	C:\Windows\system32\USER32.dll
0x000007fefdf00000 - 0x000007fefdf67000 	C:\Windows\system32\GDI32.dll
0x000007feff080000 - 0x000007feff08e000 	C:\Windows\system32\LPK.dll
0x000007fefdd20000 - 0x000007fefddeb000 	C:\Windows\system32\USP10.dll
0x000007fefb1c0000 - 0x000007fefb3b4000 	C:\Windows\WinSxS\amd64_microsoft.windows.common-controls_6595b64144ccf1df_6.0.7601.18837_none_fa3b1e3d17594757\COMCTL32.dll
0x000007fefd3b0000 - 0x000007fefd421000 	C:\Windows\system32\SHLWAPI.dll
0x000007fefd430000 - 0x000007fefd45e000 	C:\Windows\system32\IMM32.DLL
0x000007fefddf0000 - 0x000007fefdef9000 	C:\Windows\system32\MSCTF.dll
0x000000006bce0000 - 0x000000006bdb2000 	C:\Program Files\Java\jdk1.8.0_101\jre\bin\msvcr100.dll
0x0000000064bf0000 - 0x000000006548a000 	C:\Program Files\Java\jdk1.8.0_101\jre\bin\server\jvm.dll
0x000007fefa280000 - 0x000007fefa289000 	C:\Windows\system32\WSOCK32.dll
0x000007fefeea0000 - 0x000007fefeeed000 	C:\Windows\system32\WS2_32.dll
0x000007feff310000 - 0x000007feff318000 	C:\Windows\system32\NSI.dll
0x000007fefa9a0000 - 0x000007fefa9db000 	C:\Windows\system32\WINMM.dll
0x000007fefbda0000 - 0x000007fefbdac000 	C:\Windows\system32\VERSION.dll
0x00000000771e0000 - 0x00000000771e7000 	C:\Windows\system32\PSAPI.DLL
0x0000000072d30000 - 0x0000000072d3f000 	C:\Program Files\Java\jdk1.8.0_101\jre\bin\verify.dll
0x000000006bcb0000 - 0x000000006bcd9000 	C:\Program Files\Java\jdk1.8.0_101\jre\bin\java.dll
0x0000000072d10000 - 0x0000000072d26000 	C:\Program Files\Java\jdk1.8.0_101\jre\bin\zip.dll
0x000007fefdf70000 - 0x000007fefecfb000 	C:\Windows\system32\SHELL32.dll
0x000007feff090000 - 0x000007feff28c000 	C:\Windows\system32\ole32.dll
0x000007fefcd00000 - 0x000007fefcd0f000 	C:\Windows\system32\profapi.dll

VM Arguments:
jvm_args: -Djava.awt.headless=true -Xmx1024M -Dfile.encoding=windows-1257 -Duser.country=US -Duser.language=en -Duser.variant 
java_command: com.android.dx.command.Main --dex --force-jumbo --num-threads=4 --multi-dex --output C:\Users\jga\AndroidStudioProjects\dbconnect BRD_ALL_V1.0.5AROneCol\app\build\intermediates\transforms\dex\debug\folders\1000\10\com.android.support-support-fragment-24.2.0_98c7aeaabf3133068f9fb93ef5616f4e55f40d57 C:\Users\jga\AndroidStudioProjects\dbconnect BRD_ALL_V1.0.5AROneCol\app\build\intermediates\exploded-aar\com.android.support\support-fragment\24.2.0\jars\classes.jar
java_class_path (initial): C:\Users\jga\AppData\Local\Android\sdk\build-tools\24.0.2\lib\dx.jar
Launcher Type: SUN_STANDARD

Environment Variables:
PATH=C:\ProgramData\Oracle\Java\javapath;C:\Program Files\Pico Technology\SDK\lib\;C:\Program Files (x86)\Intel\iCLS Client\;C:\Program Files\Intel\iCLS Client\;C:\Windows\system32;C:\Windows;C:\GENIE2K\EXEFILES;C:\Windows\System32\Wbem;C:\Windows\System32\WindowsPowerShell\v1.0\;C:\Program Files\Intel\Intel(R) Management Engine Components\DAL;C:\Program Files\Intel\Intel(R) Management Engine Components\IPT;C:\Program Files (x86)\Intel\Intel(R) Management Engine Components\DAL;C:\Program Files (x86)\Intel\Intel(R) Management Engine Components\IPT;C:\Program Files\Intel\WiFi\bin\;C:\Program Files\Common Files\Intel\WirelessCommon\;C:\Program Files\Lenovo\Fingerprint Manager Pro\;C:\Program Files (x86)\Common Files\Lenovo;C:\ProgramData\Lenovo\ReadyApps;C:\Program Files (x86)\Common Files\lenovo\easyplussdk\bin;C:\Program Files (x86)\Lenovo\Access Connections\;c:\Program Files (x86)\Microsoft SQL Server\100\Tools\Binn\;c:\Program Files\Microsoft SQL Server\100\Tools\Binn\;c:\Program Files\Microsoft SQL Server\100\DTS\Binn\;C:\Program Files (x86)\Windows Kits\8.1\Windows Performance Toolkit\;C:\Program Files\Microsoft SQL Server\110\Tools\Binn\;;C:\Program Files (x86)\Bitvise SSH Client;C:\Program Files (x86)\Pico Technology\PicoScope6\;c:\Program Files (x86)\Microsoft SQL Server\90\Tools\binn\;c:\Program Files (x86)\Microsoft SQL Server\100\Tools\Binn\VSShell\Common7\IDE\;c:\Program Files (x86)\Microsoft SQL Server\100\DTS\Binn\;C:\Program Files (x86)\Skype\Phone\;C:\Program Files (x86)\Microchip\mplabc18\v3.47\mpasm;C:\Program Files (x86)\Microchip\mplabc18\v3.47\bin;C:\Program Files (x86)\Sophos\Sophos SSL VPN Client\bin
USERNAME=jga
OS=Windows_NT
PROCESSOR_IDENTIFIER=Intel64 Family 6 Model 69 Stepping 1, GenuineIntel



---------------  S Y S T E M  ---------------

OS: Windows 7 , 64 bit Build 7601 (6.1.7601.23807)

CPU:total 4 (2 cores per cpu, 2 threads per core) family 6 model 69 stepping 1, cmov, cx8, fxsr, mmx, sse, sse2, sse3, ssse3, sse4.1, sse4.2, popcnt, avx, avx2, aes, clmul, erms, lzcnt, ht, tsc, tscinvbit, bmi1, bmi2

Memory: 4k page, physical 8068928k(648132k free), swap 10442988k(8212k free)

vm_info: Java HotSpot(TM) 64-Bit Server VM (25.101-b13) for windows-amd64 JRE (1.8.0_101-b13), built on Jun 22 2016 01:21:29 by "java_re" with MS VC++ 10.0 (VS2010)

time: Thu Jul 13 14:20:08 2017
elapsed time: 2 seconds (0d 0h 0m 2s)

