#
# There is insufficient memory for the Java Runtime Environment to continue.
# Native memory allocation (malloc) failed to allocate 82496 bytes for Chunk::new
# Possible reasons:
#   The system is out of physical RAM or swap space
#   In 32 bit mode, the process size limit was hit
# Possible solutions:
#   Reduce memory load on the system
#   Increase physical memory or swap space
#   Check if swap backing store is full
#   Use 64 bit Java on a 64 bit OS
#   Decrease Java heap size (-Xmx/-Xms)
#   Decrease number of Java threads
#   Decrease Java thread stack sizes (-Xss)
#   Set larger code cache with -XX:ReservedCodeCacheSize=
# This output file may be truncated or incomplete.
#
#  Out of Memory Error (allocation.cpp:390), pid=10184, tid=0x00000000000015d4
#
# JRE version: Java(TM) SE Runtime Environment (8.0_101-b13) (build 1.8.0_101-b13)
# Java VM: Java HotSpot(TM) 64-Bit Server VM (25.101-b13 mixed mode windows-amd64 compressed oops)
# Failed to write core dump. Minidumps are not enabled by default on client versions of Windows
#

---------------  T H R E A D  ---------------

Current thread (0x0000000014fc7800):  JavaThread "C2 CompilerThread1" daemon [_thread_in_native, id=5588, stack(0x00000000165d0000,0x00000000166d0000)]

Stack: [0x00000000165d0000,0x00000000166d0000]
[error occurred during error reporting (printing stack bounds), id 0xc0000005]

Native frames: (J=compiled Java code, j=interpreted, Vv=VM code, C=native code)


Current CompileTask:
C2:   2443 1183       4       com.android.dx.util.LabeledList::set (45 bytes)


---------------  P R O C E S S  ---------------

Java Threads: ( => current thread )
  0x0000000016a91800 JavaThread "pool-1-thread-4" [_thread_blocked, id=10640, stack(0x00000000173d0000,0x00000000174d0000)]
  0x0000000016a8c800 JavaThread "pool-1-thread-3" [_thread_in_Java, id=3320, stack(0x0000000017570000,0x0000000017670000)]
  0x0000000016a8a800 JavaThread "pool-1-thread-2" [_thread_blocked, id=9580, stack(0x0000000017000000,0x0000000017100000)]
  0x0000000016ab2800 JavaThread "pool-2-thread-1" [_thread_blocked, id=9584, stack(0x0000000017280000,0x0000000017380000)]
  0x0000000016ab0800 JavaThread "pool-1-thread-1" [_thread_in_Java, id=1432, stack(0x0000000017170000,0x0000000017270000)]
  0x0000000016825800 JavaThread "Service Thread" daemon [_thread_blocked, id=8336, stack(0x0000000016f00000,0x0000000017000000)]
  0x0000000014fc8000 JavaThread "C1 CompilerThread2" daemon [_thread_blocked, id=9840, stack(0x0000000016d90000,0x0000000016e90000)]
=>0x0000000014fc7800 JavaThread "C2 CompilerThread1" daemon [_thread_in_native, id=5588, stack(0x00000000165d0000,0x00000000166d0000)]
  0x0000000014fc3000 JavaThread "C2 CompilerThread0" daemon [_thread_in_native, id=10228, stack(0x00000000166f0000,0x00000000167f0000)]
  0x0000000014fbe800 JavaThread "Attach Listener" daemon [_thread_blocked, id=13040, stack(0x0000000016420000,0x0000000016520000)]
  0x0000000014fbd000 JavaThread "Signal Dispatcher" daemon [_thread_blocked, id=10824, stack(0x0000000016070000,0x0000000016170000)]
  0x0000000014faa000 JavaThread "Finalizer" daemon [_thread_blocked, id=9932, stack(0x00000000162b0000,0x00000000163b0000)]
  0x0000000014f62800 JavaThread "Reference Handler" daemon [_thread_blocked, id=3216, stack(0x00000000161b0000,0x00000000162b0000)]
  0x00000000020cf000 JavaThread "main" [_thread_blocked, id=3992, stack(0x0000000002330000,0x0000000002430000)]

Other Threads:
  0x0000000014f5b000 VMThread [stack: 0x0000000015ec0000,0x0000000015fc0000] [id=6192]
  0x0000000016880800 WatcherThread [stack: 0x0000000016c70000,0x0000000016d70000] [id=9888]

VM state:not at safepoint (normal execution)

VM Mutex/Monitor currently owned by a thread: None

Heap:
 PSYoungGen      total 36864K, used 28582K [0x00000000eab00000, 0x00000000ed400000, 0x0000000100000000)
  eden space 31744K, 90% used [0x00000000eab00000,0x00000000ec6e98a0,0x00000000eca00000)
  from space 5120K, 0% used [0x00000000ecf00000,0x00000000ecf00000,0x00000000ed400000)
  to   space 5120K, 0% used [0x00000000eca00000,0x00000000eca00000,0x00000000ecf00000)
 ParOldGen       total 84992K, used 0K [0x00000000c0000000, 0x00000000c5300000, 0x00000000eab00000)
  object space 84992K, 0% used [0x00000000c0000000,0x00000000c0000000,0x00000000c5300000)
 Metaspace       used 5962K, capacity 6898K, committed 7040K, reserved 1056768K
  class space    used 601K, capacity 618K, committed 640K, reserved 1048576K

Card table byte_map: [0x0000000011ac0000,0x0000000011cd0000] byte_map_base: 0x00000000114c0000

Marking Bits: (ParMarkBitMap*) 0x000000005442a6d0
 Begin Bits: [0x00000000123d0000, 0x00000000133d0000)
 End Bits:   [0x00000000133d0000, 0x00000000143d0000)

Polling page: 0x0000000001c60000

CodeCache: size=245760Kb used=4675Kb max_used=4686Kb free=241084Kb
 bounds [0x0000000002700000, 0x0000000002ba0000, 0x0000000011700000]
 total_blobs=1448 nmethods=1177 adapters=182
 compilation: enabled

Compilation events (10 events):
Event: 2.431 Thread 0x0000000014fc7800 1180       4       com.android.dx.ssa.SsaBasicBlock::getCountPhiInsns (45 bytes)
Event: 2.431 Thread 0x0000000014fc8000 nmethod 1178 0x0000000002b91650 code [0x0000000002b918e0, 0x0000000002b92a28]
Event: 2.431 Thread 0x0000000014fc8000 1179       3       com.android.dx.ssa.back.FirstFitLocalCombiningAllocator::handleNormalUnassociated (99 bytes)
Event: 2.434 Thread 0x0000000014fc8000 nmethod 1179 0x0000000002b93250 code [0x0000000002b93500, 0x0000000002b94878]
Event: 2.437 Thread 0x0000000014fc7800 nmethod 1180 0x0000000002b8ac10 code [0x0000000002b8ad60, 0x0000000002b8af78]
Event: 2.437 Thread 0x0000000014fc7800 1181       4       java.util.ArrayList::subListRangeCheck (110 bytes)
Event: 2.438 Thread 0x0000000014fc7800 nmethod 1181 0x0000000002b2f550 code [0x0000000002b2f680, 0x0000000002b2f718]
Event: 2.438 Thread 0x0000000014fc7800 1182       4       java.util.ArrayList$SubList::<init> (46 bytes)
Event: 2.439 Thread 0x0000000014fc7800 nmethod 1182 0x0000000002b98150 code [0x0000000002b98280, 0x0000000002b98318]
Event: 2.439 Thread 0x0000000014fc7800 1183       4       com.android.dx.util.LabeledList::set (45 bytes)

GC Heap History (0 events):
No events

Deoptimization events (8 events):
Event: 0.581 Thread 0x00000000020cf000 Uncommon trap: reason=unstable_if action=reinterpret pc=0x000000000285b804 method=java.lang.String.compareTo(Ljava/lang/String;)I @ 38
Event: 1.093 Thread 0x0000000016ab0800 Uncommon trap: reason=unstable_if action=reinterpret pc=0x00000000029e652c method=com.android.dx.rop.code.RegisterSpec.equals(ILcom/android/dx/rop/type/TypeBearer;Lcom/android/dx/rop/code/LocalItem;)Z @ 16
Event: 1.195 Thread 0x0000000016a8c800 Uncommon trap: reason=class_check action=maybe_recompile pc=0x0000000002945c74 method=com.android.dx.rop.type.Type.equals(Ljava/lang/Object;)Z @ 8
Event: 1.199 Thread 0x0000000016a8c800 Uncommon trap: reason=class_check action=maybe_recompile pc=0x0000000002945c74 method=com.android.dx.rop.type.Type.equals(Ljava/lang/Object;)Z @ 8
Event: 1.199 Thread 0x0000000016a8c800 Uncommon trap: reason=class_check action=maybe_recompile pc=0x0000000002945c74 method=com.android.dx.rop.type.Type.equals(Ljava/lang/Object;)Z @ 8
Event: 1.199 Thread 0x0000000016a8c800 Uncommon trap: reason=class_check action=maybe_recompile pc=0x0000000002945c74 method=com.android.dx.rop.type.Type.equals(Ljava/lang/Object;)Z @ 8
Event: 1.218 Thread 0x0000000016a8c800 Uncommon trap: reason=unstable_if action=reinterpret pc=0x000000000292bca4 method=java.util.BitSet.ensureCapacity(I)V @ 6
Event: 1.218 Thread 0x0000000016a8c800 Uncommon trap: reason=unstable_if action=reinterpret pc=0x000000000292a6e0 method=java.util.BitSet.nextSetBit(I)I @ 87

Internal exceptions (2 events):
Event: 0.310 Thread 0x00000000020cf000 Exception <a 'java/lang/NoSuchMethodError': Method sun.misc.Unsafe.defineClass(Ljava/lang/String;[BII)Ljava/lang/Class; name or signature does not match> (0x00000000eab07cc0) thrown at [C:\re\workspace\8-2-build-windows-amd64-cygwin\jdk8u101\7261\hotspot\sù¶D””?
Event: 0.310 Thread 0x00000000020cf000 Exception <a 'java/lang/NoSuchMethodError': Method sun.misc.Unsafe.prefetchRead(Ljava/lang/Object;J)V name or signature does not match> (0x00000000eab07fa8) thrown at [C:\re\workspace\8-2-build-windows-amd64-cygwin\jdk8u101\7261\hotspot\src\share\vm\prims\

Events (10 events):
Event: 1.217 Thread 0x0000000016a8c800 Uncommon trap: trap_request=0xffffff65 fr.pc=0x000000000292bca4
Event: 1.218 Thread 0x0000000016a8c800 DEOPT PACKING pc=0x000000000292bca4 sp=0x000000001766ec90
Event: 1.218 Thread 0x0000000016a8c800 DEOPT UNPACKING pc=0x000000000274582a sp=0x000000001766eb78 mode 2
Event: 1.218 Thread 0x0000000016a8c800 Uncommon trap: trap_request=0xffffff65 fr.pc=0x000000000292a6e0
Event: 1.218 Thread 0x0000000016a8c800 DEOPT PACKING pc=0x000000000292a6e0 sp=0x000000001766ed10
Event: 1.218 Thread 0x0000000016a8c800 DEOPT UNPACKING pc=0x000000000274582a sp=0x000000001766eca8 mode 2
Event: 1.514 loading class java/util/TreeMap$EntrySet
Event: 1.515 loading class java/util/TreeMap$EntrySet done
Event: 1.515 loading class java/util/TreeMap$EntryIterator
Event: 1.515 loading class java/util/TreeMap$EntryIterator done


Dynamic libraries:
0x000000013fff0000 - 0x0000000140027000 	C:\Program Files\Java\jdk1.8.0_101\bin\java.exe
0x0000000077780000 - 0x000000007792a000 	C:\Windows\SYSTEM32\ntdll.dll
0x0000000077560000 - 0x000000007767f000 	C:\Windows\system32\kernel32.dll
0x000007fefd640000 - 0x000007fefd6aa000 	C:\Windows\system32\KERNELBASE.dll
0x000007feff1b0000 - 0x000007feff28b000 	C:\Windows\system32\ADVAPI32.dll
0x000007feff100000 - 0x000007feff19f000 	C:\Windows\system32\msvcrt.dll
0x000007fefdea0000 - 0x000007fefdebf000 	C:\Windows\SYSTEM32\sechost.dll
0x000007fefeec0000 - 0x000007fefefed000 	C:\Windows\system32\RPCRT4.dll
0x0000000077680000 - 0x000000007777a000 	C:\Windows\system32\USER32.dll
0x000007fefd870000 - 0x000007fefd8d7000 	C:\Windows\system32\GDI32.dll
0x000007feff1a0000 - 0x000007feff1ae000 	C:\Windows\system32\LPK.dll
0x000007fefec50000 - 0x000007fefed1a000 	C:\Windows\system32\USP10.dll
0x000007fefbae0000 - 0x000007fefbcd4000 	C:\Windows\WinSxS\amd64_microsoft.windows.common-controls_6595b64144ccf1df_6.0.7601.18837_none_fa3b1e3d17594757\COMCTL32.dll
0x000007feffa10000 - 0x000007feffa81000 	C:\Windows\system32\SHLWAPI.dll
0x000007feff430000 - 0x000007feff45e000 	C:\Windows\system32\IMM32.DLL
0x000007fefeff0000 - 0x000007feff0f9000 	C:\Windows\system32\MSCTF.dll
0x000000005e290000 - 0x000000005e362000 	C:\Program Files\Java\jdk1.8.0_101\jre\bin\msvcr100.dll
0x0000000053c10000 - 0x00000000544aa000 	C:\Program Files\Java\jdk1.8.0_101\jre\bin\server\jvm.dll
0x000007fefb530000 - 0x000007fefb539000 	C:\Windows\system32\WSOCK32.dll
0x000007feff460000 - 0x000007feff4ad000 	C:\Windows\system32\WS2_32.dll
0x000007feff290000 - 0x000007feff298000 	C:\Windows\system32\NSI.dll
0x000007fefab50000 - 0x000007fefab8b000 	C:\Windows\system32\WINMM.dll
0x000007fefc590000 - 0x000007fefc59c000 	C:\Windows\system32\VERSION.dll
0x0000000077940000 - 0x0000000077947000 	C:\Windows\system32\PSAPI.DLL
0x0000000071b20000 - 0x0000000071b2f000 	C:\Program Files\Java\jdk1.8.0_101\jre\bin\verify.dll
0x000000005f840000 - 0x000000005f869000 	C:\Program Files\Java\jdk1.8.0_101\jre\bin\java.dll
0x000000006e110000 - 0x000000006e126000 	C:\Program Files\Java\jdk1.8.0_101\jre\bin\zip.dll
0x000007fefdec0000 - 0x000007fefec4a000 	C:\Windows\system32\SHELL32.dll
0x000007fefd8e0000 - 0x000007fefdae3000 	C:\Windows\system32\ole32.dll
0x000007fefd4b0000 - 0x000007fefd4bf000 	C:\Windows\system32\profapi.dll

VM Arguments:
jvm_args: -Djava.awt.headless=true -Xmx1024M -Dfile.encoding=windows-1257 -Duser.country=US -Duser.language=en -Duser.variant 
java_command: com.android.dx.command.Main --dex --force-jumbo --num-threads=4 --output C:\Users\jga\AndroidStudioProjects\dbconnect BRD_ALL_V1.0.5HC\app\build\intermediates\pre-dexed\debug\internal_impl-24.2.0_9eb5e836fd67f5af92969db0da4d92017daccabc.jar C:\Users\jga\AndroidStudioProjects\dbconnect BRD_ALL_V1.0.5HC\app\build\intermediates\exploded-aar\com.android.support\support-compat\24.2.0\jars\libs\internal_impl-24.2.0.jar
java_class_path (initial): C:\Users\jga\AppData\Local\Android\sdk\build-tools\24.0.2\lib\dx.jar
Launcher Type: SUN_STANDARD

Environment Variables:
PATH=C:\ProgramData\Oracle\Java\javapath;C:\Program Files\Pico Technology\SDK\lib\;C:\Program Files (x86)\Intel\iCLS Client\;C:\Program Files\Intel\iCLS Client\;C:\Windows\system32;C:\Windows;C:\GENIE2K\EXEFILES;C:\Windows\System32\Wbem;C:\Windows\System32\WindowsPowerShell\v1.0\;C:\Program Files\Intel\Intel(R) Management Engine Components\DAL;C:\Program Files\Intel\Intel(R) Management Engine Components\IPT;C:\Program Files (x86)\Intel\Intel(R) Management Engine Components\DAL;C:\Program Files (x86)\Intel\Intel(R) Management Engine Components\IPT;C:\Program Files\Intel\WiFi\bin\;C:\Program Files\Common Files\Intel\WirelessCommon\;C:\Program Files\Lenovo\Fingerprint Manager Pro\;C:\Program Files (x86)\Common Files\Lenovo;C:\ProgramData\Lenovo\ReadyApps;C:\Program Files (x86)\Common Files\lenovo\easyplussdk\bin;C:\Program Files (x86)\Lenovo\Access Connections\;c:\Program Files (x86)\Microsoft SQL Server\100\Tools\Binn\;c:\Program Files\Microsoft SQL Server\100\Tools\Binn\;c:\Program Files\Microsoft SQL Server\100\DTS\Binn\;C:\Program Files (x86)\Windows Kits\8.1\Windows Performance Toolkit\;C:\Program Files\Microsoft SQL Server\110\Tools\Binn\;;C:\Program Files (x86)\Bitvise SSH Client;C:\Program Files (x86)\Pico Technology\PicoScope6\;c:\Program Files (x86)\Microsoft SQL Server\90\Tools\binn\;c:\Program Files (x86)\Microsoft SQL Server\100\Tools\Binn\VSShell\Common7\IDE\;c:\Program Files (x86)\Microsoft SQL Server\100\DTS\Binn\;C:\Program Files (x86)\Skype\Phone\;C:\Program Files (x86)\Microchip\mplabc18\v3.47\mpasm;C:\Program Files (x86)\Microchip\mplabc18\v3.47\bin;C:\Program Files (x86)\Sophos\Sophos SSL VPN Client\bin
USERNAME=jga
OS=Windows_NT
PROCESSOR_IDENTIFIER=Intel64 Family 6 Model 69 Stepping 1, GenuineIntel



---------------  S Y S T E M  ---------------

OS: Windows 7 , 64 bit Build 7601 (6.1.7601.23572)

CPU:total 4 (2 cores per cpu, 2 threads per core) family 6 model 69 stepping 1, cmov, cx8, fxsr, mmx, sse, sse2, sse3, ssse3, sse4.1, sse4.2, popcnt, avx, avx2, aes, clmul, erms, lzcnt, ht, tsc, tscinvbit, bmi1, bmi2

Memory: 4k page, physical 8068928k(251512k free), swap 12610272k(4568k free)

vm_info: Java HotSpot(TM) 64-Bit Server VM (25.101-b13) for windows-amd64 JRE (1.8.0_101-b13), built on Jun 22 2016 01:21:29 by "java_re" with MS VC++ 10.0 (VS2010)

time: Wed Mar 15 21:37:07 2017
elapsed time: 2 seconds (0d 0h 0m 2s)

