#
# There is insufficient memory for the Java Runtime Environment to continue.
# Native memory allocation (malloc) failed to allocate 331376 bytes for Chunk::new
# Possible reasons:
#   The system is out of physical RAM or swap space
#   In 32 bit mode, the process size limit was hit
# Possible solutions:
#   Reduce memory load on the system
#   Increase physical memory or swap space
#   Check if swap backing store is full
#   Use 64 bit Java on a 64 bit OS
#   Decrease Java heap size (-Xmx/-Xms)
#   Decrease number of Java threads
#   Decrease Java thread stack sizes (-Xss)
#   Set larger code cache with -XX:ReservedCodeCacheSize=
# This output file may be truncated or incomplete.
#
#  Out of Memory Error (allocation.cpp:390), pid=4552, tid=0x0000000000001974
#
# JRE version: Java(TM) SE Runtime Environment (8.0_101-b13) (build 1.8.0_101-b13)
# Java VM: Java HotSpot(TM) 64-Bit Server VM (25.101-b13 mixed mode windows-amd64 compressed oops)
# Failed to write core dump. Minidumps are not enabled by default on client versions of Windows
#

---------------  T H R E A D  ---------------

Current thread (0x0000000056c80800):  JavaThread "C2 CompilerThread1" daemon [_thread_in_native, id=6516, stack(0x0000000057130000,0x0000000057230000)]

Stack: [0x0000000057130000,0x0000000057230000]
[error occurred during error reporting (printing stack bounds), id 0xc0000005]

Native frames: (J=compiled Java code, j=interpreted, Vv=VM code, C=native code)


Current CompileTask:
C2:   1756  886       4       com.android.dx.ssa.Dominators::eval (29 bytes)


---------------  P R O C E S S  ---------------

Java Threads: ( => current thread )
  0x0000000056f47000 JavaThread "pool-2-thread-4" [_thread_blocked, id=3344, stack(0x0000000057c00000,0x0000000057d00000)]
  0x0000000056e27800 JavaThread "pool-2-thread-3" [_thread_in_Java, id=3908, stack(0x00000000577c0000,0x00000000578c0000)]
  0x0000000056e16000 JavaThread "pool-2-thread-2" [_thread_blocked, id=3660, stack(0x0000000057a70000,0x0000000057b70000)]
  0x0000000056dd1800 JavaThread "pool-3-thread-1" [_thread_blocked, id=10460, stack(0x0000000057950000,0x0000000057a50000)]
  0x0000000056dcf000 JavaThread "pool-2-thread-1" [_thread_blocked, id=6892, stack(0x00000000576c0000,0x00000000577c0000)]
  0x0000000056c8b800 JavaThread "Service Thread" daemon [_thread_blocked, id=5540, stack(0x00000000573d0000,0x00000000574d0000)]
  0x0000000056c81000 JavaThread "C1 CompilerThread2" daemon [_thread_blocked, id=8524, stack(0x0000000057290000,0x0000000057390000)]
=>0x0000000056c80800 JavaThread "C2 CompilerThread1" daemon [_thread_in_native, id=6516, stack(0x0000000057130000,0x0000000057230000)]
  0x0000000055291000 JavaThread "C2 CompilerThread0" daemon [_thread_in_native, id=8452, stack(0x0000000056a60000,0x0000000056b60000)]
  0x000000005528d000 JavaThread "Attach Listener" daemon [_thread_blocked, id=9776, stack(0x0000000056b80000,0x0000000056c80000)]
  0x000000005529e000 JavaThread "Signal Dispatcher" daemon [_thread_blocked, id=3720, stack(0x0000000056940000,0x0000000056a40000)]
  0x000000005527a000 JavaThread "Finalizer" daemon [_thread_blocked, id=5332, stack(0x0000000056730000,0x0000000056830000)]
  0x0000000055232800 JavaThread "Reference Handler" daemon [_thread_blocked, id=8116, stack(0x0000000056540000,0x0000000056640000)]
  0x000000000224f000 JavaThread "main" [_thread_blocked, id=10776, stack(0x0000000002650000,0x0000000002750000)]

Other Threads:
  0x000000005522b000 VMThread [stack: 0x00000000563b0000,0x00000000564b0000] [id=5504]
  0x0000000056cf4800 WatcherThread [stack: 0x00000000574f0000,0x00000000575f0000] [id=2040]

VM state:not at safepoint (normal execution)

VM Mutex/Monitor currently owned by a thread: None

Heap:
 PSYoungGen      total 36864K, used 12620K [0x00000000eab00000, 0x00000000ef300000, 0x0000000100000000)
  eden space 31744K, 23% used [0x00000000eab00000,0x00000000eb25a3c0,0x00000000eca00000)
  from space 5120K, 99% used [0x00000000eca00000,0x00000000ecef8f30,0x00000000ecf00000)
  to   space 5120K, 0% used [0x00000000eee00000,0x00000000eee00000,0x00000000ef300000)
 ParOldGen       total 84992K, used 2713K [0x00000000c0000000, 0x00000000c5300000, 0x00000000eab00000)
  object space 84992K, 3% used [0x00000000c0000000,0x00000000c02a6720,0x00000000c5300000)
 Metaspace       used 5791K, capacity 6772K, committed 7040K, reserved 1056768K
  class space    used 599K, capacity 620K, committed 640K, reserved 1048576K

Card table byte_map: [0x0000000011de0000,0x0000000011ff0000] byte_map_base: 0x00000000117e0000

Marking Bits: (ParMarkBitMap*) 0x000000006540a6d0
 Begin Bits: [0x00000000126a0000, 0x00000000136a0000)
 End Bits:   [0x00000000136a0000, 0x00000000146a0000)

Polling page: 0x0000000000430000

CodeCache: size=245760Kb used=2886Kb max_used=2899Kb free=242873Kb
 bounds [0x0000000002a20000, 0x0000000002d00000, 0x0000000011a20000]
 total_blobs=1142 nmethods=873 adapters=182
 compilation: enabled

Compilation events (10 events):
Event: 1.722 Thread 0x0000000056c80800 nmethod 908 0x0000000002ced950 code [0x0000000002ceda80, 0x0000000002cedaf8]
Event: 1.722 Thread 0x0000000056c80800  669       4       com.android.dx.util.Bits::set (38 bytes)
Event: 1.723 Thread 0x0000000056c80800 nmethod 669 0x0000000002ced690 code [0x0000000002ced7c0, 0x0000000002ced878]
Event: 1.723 Thread 0x0000000056c80800  715       4       com.android.dx.util.BitIntSet::add (15 bytes)
Event: 1.727 Thread 0x0000000056c80800 nmethod 715 0x0000000002cf6310 code [0x0000000002cf6460, 0x0000000002cf6698]
Event: 1.727 Thread 0x0000000056c80800  842       4       com.android.dx.rop.code.RegisterSpec::intersect (169 bytes)
Event: 1.730 Thread 0x0000000056c80800 nmethod 842 0x0000000002cf5d90 code [0x0000000002cf5f00, 0x0000000002cf6120]
Event: 1.730 Thread 0x0000000056c80800  895       4       com.android.dx.util.BitIntSet$1::hasNext (13 bytes)
Event: 1.730 Thread 0x0000000056c80800 nmethod 895 0x0000000002c98a90 code [0x0000000002c98bc0, 0x0000000002c98c18]
Event: 1.730 Thread 0x0000000056c80800  886       4       com.android.dx.ssa.Dominators::eval (29 bytes)

GC Heap History (2 events):
Event: 1.495 GC heap before
{Heap before GC invocations=1 (full 0):
 PSYoungGen      total 36864K, used 31744K [0x00000000eab00000, 0x00000000ed400000, 0x0000000100000000)
  eden space 31744K, 100% used [0x00000000eab00000,0x00000000eca00000,0x00000000eca00000)
  from space 5120K, 0% used [0x00000000ecf00000,0x00000000ecf00000,0x00000000ed400000)
  to   space 5120K, 0% used [0x00000000eca00000,0x00000000eca00000,0x00000000ecf00000)
 ParOldGen       total 84992K, used 0K [0x00000000c0000000, 0x00000000c5300000, 0x00000000eab00000)
  object space 84992K, 0% used [0x00000000c0000000,0x00000000c0000000,0x00000000c5300000)
 Metaspace       used 5762K, capacity 6708K, committed 6784K, reserved 1056768K
  class space    used 599K, capacity 620K, committed 640K, reserved 1048576K
Event: 1.541 GC heap after
Heap after GC invocations=1 (full 0):
 PSYoungGen      total 36864K, used 5091K [0x00000000eab00000, 0x00000000ef300000, 0x0000000100000000)
  eden space 31744K, 0% used [0x00000000eab00000,0x00000000eab00000,0x00000000eca00000)
  from space 5120K, 99% used [0x00000000eca00000,0x00000000ecef8f30,0x00000000ecf00000)
  to   space 5120K, 0% used [0x00000000eee00000,0x00000000eee00000,0x00000000ef300000)
 ParOldGen       total 84992K, used 2713K [0x00000000c0000000, 0x00000000c5300000, 0x00000000eab00000)
  object space 84992K, 3% used [0x00000000c0000000,0x00000000c02a6720,0x00000000c5300000)
 Metaspace       used 5762K, capacity 6708K, committed 6784K, reserved 1056768K
  class space    used 599K, capacity 620K, committed 640K, reserved 1048576K
}

Deoptimization events (4 events):
Event: 1.407 Thread 0x0000000056e27800 Uncommon trap: reason=bimorphic action=maybe_recompile pc=0x0000000002c1cd54 method=java.util.HashMap.getNode(ILjava/lang/Object;)Ljava/util/HashMap$Node; @ 126
Event: 1.408 Thread 0x0000000056e27800 Uncommon trap: reason=bimorphic action=maybe_recompile pc=0x0000000002c1cd54 method=java.util.HashMap.getNode(ILjava/lang/Object;)Ljava/util/HashMap$Node; @ 126
Event: 1.430 Thread 0x0000000056f47000 Uncommon trap: reason=null_check action=make_not_entrant pc=0x0000000002c77e88 method=com.android.dx.ssa.SsaRenamer.getLocalForNewReg(I)Lcom/android/dx/rop/code/LocalItem; @ 19
Event: 1.430 Thread 0x0000000056f47000 Uncommon trap: reason=null_check action=make_not_entrant pc=0x0000000002c6b260 method=com.android.dx.ssa.SsaRenamer.getLocalForNewReg(I)Lcom/android/dx/rop/code/LocalItem; @ 19

Internal exceptions (4 events):
Event: 0.198 Thread 0x000000000224f000 Exception <a 'java/lang/NoSuchMethodError': Method sun.misc.Unsafe.defineClass(Ljava/lang/String;[BII)Ljava/lang/Class; name or signature does not match> (0x00000000eab07cc0) thrown at [C:\re\workspace\8-2-build-windows-amd64-cygwin\jdk8u101\7261\hotspot\sˇé¶ïi…?
Event: 0.199 Thread 0x000000000224f000 Exception <a 'java/lang/NoSuchMethodError': Method sun.misc.Unsafe.prefetchRead(Ljava/lang/Object;J)V name or signature does not match> (0x00000000eab07fa8) thrown at [C:\re\workspace\8-2-build-windows-amd64-cygwin\jdk8u101\7261\hotspot\src\share\vm\prims\ˇ‰®Åﬂˆ?
Event: 1.430 Thread 0x0000000056f47000 Implicit null exception at 0x0000000002c7671f to 0x0000000002c77e41
Event: 1.430 Thread 0x0000000056f47000 Implicit null exception at 0x0000000002c69d61 to 0x0000000002c6b241

Events (10 events):
Event: 1.430 Thread 0x0000000056f47000 Uncommon trap: trap_request=0xfffffff4 fr.pc=0x0000000002c77e88
Event: 1.430 Thread 0x0000000056f47000 DEOPT PACKING pc=0x0000000002c77e88 sp=0x0000000057cfee00
Event: 1.430 Thread 0x0000000056f47000 DEOPT UNPACKING pc=0x0000000002a6582a sp=0x0000000057cfec68 mode 2
Event: 1.430 Thread 0x0000000056f47000 Uncommon trap: trap_request=0xfffffff4 fr.pc=0x0000000002c6b260
Event: 1.430 Thread 0x0000000056f47000 DEOPT PACKING pc=0x0000000002c6b260 sp=0x0000000057cfedb0
Event: 1.430 Thread 0x0000000056f47000 DEOPT UNPACKING pc=0x0000000002a6582a sp=0x0000000057cfec68 mode 2
Event: 1.458 loading class com/android/dx/cf/code/BytecodeArray$ConstantParserVisitor
Event: 1.458 loading class com/android/dx/cf/code/BytecodeArray$ConstantParserVisitor done
Event: 1.459 Executing VM operation: ParallelGCFailedAllocation
Event: 1.541 Executing VM operation: ParallelGCFailedAllocation done


Dynamic libraries:
0x000000013fc80000 - 0x000000013fcb7000 	C:\Program Files\Java\jdk1.8.0_101\bin\java.exe
0x0000000077010000 - 0x00000000771ba000 	C:\Windows\SYSTEM32\ntdll.dll
0x0000000076df0000 - 0x0000000076f0f000 	C:\Windows\system32\kernel32.dll
0x000007fefced0000 - 0x000007fefcf3a000 	C:\Windows\system32\KERNELBASE.dll
0x000007fefd460000 - 0x000007fefd53b000 	C:\Windows\system32\ADVAPI32.dll
0x000007fefdc80000 - 0x000007fefdd1f000 	C:\Windows\system32\msvcrt.dll
0x000007fefd390000 - 0x000007fefd3af000 	C:\Windows\SYSTEM32\sechost.dll
0x000007fefd540000 - 0x000007fefd66d000 	C:\Windows\system32\RPCRT4.dll
0x0000000076f10000 - 0x000000007700a000 	C:\Windows\system32\USER32.dll
0x000007fefdf00000 - 0x000007fefdf67000 	C:\Windows\system32\GDI32.dll
0x000007feff080000 - 0x000007feff08e000 	C:\Windows\system32\LPK.dll
0x000007fefdd20000 - 0x000007fefddeb000 	C:\Windows\system32\USP10.dll
0x000007fefb1c0000 - 0x000007fefb3b4000 	C:\Windows\WinSxS\amd64_microsoft.windows.common-controls_6595b64144ccf1df_6.0.7601.18837_none_fa3b1e3d17594757\COMCTL32.dll
0x000007fefd3b0000 - 0x000007fefd421000 	C:\Windows\system32\SHLWAPI.dll
0x000007fefd430000 - 0x000007fefd45e000 	C:\Windows\system32\IMM32.DLL
0x000007fefddf0000 - 0x000007fefdef9000 	C:\Windows\system32\MSCTF.dll
0x000000006bce0000 - 0x000000006bdb2000 	C:\Program Files\Java\jdk1.8.0_101\jre\bin\msvcr100.dll
0x0000000064bf0000 - 0x000000006548a000 	C:\Program Files\Java\jdk1.8.0_101\jre\bin\server\jvm.dll
0x000007fefa280000 - 0x000007fefa289000 	C:\Windows\system32\WSOCK32.dll
0x000007fefeea0000 - 0x000007fefeeed000 	C:\Windows\system32\WS2_32.dll
0x000007feff310000 - 0x000007feff318000 	C:\Windows\system32\NSI.dll
0x000007fefa9a0000 - 0x000007fefa9db000 	C:\Windows\system32\WINMM.dll
0x000007fefbda0000 - 0x000007fefbdac000 	C:\Windows\system32\VERSION.dll
0x00000000771e0000 - 0x00000000771e7000 	C:\Windows\system32\PSAPI.DLL
0x0000000072d30000 - 0x0000000072d3f000 	C:\Program Files\Java\jdk1.8.0_101\jre\bin\verify.dll
0x000000006bcb0000 - 0x000000006bcd9000 	C:\Program Files\Java\jdk1.8.0_101\jre\bin\java.dll
0x0000000072d10000 - 0x0000000072d26000 	C:\Program Files\Java\jdk1.8.0_101\jre\bin\zip.dll
0x000007fefdf70000 - 0x000007fefecfb000 	C:\Windows\system32\SHELL32.dll
0x000007feff090000 - 0x000007feff28c000 	C:\Windows\system32\ole32.dll
0x000007fefcd00000 - 0x000007fefcd0f000 	C:\Windows\system32\profapi.dll

VM Arguments:
jvm_args: -Djava.awt.headless=true -Xmx1024M -Dfile.encoding=windows-1257 -Duser.country=US -Duser.language=en -Duser.variant 
java_command: com.android.dx.command.Main --dex --force-jumbo --num-threads=4 --multi-dex --output C:\Users\jga\AndroidStudioProjects\dbconnect BRD_ALL_V1.0.5AROneCol\app\build\intermediates\transforms\dex\debug\folders\1000\2\jtds-1.2.7_4810ef26b60c9735c6d67e09c374a43b53f2e022 C:\Users\jga\AndroidStudioProjects\dbconnect BRD_ALL_V1.0.5AROneCol\app\src\main\java\libs\jtds-1.2.7.jar
java_class_path (initial): C:\Users\jga\AppData\Local\Android\sdk\build-tools\24.0.2\lib\dx.jar
Launcher Type: SUN_STANDARD

Environment Variables:
PATH=C:\ProgramData\Oracle\Java\javapath;C:\Program Files\Pico Technology\SDK\lib\;C:\Program Files (x86)\Intel\iCLS Client\;C:\Program Files\Intel\iCLS Client\;C:\Windows\system32;C:\Windows;C:\GENIE2K\EXEFILES;C:\Windows\System32\Wbem;C:\Windows\System32\WindowsPowerShell\v1.0\;C:\Program Files\Intel\Intel(R) Management Engine Components\DAL;C:\Program Files\Intel\Intel(R) Management Engine Components\IPT;C:\Program Files (x86)\Intel\Intel(R) Management Engine Components\DAL;C:\Program Files (x86)\Intel\Intel(R) Management Engine Components\IPT;C:\Program Files\Intel\WiFi\bin\;C:\Program Files\Common Files\Intel\WirelessCommon\;C:\Program Files\Lenovo\Fingerprint Manager Pro\;C:\Program Files (x86)\Common Files\Lenovo;C:\ProgramData\Lenovo\ReadyApps;C:\Program Files (x86)\Common Files\lenovo\easyplussdk\bin;C:\Program Files (x86)\Lenovo\Access Connections\;c:\Program Files (x86)\Microsoft SQL Server\100\Tools\Binn\;c:\Program Files\Microsoft SQL Server\100\Tools\Binn\;c:\Program Files\Microsoft SQL Server\100\DTS\Binn\;C:\Program Files (x86)\Windows Kits\8.1\Windows Performance Toolkit\;C:\Program Files\Microsoft SQL Server\110\Tools\Binn\;;C:\Program Files (x86)\Bitvise SSH Client;C:\Program Files (x86)\Pico Technology\PicoScope6\;c:\Program Files (x86)\Microsoft SQL Server\90\Tools\binn\;c:\Program Files (x86)\Microsoft SQL Server\100\Tools\Binn\VSShell\Common7\IDE\;c:\Program Files (x86)\Microsoft SQL Server\100\DTS\Binn\;C:\Program Files (x86)\Skype\Phone\;C:\Program Files (x86)\Microchip\mplabc18\v3.47\mpasm;C:\Program Files (x86)\Microchip\mplabc18\v3.47\bin;C:\Program Files (x86)\Sophos\Sophos SSL VPN Client\bin
USERNAME=jga
OS=Windows_NT
PROCESSOR_IDENTIFIER=Intel64 Family 6 Model 69 Stepping 1, GenuineIntel



---------------  S Y S T E M  ---------------

OS: Windows 7 , 64 bit Build 7601 (6.1.7601.23807)

CPU:total 4 (2 cores per cpu, 2 threads per core) family 6 model 69 stepping 1, cmov, cx8, fxsr, mmx, sse, sse2, sse3, ssse3, sse4.1, sse4.2, popcnt, avx, avx2, aes, clmul, erms, lzcnt, ht, tsc, tscinvbit, bmi1, bmi2

Memory: 4k page, physical 8068928k(626236k free), swap 10442988k(7008k free)

vm_info: Java HotSpot(TM) 64-Bit Server VM (25.101-b13) for windows-amd64 JRE (1.8.0_101-b13), built on Jun 22 2016 01:21:29 by "java_re" with MS VC++ 10.0 (VS2010)

time: Thu Jul 13 14:19:35 2017
elapsed time: 1 seconds (0d 0h 0m 1s)

