#
# There is insufficient memory for the Java Runtime Environment to continue.
# Native memory allocation (malloc) failed to allocate 433376 bytes for Chunk::new
# Possible reasons:
#   The system is out of physical RAM or swap space
#   In 32 bit mode, the process size limit was hit
# Possible solutions:
#   Reduce memory load on the system
#   Increase physical memory or swap space
#   Check if swap backing store is full
#   Use 64 bit Java on a 64 bit OS
#   Decrease Java heap size (-Xmx/-Xms)
#   Decrease number of Java threads
#   Decrease Java thread stack sizes (-Xss)
#   Set larger code cache with -XX:ReservedCodeCacheSize=
# This output file may be truncated or incomplete.
#
#  Out of Memory Error (allocation.cpp:390), pid=12192, tid=0x0000000000002fb0
#
# JRE version: Java(TM) SE Runtime Environment (8.0_101-b13) (build 1.8.0_101-b13)
# Java VM: Java HotSpot(TM) 64-Bit Server VM (25.101-b13 mixed mode windows-amd64 compressed oops)
# Failed to write core dump. Minidumps are not enabled by default on client versions of Windows
#

---------------  T H R E A D  ---------------

Current thread (0x00000000553da000):  JavaThread "C2 CompilerThread1" daemon [_thread_in_native, id=12208, stack(0x0000000056f50000,0x0000000057050000)]

Stack: [0x0000000056f50000,0x0000000057050000]
[error occurred during error reporting (printing stack bounds), id 0xc0000005]

Native frames: (J=compiled Java code, j=interpreted, Vv=VM code, C=native code)


Current CompileTask:
C2:  17331 2237       4       com.android.dx.ssa.PhiTypeResolver::run (179 bytes)


---------------  P R O C E S S  ---------------

Java Threads: ( => current thread )
  0x0000000056df5800 JavaThread "pool-2-thread-4" [_thread_blocked, id=6520, stack(0x0000000057970000,0x0000000057a70000)]
  0x0000000056df2800 JavaThread "pool-2-thread-3" [_thread_blocked, id=1536, stack(0x0000000057850000,0x0000000057950000)]
  0x0000000056df2000 JavaThread "pool-2-thread-2" [_thread_blocked, id=8920, stack(0x00000000576b0000,0x00000000577b0000)]
  0x0000000056df1800 JavaThread "pool-3-thread-1" [_thread_blocked, id=8952, stack(0x0000000057470000,0x0000000057570000)]
  0x0000000056df0800 JavaThread "pool-2-thread-1" [_thread_in_Java, id=9800, stack(0x0000000057220000,0x0000000057320000)]
  0x0000000056b7f800 JavaThread "Service Thread" daemon [_thread_blocked, id=10788, stack(0x0000000057330000,0x0000000057430000)]
  0x0000000056b4b800 JavaThread "C1 CompilerThread2" daemon [_thread_blocked, id=5764, stack(0x00000000570c0000,0x00000000571c0000)]
=>0x00000000553da000 JavaThread "C2 CompilerThread1" daemon [_thread_in_native, id=12208, stack(0x0000000056f50000,0x0000000057050000)]
  0x00000000553d5000 JavaThread "C2 CompilerThread0" daemon [_thread_blocked, id=10420, stack(0x00000000569f0000,0x0000000056af0000)]
  0x00000000553d1000 JavaThread "Attach Listener" daemon [_thread_blocked, id=10368, stack(0x0000000056840000,0x0000000056940000)]
  0x00000000553de000 JavaThread "Signal Dispatcher" daemon [_thread_blocked, id=10648, stack(0x00000000561d0000,0x00000000562d0000)]
  0x00000000553b4000 JavaThread "Finalizer" daemon [_thread_blocked, id=4948, stack(0x0000000056660000,0x0000000056760000)]
  0x0000000055372800 JavaThread "Reference Handler" daemon [_thread_blocked, id=1888, stack(0x0000000056420000,0x0000000056520000)]
  0x000000000230f000 JavaThread "main" [_thread_blocked, id=3672, stack(0x0000000002520000,0x0000000002620000)]

Other Threads:
  0x000000005536b000 VMThread [stack: 0x0000000056300000,0x0000000056400000] [id=6772]
  0x0000000056b89000 WatcherThread [stack: 0x0000000056530000,0x0000000056630000] [id=1492]

VM state:not at safepoint (normal execution)

VM Mutex/Monitor currently owned by a thread: None

Heap:
 PSYoungGen      total 132096K, used 29389K [0x00000000eab00000, 0x00000000f3100000, 0x0000000100000000)
  eden space 126976K, 19% used [0x00000000eab00000,0x00000000ec2bb6b0,0x00000000f2700000)
  from space 5120K, 99% used [0x00000000f2c00000,0x00000000f30f8130,0x00000000f3100000)
  to   space 5120K, 0% used [0x00000000f2700000,0x00000000f2700000,0x00000000f2c00000)
 ParOldGen       total 84992K, used 23360K [0x00000000c0000000, 0x00000000c5300000, 0x00000000eab00000)
  object space 84992K, 27% used [0x00000000c0000000,0x00000000c16d0340,0x00000000c5300000)
 Metaspace       used 6423K, capacity 7192K, committed 7424K, reserved 1056768K
  class space    used 626K, capacity 656K, committed 768K, reserved 1048576K

Card table byte_map: [0x0000000011cb0000,0x0000000011ec0000] byte_map_base: 0x00000000116b0000

Marking Bits: (ParMarkBitMap*) 0x000000006540a6d0
 Begin Bits: [0x00000000127e0000, 0x00000000137e0000)
 End Bits:   [0x00000000137e0000, 0x00000000147e0000)

Polling page: 0x0000000000130000

CodeCache: size=245760Kb used=10946Kb max_used=10963Kb free=234813Kb
 bounds [0x00000000028f0000, 0x00000000033c0000, 0x00000000118f0000]
 total_blobs=2476 nmethods=2206 adapters=182
 compilation: enabled

Compilation events (10 events):
Event: 17.254 Thread 0x00000000553da000 nmethod 2232 0x00000000033a6550 code [0x00000000033a6840, 0x00000000033a7398]
Event: 17.255 Thread 0x00000000553d5000 2233       4       com.android.dx.dex.code.RopTranslator::pickOrder (400 bytes)
Event: 17.263 Thread 0x0000000056b4b800 2234       3       com.android.dx.rop.cst.CstLiteral32::getLongBits (6 bytes)
Event: 17.263 Thread 0x0000000056b4b800 nmethod 2234 0x0000000003385dd0 code [0x0000000003385f20, 0x0000000003386070]
Event: 17.266 Thread 0x0000000056b4b800 2235   !   3       com.android.dx.dex.file.UniformListItem::getAlignment (40 bytes)
Event: 17.267 Thread 0x0000000056b4b800 nmethod 2235 0x00000000033876d0 code [0x0000000003387880, 0x0000000003387e48]
Event: 17.269 Thread 0x00000000553da000 2236       4       com.android.dx.cf.code.BaseMachine::localInfo (6 bytes)
Event: 17.269 Thread 0x00000000553da000 nmethod 2236 0x00000000030bb850 code [0x00000000030bb980, 0x00000000030bb9d8]
Event: 17.271 Thread 0x00000000553da000 2237       4       com.android.dx.ssa.PhiTypeResolver::run (179 bytes)
Event: 17.310 Thread 0x00000000553d5000 nmethod 2233 0x00000000033addd0 code [0x00000000033ae000, 0x00000000033af6d0]

GC Heap History (8 events):
Event: 1.984 GC heap before
{Heap before GC invocations=1 (full 0):
 PSYoungGen      total 36864K, used 31744K [0x00000000eab00000, 0x00000000ed400000, 0x0000000100000000)
  eden space 31744K, 100% used [0x00000000eab00000,0x00000000eca00000,0x00000000eca00000)
  from space 5120K, 0% used [0x00000000ecf00000,0x00000000ecf00000,0x00000000ed400000)
  to   space 5120K, 0% used [0x00000000eca00000,0x00000000eca00000,0x00000000ecf00000)
 ParOldGen       total 84992K, used 0K [0x00000000c0000000, 0x00000000c5300000, 0x00000000eab00000)
  object space 84992K, 0% used [0x00000000c0000000,0x00000000c0000000,0x00000000c5300000)
 Metaspace       used 5924K, capacity 6834K, committed 7040K, reserved 1056768K
  class space    used 603K, capacity 618K, committed 640K, reserved 1048576K
Event: 2.086 GC heap after
Heap after GC invocations=1 (full 0):
 PSYoungGen      total 36864K, used 5090K [0x00000000eab00000, 0x00000000ef300000, 0x0000000100000000)
  eden space 31744K, 0% used [0x00000000eab00000,0x00000000eab00000,0x00000000eca00000)
  from space 5120K, 99% used [0x00000000eca00000,0x00000000ecef8b80,0x00000000ecf00000)
  to   space 5120K, 0% used [0x00000000eee00000,0x00000000eee00000,0x00000000ef300000)
 ParOldGen       total 84992K, used 858K [0x00000000c0000000, 0x00000000c5300000, 0x00000000eab00000)
  object space 84992K, 1% used [0x00000000c0000000,0x00000000c00d6890,0x00000000c5300000)
 Metaspace       used 5924K, capacity 6834K, committed 7040K, reserved 1056768K
  class space    used 603K, capacity 618K, committed 640K, reserved 1048576K
}
Event: 5.900 GC heap before
{Heap before GC invocations=2 (full 0):
 PSYoungGen      total 36864K, used 36834K [0x00000000eab00000, 0x00000000ef300000, 0x0000000100000000)
  eden space 31744K, 100% used [0x00000000eab00000,0x00000000eca00000,0x00000000eca00000)
  from space 5120K, 99% used [0x00000000eca00000,0x00000000ecef8b80,0x00000000ecf00000)
  to   space 5120K, 0% used [0x00000000eee00000,0x00000000eee00000,0x00000000ef300000)
 ParOldGen       total 84992K, used 858K [0x00000000c0000000, 0x00000000c5300000, 0x00000000eab00000)
  object space 84992K, 1% used [0x00000000c0000000,0x00000000c00d6890,0x00000000c5300000)
 Metaspace       used 6181K, capacity 7026K, committed 7296K, reserved 1056768K
  class space    used 604K, capacity 618K, committed 640K, reserved 1048576K
Event: 6.612 GC heap after
Heap after GC invocations=2 (full 0):
 PSYoungGen      total 68608K, used 5095K [0x00000000eab00000, 0x00000000ef300000, 0x0000000100000000)
  eden space 63488K, 0% used [0x00000000eab00000,0x00000000eab00000,0x00000000ee900000)
  from space 5120K, 99% used [0x00000000eee00000,0x00000000ef2f9ec0,0x00000000ef300000)
  to   space 5120K, 0% used [0x00000000ee900000,0x00000000ee900000,0x00000000eee00000)
 ParOldGen       total 84992K, used 4107K [0x00000000c0000000, 0x00000000c5300000, 0x00000000eab00000)
  object space 84992K, 4% used [0x00000000c0000000,0x00000000c0402c70,0x00000000c5300000)
 Metaspace       used 6181K, capacity 7026K, committed 7296K, reserved 1056768K
  class space    used 604K, capacity 618K, committed 640K, reserved 1048576K
}
Event: 12.907 GC heap before
{Heap before GC invocations=3 (full 0):
 PSYoungGen      total 68608K, used 68583K [0x00000000eab00000, 0x00000000ef300000, 0x0000000100000000)
  eden space 63488K, 100% used [0x00000000eab00000,0x00000000ee900000,0x00000000ee900000)
  from space 5120K, 99% used [0x00000000eee00000,0x00000000ef2f9ec0,0x00000000ef300000)
  to   space 5120K, 0% used [0x00000000ee900000,0x00000000ee900000,0x00000000eee00000)
 ParOldGen       total 84992K, used 4107K [0x00000000c0000000, 0x00000000c5300000, 0x00000000eab00000)
  object space 84992K, 4% used [0x00000000c0000000,0x00000000c0402c70,0x00000000c5300000)
 Metaspace       used 6292K, capacity 7090K, committed 7296K, reserved 1056768K
  class space    used 605K, capacity 618K, committed 640K, reserved 1048576K
Event: 12.965 GC heap after
Heap after GC invocations=3 (full 0):
 PSYoungGen      total 68608K, used 5095K [0x00000000eab00000, 0x00000000f3100000, 0x0000000100000000)
  eden space 63488K, 0% used [0x00000000eab00000,0x00000000eab00000,0x00000000ee900000)
  from space 5120K, 99% used [0x00000000ee900000,0x00000000eedf9cd8,0x00000000eee00000)
  to   space 5120K, 0% used [0x00000000f2c00000,0x00000000f2c00000,0x00000000f3100000)
 ParOldGen       total 84992K, used 14178K [0x00000000c0000000, 0x00000000c5300000, 0x00000000eab00000)
  object space 84992K, 16% used [0x00000000c0000000,0x00000000c0dd8b40,0x00000000c5300000)
 Metaspace       used 6292K, capacity 7090K, committed 7296K, reserved 1056768K
  class space    used 605K, capacity 618K, committed 640K, reserved 1048576K
}
Event: 15.797 GC heap before
{Heap before GC invocations=4 (full 0):
 PSYoungGen      total 68608K, used 68583K [0x00000000eab00000, 0x00000000f3100000, 0x0000000100000000)
  eden space 63488K, 100% used [0x00000000eab00000,0x00000000ee900000,0x00000000ee900000)
  from space 5120K, 99% used [0x00000000ee900000,0x00000000eedf9cd8,0x00000000eee00000)
  to   space 5120K, 0% used [0x00000000f2c00000,0x00000000f2c00000,0x00000000f3100000)
 ParOldGen       total 84992K, used 14178K [0x00000000c0000000, 0x00000000c5300000, 0x00000000eab00000)
  object space 84992K, 16% used [0x00000000c0000000,0x00000000c0dd8b40,0x00000000c5300000)
 Metaspace       used 6413K, capacity 7192K, committed 7424K, reserved 1056768K
  class space    used 626K, capacity 656K, committed 768K, reserved 1048576K
Event: 15.987 GC heap after
Heap after GC invocations=4 (full 0):
 PSYoungGen      total 132096K, used 5088K [0x00000000eab00000, 0x00000000f3100000, 0x0000000100000000)
  eden space 126976K, 0% used [0x00000000eab00000,0x00000000eab00000,0x00000000f2700000)
  from space 5120K, 99% used [0x00000000f2c00000,0x00000000f30f8130,0x00000000f3100000)
  to   space 5120K, 0% used [0x00000000f2700000,0x00000000f2700000,0x00000000f2c00000)
 ParOldGen       total 84992K, used 23360K [0x00000000c0000000, 0x00000000c5300000, 0x00000000eab00000)
  object space 84992K, 27% used [0x00000000c0000000,0x00000000c16d0340,0x00000000c5300000)
 Metaspace       used 6413K, capacity 7192K, committed 7424K, reserved 1056768K
  class space    used 626K, capacity 656K, committed 768K, reserved 1048576K
}

Deoptimization events (10 events):
Event: 15.795 Thread 0x0000000056df0800 Uncommon trap: reason=bimorphic action=maybe_recompile pc=0x0000000002f23744 method=com.android.dx.ssa.SCCP.simulatePhi(Lcom/android/dx/ssa/PhiInsn;)V @ 124
Event: 16.051 Thread 0x0000000056df0800 Uncommon trap: reason=unstable_if action=reinterpret pc=0x00000000031c7994 method=com.android.dx.cf.code.Ropper.processBlock(Lcom/android/dx/cf/code/ByteBlock;Lcom/android/dx/cf/code/Frame;[I)V @ 413
Event: 16.059 Thread 0x0000000056df0800 Uncommon trap: reason=unstable_if action=reinterpret pc=0x0000000002e47c64 method=com.android.dx.rop.code.BasicBlockList.preferredSuccessorOf(Lcom/android/dx/rop/code/BasicBlock;)Lcom/android/dx/rop/code/BasicBlock; @ 58
Event: 16.261 Thread 0x0000000056df0800 Uncommon trap: reason=bimorphic action=maybe_recompile pc=0x00000000030aa4f4 method=com.android.dx.rop.code.RegisterSpec.withSimpleType()Lcom/android/dx/rop/code/RegisterSpec; @ 21
Event: 16.265 Thread 0x0000000056df0800 Uncommon trap: reason=bimorphic action=maybe_recompile pc=0x0000000002e800a4 method=com.android.dx.ssa.LiteralOpUpgrader.tryReplacingWithConstant(Lcom/android/dx/ssa/NormalSsaInsn;)Z @ 62
Event: 16.265 Thread 0x0000000056df0800 Uncommon trap: reason=unstable_if action=reinterpret pc=0x000000000320e87c method=com.android.dx.ssa.LiteralOpUpgrader$1.visitNonMoveInsn(Lcom/android/dx/ssa/NormalSsaInsn;)V @ 24
Event: 16.266 Thread 0x0000000056df0800 Uncommon trap: reason=unstable_if action=reinterpret pc=0x0000000002d6aef8 method=java.util.HashMap.putVal(ILjava/lang/Object;Ljava/lang/Object;ZZ)Ljava/lang/Object; @ 162
Event: 16.350 Thread 0x0000000056df0800 Uncommon trap: reason=class_check action=maybe_recompile pc=0x00000000031e5770 method=com.android.dx.ssa.SCCP.replaceConstants()V @ 182
Event: 16.356 Thread 0x0000000056df0800 Uncommon trap: reason=class_check action=maybe_recompile pc=0x00000000031e5770 method=com.android.dx.ssa.SCCP.replaceConstants()V @ 182
Event: 17.268 Thread 0x0000000056df0800 Uncommon trap: reason=unstable_if action=reinterpret pc=0x000000000327f088 method=com.android.dx.cf.code.Simulator$SimVisitor.visitLocal(IIIILcom/android/dx/rop/type/Type;I)V @ 222

Internal exceptions (7 events):
Event: 0.126 Thread 0x000000000230f000 Exception <a 'java/lang/NoSuchMethodError': Method sun.misc.Unsafe.defineClass(Ljava/lang/String;[BII)Ljava/lang/Class; name or signature does not match> (0x00000000eab07cc0) thrown at [C:\re\workspace\8-2-build-windows-amd64-cygwin\jdk8u101\7261\hotspot\sÃ`-‘*¿?
Event: 0.126 Thread 0x000000000230f000 Exception <a 'java/lang/NoSuchMethodError': Method sun.misc.Unsafe.prefetchRead(Ljava/lang/Object;J)V name or signature does not match> (0x00000000eab07fa8) thrown at [C:\re\workspace\8-2-build-windows-amd64-cygwin\jdk8u101\7261\hotspot\src\share\vm\prims\(	‚O∑£@
Event: 4.910 Thread 0x0000000056df5800 Implicit null exception at 0x0000000002be8627 to 0x0000000002be9d79
Event: 15.489 Thread 0x0000000056df0800 Exception <a 'java/lang/ArrayIndexOutOfBoundsException': 18> (0x00000000ee176e48) thrown at [C:\re\workspace\8-2-build-windows-amd64-cygwin\jdk8u101\7261\hotspot\src\share\vm\interpreter\interpreterRuntime.cpp, line 366]
Event: 15.489 Thread 0x0000000056df0800 Exception <a 'java/lang/ArrayIndexOutOfBoundsException'> (0x00000000ee1789c8) thrown at [C:\re\workspace\8-2-build-windows-amd64-cygwin\jdk8u101\7261\hotspot\src\share\vm\runtime\sharedRuntime.cpp, line 605]
Event: 15.490 Thread 0x0000000056df0800 Exception <a 'java/lang/ArrayIndexOutOfBoundsException'> (0x00000000ee179cb0) thrown at [C:\re\workspace\8-2-build-windows-amd64-cygwin\jdk8u101\7261\hotspot\src\share\vm\runtime\sharedRuntime.cpp, line 605]
Event: 17.268 Thread 0x0000000056df0800 Implicit null exception at 0x000000000327d6f3 to 0x000000000327f04d

Events (10 events):
Event: 16.350 Thread 0x0000000056df0800 DEOPT PACKING pc=0x00000000031e5770 sp=0x000000005731ec80
Event: 16.350 Thread 0x0000000056df0800 DEOPT UNPACKING pc=0x000000000293582a sp=0x000000005731ebf8 mode 2
Event: 16.356 Thread 0x0000000056df0800 Uncommon trap: trap_request=0xffffffde fr.pc=0x00000000031e5770
Event: 16.356 Thread 0x0000000056df0800 DEOPT PACKING pc=0x00000000031e5770 sp=0x000000005731ebd0
Event: 16.356 Thread 0x0000000056df0800 DEOPT UNPACKING pc=0x000000000293582a sp=0x000000005731eb48 mode 2
Event: 16.444 Thread 0x0000000056df0800 DEOPT PACKING pc=0x0000000002d7e1cf sp=0x000000005731ec90
Event: 16.444 Thread 0x0000000056df0800 DEOPT UNPACKING pc=0x000000000293787f sp=0x000000005731ea08 mode 0
Event: 17.268 Thread 0x0000000056df0800 Uncommon trap: trap_request=0xffffff65 fr.pc=0x000000000327f088
Event: 17.268 Thread 0x0000000056df0800 DEOPT PACKING pc=0x000000000327f088 sp=0x000000005731e920
Event: 17.268 Thread 0x0000000056df0800 DEOPT UNPACKING pc=0x000000000293582a sp=0x000000005731e8d0 mode 2


Dynamic libraries:
0x000000013fc80000 - 0x000000013fcb7000 	C:\Program Files\Java\jdk1.8.0_101\bin\java.exe
0x0000000077010000 - 0x00000000771ba000 	C:\Windows\SYSTEM32\ntdll.dll
0x0000000076df0000 - 0x0000000076f0f000 	C:\Windows\system32\kernel32.dll
0x000007fefced0000 - 0x000007fefcf3a000 	C:\Windows\system32\KERNELBASE.dll
0x000007fefd460000 - 0x000007fefd53b000 	C:\Windows\system32\ADVAPI32.dll
0x000007fefdc80000 - 0x000007fefdd1f000 	C:\Windows\system32\msvcrt.dll
0x000007fefd390000 - 0x000007fefd3af000 	C:\Windows\SYSTEM32\sechost.dll
0x000007fefd540000 - 0x000007fefd66d000 	C:\Windows\system32\RPCRT4.dll
0x0000000076f10000 - 0x000000007700a000 	C:\Windows\system32\USER32.dll
0x000007fefdf00000 - 0x000007fefdf67000 	C:\Windows\system32\GDI32.dll
0x000007feff080000 - 0x000007feff08e000 	C:\Windows\system32\LPK.dll
0x000007fefdd20000 - 0x000007fefddeb000 	C:\Windows\system32\USP10.dll
0x000007fefb1c0000 - 0x000007fefb3b4000 	C:\Windows\WinSxS\amd64_microsoft.windows.common-controls_6595b64144ccf1df_6.0.7601.18837_none_fa3b1e3d17594757\COMCTL32.dll
0x000007fefd3b0000 - 0x000007fefd421000 	C:\Windows\system32\SHLWAPI.dll
0x000007fefd430000 - 0x000007fefd45e000 	C:\Windows\system32\IMM32.DLL
0x000007fefddf0000 - 0x000007fefdef9000 	C:\Windows\system32\MSCTF.dll
0x000000006bce0000 - 0x000000006bdb2000 	C:\Program Files\Java\jdk1.8.0_101\jre\bin\msvcr100.dll
0x0000000064bf0000 - 0x000000006548a000 	C:\Program Files\Java\jdk1.8.0_101\jre\bin\server\jvm.dll
0x000007fefa280000 - 0x000007fefa289000 	C:\Windows\system32\WSOCK32.dll
0x000007fefeea0000 - 0x000007fefeeed000 	C:\Windows\system32\WS2_32.dll
0x000007feff310000 - 0x000007feff318000 	C:\Windows\system32\NSI.dll
0x000007fefa9a0000 - 0x000007fefa9db000 	C:\Windows\system32\WINMM.dll
0x000007fefbda0000 - 0x000007fefbdac000 	C:\Windows\system32\VERSION.dll
0x00000000771e0000 - 0x00000000771e7000 	C:\Windows\system32\PSAPI.DLL
0x0000000072d30000 - 0x0000000072d3f000 	C:\Program Files\Java\jdk1.8.0_101\jre\bin\verify.dll
0x000000006bcb0000 - 0x000000006bcd9000 	C:\Program Files\Java\jdk1.8.0_101\jre\bin\java.dll
0x0000000072d10000 - 0x0000000072d26000 	C:\Program Files\Java\jdk1.8.0_101\jre\bin\zip.dll
0x000007fefdf70000 - 0x000007fefecfb000 	C:\Windows\system32\SHELL32.dll
0x000007feff090000 - 0x000007feff28c000 	C:\Windows\system32\ole32.dll
0x000007fefcd00000 - 0x000007fefcd0f000 	C:\Windows\system32\profapi.dll

VM Arguments:
jvm_args: -Djava.awt.headless=true -Xmx1024M -Dfile.encoding=windows-1257 -Duser.country=US -Duser.language=en -Duser.variant 
java_command: com.android.dx.command.Main --dex --force-jumbo --num-threads=4 --multi-dex --output C:\Users\jga\AndroidStudioProjects\dbconnect BRD_ALL_V1.0.5AROneCol\app\build\intermediates\transforms\dex\debug\folders\1000\10\com.android.support-appcompat-v7-24.2.0_3baa295a9ed4aa0c980e7593a6a79d007d469cf3 C:\Users\jga\AndroidStudioProjects\dbconnect BRD_ALL_V1.0.5AROneCol\app\build\intermediates\exploded-aar\com.android.support\appcompat-v7\24.2.0\jars\classes.jar
java_class_path (initial): C:\Users\jga\AppData\Local\Android\sdk\build-tools\24.0.2\lib\dx.jar
Launcher Type: SUN_STANDARD

Environment Variables:
PATH=C:\ProgramData\Oracle\Java\javapath;C:\Program Files\Pico Technology\SDK\lib\;C:\Program Files (x86)\Intel\iCLS Client\;C:\Program Files\Intel\iCLS Client\;C:\Windows\system32;C:\Windows;C:\GENIE2K\EXEFILES;C:\Windows\System32\Wbem;C:\Windows\System32\WindowsPowerShell\v1.0\;C:\Program Files\Intel\Intel(R) Management Engine Components\DAL;C:\Program Files\Intel\Intel(R) Management Engine Components\IPT;C:\Program Files (x86)\Intel\Intel(R) Management Engine Components\DAL;C:\Program Files (x86)\Intel\Intel(R) Management Engine Components\IPT;C:\Program Files\Intel\WiFi\bin\;C:\Program Files\Common Files\Intel\WirelessCommon\;C:\Program Files\Lenovo\Fingerprint Manager Pro\;C:\Program Files (x86)\Common Files\Lenovo;C:\ProgramData\Lenovo\ReadyApps;C:\Program Files (x86)\Common Files\lenovo\easyplussdk\bin;C:\Program Files (x86)\Lenovo\Access Connections\;c:\Program Files (x86)\Microsoft SQL Server\100\Tools\Binn\;c:\Program Files\Microsoft SQL Server\100\Tools\Binn\;c:\Program Files\Microsoft SQL Server\100\DTS\Binn\;C:\Program Files (x86)\Windows Kits\8.1\Windows Performance Toolkit\;C:\Program Files\Microsoft SQL Server\110\Tools\Binn\;;C:\Program Files (x86)\Bitvise SSH Client;C:\Program Files (x86)\Pico Technology\PicoScope6\;c:\Program Files (x86)\Microsoft SQL Server\90\Tools\binn\;c:\Program Files (x86)\Microsoft SQL Server\100\Tools\Binn\VSShell\Common7\IDE\;c:\Program Files (x86)\Microsoft SQL Server\100\DTS\Binn\;C:\Program Files (x86)\Skype\Phone\;C:\Program Files (x86)\Microchip\mplabc18\v3.47\mpasm;C:\Program Files (x86)\Microchip\mplabc18\v3.47\bin;C:\Program Files (x86)\Sophos\Sophos SSL VPN Client\bin
USERNAME=jga
OS=Windows_NT
PROCESSOR_IDENTIFIER=Intel64 Family 6 Model 69 Stepping 1, GenuineIntel



---------------  S Y S T E M  ---------------

OS: Windows 7 , 64 bit Build 7601 (6.1.7601.23807)

CPU:total 4 (2 cores per cpu, 2 threads per core) family 6 model 69 stepping 1, cmov, cx8, fxsr, mmx, sse, sse2, sse3, ssse3, sse4.1, sse4.2, popcnt, avx, avx2, aes, clmul, erms, lzcnt, ht, tsc, tscinvbit, bmi1, bmi2

Memory: 4k page, physical 8068928k(626144k free), swap 10442988k(6996k free)

vm_info: Java HotSpot(TM) 64-Bit Server VM (25.101-b13) for windows-amd64 JRE (1.8.0_101-b13), built on Jun 22 2016 01:21:29 by "java_re" with MS VC++ 10.0 (VS2010)

time: Thu Jul 13 14:19:35 2017
elapsed time: 17 seconds (0d 0h 0m 17s)

