#
# There is insufficient memory for the Java Runtime Environment to continue.
# Native memory allocation (malloc) failed to allocate 167056 bytes for Chunk::new
# Possible reasons:
#   The system is out of physical RAM or swap space
#   In 32 bit mode, the process size limit was hit
# Possible solutions:
#   Reduce memory load on the system
#   Increase physical memory or swap space
#   Check if swap backing store is full
#   Use 64 bit Java on a 64 bit OS
#   Decrease Java heap size (-Xmx/-Xms)
#   Decrease number of Java threads
#   Decrease Java thread stack sizes (-Xss)
#   Set larger code cache with -XX:ReservedCodeCacheSize=
# This output file may be truncated or incomplete.
#
#  Out of Memory Error (allocation.cpp:390), pid=10416, tid=0x0000000000002a18
#
# JRE version: Java(TM) SE Runtime Environment (8.0_101-b13) (build 1.8.0_101-b13)
# Java VM: Java HotSpot(TM) 64-Bit Server VM (25.101-b13 mixed mode windows-amd64 compressed oops)
# Failed to write core dump. Minidumps are not enabled by default on client versions of Windows
#

---------------  T H R E A D  ---------------

Current thread (0x0000000056474000):  JavaThread "C2 CompilerThread0" daemon [_thread_in_native, id=10776, stack(0x0000000056dc0000,0x0000000056ec0000)]

Stack: [0x0000000056dc0000,0x0000000056ec0000]
[error occurred during error reporting (printing stack bounds), id 0xc0000005]

Native frames: (J=compiled Java code, j=interpreted, Vv=VM code, C=native code)


Current CompileTask:
C2:   3118 1244 %     4       com.android.dx.ssa.SsaMethod::deleteInsns @ 8 (239 bytes)


---------------  P R O C E S S  ---------------

Java Threads: ( => current thread )
  0x000000005670d800 JavaThread "pool-2-thread-4" [_thread_in_Java, id=9320, stack(0x0000000057af0000,0x0000000057bf0000)]
  0x000000005670c000 JavaThread "pool-2-thread-3" [_thread_in_Java, id=1364, stack(0x00000000578f0000,0x00000000579f0000)]
  0x0000000056708800 JavaThread "pool-2-thread-2" [_thread_in_Java, id=6044, stack(0x00000000576f0000,0x00000000577f0000)]
  0x00000000565c4000 JavaThread "pool-3-thread-1" [_thread_blocked, id=11020, stack(0x0000000056c70000,0x0000000056d70000)]
  0x00000000565c3800 JavaThread "pool-2-thread-1" [_thread_in_Java, id=4788, stack(0x0000000057470000,0x0000000057570000)]
  0x00000000564f4000 JavaThread "Service Thread" daemon [_thread_blocked, id=11428, stack(0x00000000570f0000,0x00000000571f0000)]
  0x000000005647a000 JavaThread "C1 CompilerThread2" daemon [_thread_blocked, id=10812, stack(0x0000000056f70000,0x0000000057070000)]
  0x0000000056479000 JavaThread "C2 CompilerThread1" daemon [_thread_in_native, id=11204, stack(0x0000000056a40000,0x0000000056b40000)]
=>0x0000000056474000 JavaThread "C2 CompilerThread0" daemon [_thread_in_native, id=10776, stack(0x0000000056dc0000,0x0000000056ec0000)]
  0x0000000056470800 JavaThread "Attach Listener" daemon [_thread_blocked, id=5924, stack(0x0000000056b60000,0x0000000056c60000)]
  0x00000000550b3800 JavaThread "Signal Dispatcher" daemon [_thread_blocked, id=11008, stack(0x0000000056930000,0x0000000056a30000)]
  0x0000000055094000 JavaThread "Finalizer" daemon [_thread_blocked, id=11036, stack(0x00000000562b0000,0x00000000563b0000)]
  0x0000000055052800 JavaThread "Reference Handler" daemon [_thread_blocked, id=12144, stack(0x0000000056120000,0x0000000056220000)]
  0x000000000229f000 JavaThread "main" [_thread_blocked, id=12112, stack(0x0000000002520000,0x0000000002620000)]

Other Threads:
  0x000000005504b000 VMThread [stack: 0x0000000056000000,0x0000000056100000] [id=11632]
  0x0000000056506000 WatcherThread [stack: 0x0000000057280000,0x0000000057380000] [id=4224]

VM state:not at safepoint (normal execution)

VM Mutex/Monitor currently owned by a thread: None

Heap:
 PSYoungGen      total 68608K, used 38277K [0x00000000eab00000, 0x00000000ef300000, 0x0000000100000000)
  eden space 63488K, 52% used [0x00000000eab00000,0x00000000ecb67d18,0x00000000ee900000)
  from space 5120K, 99% used [0x00000000eee00000,0x00000000ef2f9a48,0x00000000ef300000)
  to   space 5120K, 0% used [0x00000000ee900000,0x00000000ee900000,0x00000000eee00000)
 ParOldGen       total 84992K, used 15667K [0x00000000c0000000, 0x00000000c5300000, 0x00000000eab00000)
  object space 84992K, 18% used [0x00000000c0000000,0x00000000c0f4cf40,0x00000000c5300000)
 Metaspace       used 5806K, capacity 6896K, committed 7040K, reserved 1056768K
  class space    used 587K, capacity 616K, committed 640K, reserved 1048576K

Card table byte_map: [0x0000000011cb0000,0x0000000011ec0000] byte_map_base: 0x00000000116b0000

Marking Bits: (ParMarkBitMap*) 0x000000006540a6d0
 Begin Bits: [0x00000000124c0000, 0x00000000134c0000)
 End Bits:   [0x00000000134c0000, 0x00000000144c0000)

Polling page: 0x0000000000430000

CodeCache: size=245760Kb used=5260Kb max_used=5260Kb free=240499Kb
 bounds [0x00000000028f0000, 0x0000000002e20000, 0x00000000118f0000]
 total_blobs=1516 nmethods=1254 adapters=175
 compilation: enabled

Compilation events (10 events):
Event: 3.102 Thread 0x000000005647a000 1286       1       com.android.dx.dex.file.DexFile::getMethodIds (5 bytes)
Event: 3.102 Thread 0x000000005647a000 nmethod 1286 0x0000000002e0de10 code [0x0000000002e0df60, 0x0000000002e0e070]
Event: 3.102 Thread 0x000000005647a000 1287       2       java.io.File::isInvalid (47 bytes)
Event: 3.103 Thread 0x000000005647a000 nmethod 1287 0x0000000002e0d9d0 code [0x0000000002e0db40, 0x0000000002e0dd48]
Event: 3.104 Thread 0x000000005647a000 1288   !   2       com.android.dx.cf.direct.AttributeFactory::parse (248 bytes)
Event: 3.106 Thread 0x000000005647a000 nmethod 1288 0x0000000002e15510 code [0x0000000002e15920, 0x0000000002e17228]
Event: 3.111 Thread 0x000000005647a000 1289       2       com.android.dx.cf.iface.StdMember::<init> (69 bytes)
Event: 3.111 Thread 0x000000005647a000 nmethod 1289 0x0000000002e0d2d0 code [0x0000000002e0d460, 0x0000000002e0d7e8]
Event: 3.113 Thread 0x000000005647a000 1290       2       com.android.dx.rop.type.Prototype::makeParameterArray (131 bytes)
Event: 3.114 Thread 0x000000005647a000 nmethod 1290 0x0000000002e10610 code [0x0000000002e107e0, 0x0000000002e10dd8]

GC Heap History (4 events):
Event: 1.357 GC heap before
{Heap before GC invocations=1 (full 0):
 PSYoungGen      total 36864K, used 31744K [0x00000000eab00000, 0x00000000ed400000, 0x0000000100000000)
  eden space 31744K, 100% used [0x00000000eab00000,0x00000000eca00000,0x00000000eca00000)
  from space 5120K, 0% used [0x00000000ecf00000,0x00000000ecf00000,0x00000000ed400000)
  to   space 5120K, 0% used [0x00000000eca00000,0x00000000eca00000,0x00000000ecf00000)
 ParOldGen       total 84992K, used 0K [0x00000000c0000000, 0x00000000c5300000, 0x00000000eab00000)
  object space 84992K, 0% used [0x00000000c0000000,0x00000000c0000000,0x00000000c5300000)
 Metaspace       used 5621K, capacity 6768K, committed 7040K, reserved 1056768K
  class space    used 578K, capacity 616K, committed 640K, reserved 1048576K
Event: 1.578 GC heap after
Heap after GC invocations=1 (full 0):
 PSYoungGen      total 36864K, used 5101K [0x00000000eab00000, 0x00000000ef300000, 0x0000000100000000)
  eden space 31744K, 0% used [0x00000000eab00000,0x00000000eab00000,0x00000000eca00000)
  from space 5120K, 99% used [0x00000000eca00000,0x00000000ecefb588,0x00000000ecf00000)
  to   space 5120K, 0% used [0x00000000eee00000,0x00000000eee00000,0x00000000ef300000)
 ParOldGen       total 84992K, used 4714K [0x00000000c0000000, 0x00000000c5300000, 0x00000000eab00000)
  object space 84992K, 5% used [0x00000000c0000000,0x00000000c049a988,0x00000000c5300000)
 Metaspace       used 5621K, capacity 6768K, committed 7040K, reserved 1056768K
  class space    used 578K, capacity 616K, committed 640K, reserved 1048576K
}
Event: 2.159 GC heap before
{Heap before GC invocations=2 (full 0):
 PSYoungGen      total 36864K, used 36845K [0x00000000eab00000, 0x00000000ef300000, 0x0000000100000000)
  eden space 31744K, 100% used [0x00000000eab00000,0x00000000eca00000,0x00000000eca00000)
  from space 5120K, 99% used [0x00000000eca00000,0x00000000ecefb588,0x00000000ecf00000)
  to   space 5120K, 0% used [0x00000000eee00000,0x00000000eee00000,0x00000000ef300000)
 ParOldGen       total 84992K, used 4714K [0x00000000c0000000, 0x00000000c5300000, 0x00000000eab00000)
  object space 84992K, 5% used [0x00000000c0000000,0x00000000c049a988,0x00000000c5300000)
 Metaspace       used 5690K, capacity 6832K, committed 7040K, reserved 1056768K
  class space    used 583K, capacity 616K, committed 640K, reserved 1048576K
Event: 2.551 GC heap after
Heap after GC invocations=2 (full 0):
 PSYoungGen      total 68608K, used 5094K [0x00000000eab00000, 0x00000000ef300000, 0x0000000100000000)
  eden space 63488K, 0% used [0x00000000eab00000,0x00000000eab00000,0x00000000ee900000)
  from space 5120K, 99% used [0x00000000eee00000,0x00000000ef2f9a48,0x00000000ef300000)
  to   space 5120K, 0% used [0x00000000ee900000,0x00000000ee900000,0x00000000eee00000)
 ParOldGen       total 84992K, used 15667K [0x00000000c0000000, 0x00000000c5300000, 0x00000000eab00000)
  object space 84992K, 18% used [0x00000000c0000000,0x00000000c0f4cf40,0x00000000c5300000)
 Metaspace       used 5690K, capacity 6832K, committed 7040K, reserved 1056768K
  class space    used 583K, capacity 616K, committed 640K, reserved 1048576K
}

Deoptimization events (10 events):
Event: 2.554 Thread 0x000000005670d800 Uncommon trap: reason=unstable_if action=reinterpret pc=0x0000000002ca812c method=com.android.dx.rop.code.RegisterSpec.withReg(I)Lcom/android/dx/rop/code/RegisterSpec; @ 5
Event: 2.569 Thread 0x000000005670d800 Uncommon trap: reason=unstable_if action=reinterpret pc=0x0000000002d66208 method=com.android.dx.rop.code.RegisterSpecSet.put(Lcom/android/dx/rop/code/RegisterSpec;)V @ 77
Event: 2.569 Thread 0x000000005670d800 Uncommon trap: reason=unstable_if action=reinterpret pc=0x0000000002c986f0 method=com.android.dx.rop.code.RegisterSpecSet.put(Lcom/android/dx/rop/code/RegisterSpec;)V @ 77
Event: 2.735 Thread 0x00000000565c3800 Uncommon trap: reason=unstable_if action=reinterpret pc=0x0000000002d57fec method=com.android.dx.util.IntList.binarysearch(I)I @ 16
Event: 2.740 Thread 0x00000000565c3800 Uncommon trap: reason=unstable_if action=reinterpret pc=0x0000000002d571fc method=com.android.dx.util.LabeledList.set(ILcom/android/dx/util/LabeledItem;)V @ 16
Event: 2.740 Thread 0x00000000565c3800 Uncommon trap: reason=unstable_if action=reinterpret pc=0x0000000002cb4ca0 method=com.android.dx.util.LabeledList.set(ILcom/android/dx/util/LabeledItem;)V @ 16
Event: 2.885 Thread 0x000000000229f000 Uncommon trap: reason=class_check action=maybe_recompile pc=0x0000000002c1fc64 method=com.android.dx.ssa.NormalSsaInsn.accept(Lcom/android/dx/ssa/SsaInsn$Visitor;)V @ 9
Event: 2.885 Thread 0x000000000229f000 Uncommon trap: reason=class_check action=maybe_recompile pc=0x0000000002c1fc64 method=com.android.dx.ssa.NormalSsaInsn.accept(Lcom/android/dx/ssa/SsaInsn$Visitor;)V @ 9
Event: 2.886 Thread 0x000000000229f000 Uncommon trap: reason=class_check action=maybe_recompile pc=0x0000000002c1fc64 method=com.android.dx.ssa.NormalSsaInsn.accept(Lcom/android/dx/ssa/SsaInsn$Visitor;)V @ 9
Event: 2.886 Thread 0x000000000229f000 Uncommon trap: reason=class_check action=maybe_recompile pc=0x0000000002c1fc64 method=com.android.dx.ssa.NormalSsaInsn.accept(Lcom/android/dx/ssa/SsaInsn$Visitor;)V @ 9

Internal exceptions (2 events):
Event: 0.050 Thread 0x000000000229f000 Exception <a 'java/lang/NoSuchMethodError': Method sun.misc.Unsafe.defineClass(Ljava/lang/String;[BII)Ljava/lang/Class; name or signature does not match> (0x00000000eab07cc0) thrown at [C:\re\workspace\8-2-build-windows-amd64-cygwin\jdk8u101\7261\hotspot\s©?
Event: 0.050 Thread 0x000000000229f000 Exception <a 'java/lang/NoSuchMethodError': Method sun.misc.Unsafe.prefetchRead(Ljava/lang/Object;J)V name or signature does not match> (0x00000000eab07fa8) thrown at [C:\re\workspace\8-2-build-windows-amd64-cygwin\jdk8u101\7261\hotspot\src\share\vm\prims\

Events (10 events):
Event: 3.107 loading class com/android/dx/cf/direct/AnnotationParser
Event: 3.107 loading class com/android/dx/cf/direct/AnnotationParser done
Event: 3.108 loading class com/android/dx/cf/attrib/AttRuntimeInvisibleAnnotations
Event: 3.108 loading class com/android/dx/cf/attrib/AttRuntimeInvisibleAnnotations done
Event: 3.108 loading class com/android/dx/cf/attrib/BaseAnnotations
Event: 3.108 loading class com/android/dx/cf/attrib/BaseAnnotations done
Event: 3.114 loading class java/util/HashMap$KeySet
Event: 3.114 loading class java/util/HashMap$KeySet done
Event: 3.114 loading class java/util/HashMap$KeyIterator
Event: 3.114 loading class java/util/HashMap$KeyIterator done


Dynamic libraries:
0x000000013fc80000 - 0x000000013fcb7000 	C:\Program Files\Java\jdk1.8.0_101\bin\java.exe
0x0000000077010000 - 0x00000000771ba000 	C:\Windows\SYSTEM32\ntdll.dll
0x0000000076df0000 - 0x0000000076f0f000 	C:\Windows\system32\kernel32.dll
0x000007fefced0000 - 0x000007fefcf3a000 	C:\Windows\system32\KERNELBASE.dll
0x000007fefd460000 - 0x000007fefd53b000 	C:\Windows\system32\ADVAPI32.dll
0x000007fefdc80000 - 0x000007fefdd1f000 	C:\Windows\system32\msvcrt.dll
0x000007fefd390000 - 0x000007fefd3af000 	C:\Windows\SYSTEM32\sechost.dll
0x000007fefd540000 - 0x000007fefd66d000 	C:\Windows\system32\RPCRT4.dll
0x0000000076f10000 - 0x000000007700a000 	C:\Windows\system32\USER32.dll
0x000007fefdf00000 - 0x000007fefdf67000 	C:\Windows\system32\GDI32.dll
0x000007feff080000 - 0x000007feff08e000 	C:\Windows\system32\LPK.dll
0x000007fefdd20000 - 0x000007fefddeb000 	C:\Windows\system32\USP10.dll
0x000007fefb1c0000 - 0x000007fefb3b4000 	C:\Windows\WinSxS\amd64_microsoft.windows.common-controls_6595b64144ccf1df_6.0.7601.18837_none_fa3b1e3d17594757\COMCTL32.dll
0x000007fefd3b0000 - 0x000007fefd421000 	C:\Windows\system32\SHLWAPI.dll
0x000007fefd430000 - 0x000007fefd45e000 	C:\Windows\system32\IMM32.DLL
0x000007fefddf0000 - 0x000007fefdef9000 	C:\Windows\system32\MSCTF.dll
0x000000006bce0000 - 0x000000006bdb2000 	C:\Program Files\Java\jdk1.8.0_101\jre\bin\msvcr100.dll
0x0000000064bf0000 - 0x000000006548a000 	C:\Program Files\Java\jdk1.8.0_101\jre\bin\server\jvm.dll
0x000007fefa280000 - 0x000007fefa289000 	C:\Windows\system32\WSOCK32.dll
0x000007fefeea0000 - 0x000007fefeeed000 	C:\Windows\system32\WS2_32.dll
0x000007feff310000 - 0x000007feff318000 	C:\Windows\system32\NSI.dll
0x000007fefa9a0000 - 0x000007fefa9db000 	C:\Windows\system32\WINMM.dll
0x000007fefbda0000 - 0x000007fefbdac000 	C:\Windows\system32\VERSION.dll
0x00000000771e0000 - 0x00000000771e7000 	C:\Windows\system32\PSAPI.DLL
0x0000000072d30000 - 0x0000000072d3f000 	C:\Program Files\Java\jdk1.8.0_101\jre\bin\verify.dll
0x000000006bcb0000 - 0x000000006bcd9000 	C:\Program Files\Java\jdk1.8.0_101\jre\bin\java.dll
0x0000000072d10000 - 0x0000000072d26000 	C:\Program Files\Java\jdk1.8.0_101\jre\bin\zip.dll
0x000007fefdf70000 - 0x000007fefecfb000 	C:\Windows\system32\SHELL32.dll
0x000007feff090000 - 0x000007feff28c000 	C:\Windows\system32\ole32.dll
0x000007fefcd00000 - 0x000007fefcd0f000 	C:\Windows\system32\profapi.dll

VM Arguments:
jvm_args: -Djava.awt.headless=true -Xmx1024M -Dfile.encoding=windows-1257 -Duser.country=US -Duser.language=en -Duser.variant 
java_command: com.android.dx.command.Main --dex --force-jumbo --num-threads=4 --multi-dex --output C:\Users\jga\AndroidStudioProjects\dbconnect BRD_ALL_V1.0.5AROneCol\app\build\intermediates\transforms\dex\debug\folders\1000\5\slice_4 C:\Users\jga\AndroidStudioProjects\dbconnect BRD_ALL_V1.0.5AROneCol\app\build\intermediates\transforms\instantRunSlicer\debug\folders\1\5\slice_4
java_class_path (initial): C:\Users\jga\AppData\Local\Android\sdk\build-tools\24.0.2\lib\dx.jar
Launcher Type: SUN_STANDARD

Environment Variables:
PATH=C:\ProgramData\Oracle\Java\javapath;C:\Program Files\Pico Technology\SDK\lib\;C:\Program Files (x86)\Intel\iCLS Client\;C:\Program Files\Intel\iCLS Client\;C:\Windows\system32;C:\Windows;C:\GENIE2K\EXEFILES;C:\Windows\System32\Wbem;C:\Windows\System32\WindowsPowerShell\v1.0\;C:\Program Files\Intel\Intel(R) Management Engine Components\DAL;C:\Program Files\Intel\Intel(R) Management Engine Components\IPT;C:\Program Files (x86)\Intel\Intel(R) Management Engine Components\DAL;C:\Program Files (x86)\Intel\Intel(R) Management Engine Components\IPT;C:\Program Files\Intel\WiFi\bin\;C:\Program Files\Common Files\Intel\WirelessCommon\;C:\Program Files\Lenovo\Fingerprint Manager Pro\;C:\Program Files (x86)\Common Files\Lenovo;C:\ProgramData\Lenovo\ReadyApps;C:\Program Files (x86)\Common Files\lenovo\easyplussdk\bin;C:\Program Files (x86)\Lenovo\Access Connections\;c:\Program Files (x86)\Microsoft SQL Server\100\Tools\Binn\;c:\Program Files\Microsoft SQL Server\100\Tools\Binn\;c:\Program Files\Microsoft SQL Server\100\DTS\Binn\;C:\Program Files (x86)\Windows Kits\8.1\Windows Performance Toolkit\;C:\Program Files\Microsoft SQL Server\110\Tools\Binn\;;C:\Program Files (x86)\Bitvise SSH Client;C:\Program Files (x86)\Pico Technology\PicoScope6\;c:\Program Files (x86)\Microsoft SQL Server\90\Tools\binn\;c:\Program Files (x86)\Microsoft SQL Server\100\Tools\Binn\VSShell\Common7\IDE\;c:\Program Files (x86)\Microsoft SQL Server\100\DTS\Binn\;C:\Program Files (x86)\Skype\Phone\;C:\Program Files (x86)\Microchip\mplabc18\v3.47\mpasm;C:\Program Files (x86)\Microchip\mplabc18\v3.47\bin;C:\Program Files (x86)\Sophos\Sophos SSL VPN Client\bin
USERNAME=jga
OS=Windows_NT
PROCESSOR_IDENTIFIER=Intel64 Family 6 Model 69 Stepping 1, GenuineIntel



---------------  S Y S T E M  ---------------

OS: Windows 7 , 64 bit Build 7601 (6.1.7601.23807)

CPU:total 4 (2 cores per cpu, 2 threads per core) family 6 model 69 stepping 1, cmov, cx8, fxsr, mmx, sse, sse2, sse3, ssse3, sse4.1, sse4.2, popcnt, avx, avx2, aes, clmul, erms, lzcnt, ht, tsc, tscinvbit, bmi1, bmi2

Memory: 4k page, physical 8068928k(636380k free), swap 10442988k(5208k free)

vm_info: Java HotSpot(TM) 64-Bit Server VM (25.101-b13) for windows-amd64 JRE (1.8.0_101-b13), built on Jun 22 2016 01:21:29 by "java_re" with MS VC++ 10.0 (VS2010)

time: Thu Jul 13 14:19:05 2017
elapsed time: 3 seconds (0d 0h 0m 3s)

