#
# There is insufficient memory for the Java Runtime Environment to continue.
# Native memory allocation (malloc) failed to allocate 32744 bytes for ChunkPool::allocate
# Possible reasons:
#   The system is out of physical RAM or swap space
#   In 32 bit mode, the process size limit was hit
# Possible solutions:
#   Reduce memory load on the system
#   Increase physical memory or swap space
#   Check if swap backing store is full
#   Use 64 bit Java on a 64 bit OS
#   Decrease Java heap size (-Xmx/-Xms)
#   Decrease number of Java threads
#   Decrease Java thread stack sizes (-Xss)
#   Set larger code cache with -XX:ReservedCodeCacheSize=
# This output file may be truncated or incomplete.
#
#  Out of Memory Error (allocation.cpp:273), pid=12044, tid=0x000000000000157c
#
# JRE version: Java(TM) SE Runtime Environment (8.0_101-b13) (build 1.8.0_101-b13)
# Java VM: Java HotSpot(TM) 64-Bit Server VM (25.101-b13 mixed mode windows-amd64 compressed oops)
# Failed to write core dump. Minidumps are not enabled by default on client versions of Windows
#

---------------  T H R E A D  ---------------

Current thread (0x0000000054fd8000):  JavaThread "C2 CompilerThread1" daemon [_thread_in_native, id=5500, stack(0x00000000566a0000,0x00000000567a0000)]

Stack: [0x00000000566a0000,0x00000000567a0000]
[error occurred during error reporting (printing stack bounds), id 0xc0000005]

Native frames: (J=compiled Java code, j=interpreted, Vv=VM code, C=native code)


Current CompileTask:
C2:  12273 1888       4       com.android.dx.ssa.SsaConverter::placePhiFunctions (394 bytes)


---------------  P R O C E S S  ---------------

Java Threads: ( => current thread )
  0x0000000056e7a800 JavaThread "pool-2-thread-4" [_thread_blocked, id=232, stack(0x00000000580d0000,0x00000000581d0000)]
  0x0000000056eb8000 JavaThread "pool-2-thread-3" [_thread_blocked, id=3848, stack(0x0000000057f20000,0x0000000058020000)]
  0x0000000056eb6000 JavaThread "pool-2-thread-2" [_thread_blocked, id=8884, stack(0x0000000056fd0000,0x00000000570d0000)]
  0x0000000056eb4000 JavaThread "pool-3-thread-1" [_thread_blocked, id=10872, stack(0x0000000057e10000,0x0000000057f10000)]
  0x0000000056eb3800 JavaThread "pool-2-thread-1" [_thread_blocked, id=9448, stack(0x0000000057be0000,0x0000000057ce0000)]
  0x0000000056ba8800 JavaThread "Service Thread" daemon [_thread_blocked, id=11596, stack(0x0000000057140000,0x0000000057240000)]
  0x0000000054fdd800 JavaThread "C1 CompilerThread2" daemon [_thread_blocked, id=5576, stack(0x0000000056aa0000,0x0000000056ba0000)]
=>0x0000000054fd8000 JavaThread "C2 CompilerThread1" daemon [_thread_in_native, id=5500, stack(0x00000000566a0000,0x00000000567a0000)]
  0x0000000054fd6000 JavaThread "C2 CompilerThread0" daemon [_thread_blocked, id=6384, stack(0x0000000056960000,0x0000000056a60000)]
  0x0000000054fd1800 JavaThread "Attach Listener" daemon [_thread_blocked, id=9192, stack(0x0000000056810000,0x0000000056910000)]
  0x0000000054fda000 JavaThread "Signal Dispatcher" daemon [_thread_blocked, id=6484, stack(0x0000000056570000,0x0000000056670000)]
  0x0000000054fb4000 JavaThread "Finalizer" daemon [_thread_blocked, id=4560, stack(0x0000000056430000,0x0000000056530000)]
  0x0000000054f73000 JavaThread "Reference Handler" daemon [_thread_blocked, id=9744, stack(0x0000000056270000,0x0000000056370000)]
  0x00000000004af000 JavaThread "main" [_thread_blocked, id=9700, stack(0x0000000002300000,0x0000000002400000)]

Other Threads:
  0x0000000054f6b000 VMThread [stack: 0x0000000056110000,0x0000000056210000] [id=3808]
  0x0000000056c10000 WatcherThread [stack: 0x00000000572e0000,0x00000000573e0000] [id=7344]

VM state:not at safepoint (normal execution)

VM Mutex/Monitor currently owned by a thread: None

Heap:
 PSYoungGen      total 68608K, used 26312K [0x00000000eab00000, 0x00000000ef300000, 0x0000000100000000)
  eden space 63488K, 33% used [0x00000000eab00000,0x00000000ebfb3760,0x00000000ee900000)
  from space 5120K, 99% used [0x00000000eee00000,0x00000000ef2feac8,0x00000000ef300000)
  to   space 5120K, 0% used [0x00000000ee900000,0x00000000ee900000,0x00000000eee00000)
 ParOldGen       total 84992K, used 3560K [0x00000000c0000000, 0x00000000c5300000, 0x00000000eab00000)
  object space 84992K, 4% used [0x00000000c0000000,0x00000000c037a278,0x00000000c5300000)
 Metaspace       used 6344K, capacity 7090K, committed 7296K, reserved 1056768K
  class space    used 605K, capacity 618K, committed 640K, reserved 1048576K

Card table byte_map: [0x0000000011b50000,0x0000000011d60000] byte_map_base: 0x0000000011550000

Marking Bits: (ParMarkBitMap*) 0x000000006540a6d0
 Begin Bits: [0x00000000123e0000, 0x00000000133e0000)
 End Bits:   [0x00000000133e0000, 0x00000000143e0000)

Polling page: 0x00000000001c0000

CodeCache: size=245760Kb used=8218Kb max_used=8233Kb free=237541Kb
 bounds [0x0000000002790000, 0x0000000002fb0000, 0x0000000011790000]
 total_blobs=2099 nmethods=1827 adapters=182
 compilation: enabled

Compilation events (10 events):
Event: 11.841 Thread 0x0000000054fdd800 nmethod 1883 0x0000000002f4a450 code [0x0000000002f4a5a0, 0x0000000002f4a730]
Event: 11.841 Thread 0x0000000054fdd800 1884       3       java.util.concurrent.ThreadPoolExecutor::beforeExecute (1 bytes)
Event: 11.841 Thread 0x0000000054fdd800 nmethod 1884 0x0000000002f4a150 code [0x0000000002f4a2a0, 0x0000000002f4a3f0]
Event: 12.094 Thread 0x0000000054fdd800 1885       3       com.android.dx.cf.code.LocalVariableList::pcAndIndexToLocal (51 bytes)
Event: 12.095 Thread 0x0000000054fdd800 nmethod 1885 0x0000000002f49710 code [0x0000000002f498c0, 0x0000000002f49f28]
Event: 12.095 Thread 0x0000000054fdd800 1886       3       com.android.dx.ssa.NormalSsaInsn::isMoveException (20 bytes)
Event: 12.095 Thread 0x0000000054fdd800 nmethod 1886 0x0000000002f491d0 code [0x0000000002f49340, 0x0000000002f49630]
Event: 12.095 Thread 0x0000000054fdd800 1887       3       com.android.dx.ssa.LiteralOpUpgrader::isConstIntZeroOrKnownNull (34 bytes)
Event: 12.095 Thread 0x0000000054fdd800 nmethod 1887 0x0000000002f4dc50 code [0x0000000002f4dde0, 0x0000000002f4e2e8]
Event: 12.252 Thread 0x0000000054fd8000 1888       4       com.android.dx.ssa.SsaConverter::placePhiFunctions (394 bytes)

GC Heap History (4 events):
Event: 3.477 GC heap before
{Heap before GC invocations=1 (full 0):
 PSYoungGen      total 36864K, used 31744K [0x00000000eab00000, 0x00000000ed400000, 0x0000000100000000)
  eden space 31744K, 100% used [0x00000000eab00000,0x00000000eca00000,0x00000000eca00000)
  from space 5120K, 0% used [0x00000000ecf00000,0x00000000ecf00000,0x00000000ed400000)
  to   space 5120K, 0% used [0x00000000eca00000,0x00000000eca00000,0x00000000ecf00000)
 ParOldGen       total 84992K, used 0K [0x00000000c0000000, 0x00000000c5300000, 0x00000000eab00000)
  object space 84992K, 0% used [0x00000000c0000000,0x00000000c0000000,0x00000000c5300000)
 Metaspace       used 5968K, capacity 6834K, committed 7040K, reserved 1056768K
  class space    used 605K, capacity 618K, committed 640K, reserved 1048576K
Event: 3.640 GC heap after
Heap after GC invocations=1 (full 0):
 PSYoungGen      total 36864K, used 5091K [0x00000000eab00000, 0x00000000ef300000, 0x0000000100000000)
  eden space 31744K, 0% used [0x00000000eab00000,0x00000000eab00000,0x00000000eca00000)
  from space 5120K, 99% used [0x00000000eca00000,0x00000000ecef8eb8,0x00000000ecf00000)
  to   space 5120K, 0% used [0x00000000eee00000,0x00000000eee00000,0x00000000ef300000)
 ParOldGen       total 84992K, used 306K [0x00000000c0000000, 0x00000000c5300000, 0x00000000eab00000)
  object space 84992K, 0% used [0x00000000c0000000,0x00000000c004c970,0x00000000c5300000)
 Metaspace       used 5968K, capacity 6834K, committed 7040K, reserved 1056768K
  class space    used 605K, capacity 618K, committed 640K, reserved 1048576K
}
Event: 6.468 GC heap before
{Heap before GC invocations=2 (full 0):
 PSYoungGen      total 36864K, used 36835K [0x00000000eab00000, 0x00000000ef300000, 0x0000000100000000)
  eden space 31744K, 100% used [0x00000000eab00000,0x00000000eca00000,0x00000000eca00000)
  from space 5120K, 99% used [0x00000000eca00000,0x00000000ecef8eb8,0x00000000ecf00000)
  to   space 5120K, 0% used [0x00000000eee00000,0x00000000eee00000,0x00000000ef300000)
 ParOldGen       total 84992K, used 306K [0x00000000c0000000, 0x00000000c5300000, 0x00000000eab00000)
  object space 84992K, 0% used [0x00000000c0000000,0x00000000c004c970,0x00000000c5300000)
 Metaspace       used 6255K, capacity 7090K, committed 7296K, reserved 1056768K
  class space    used 605K, capacity 618K, committed 640K, reserved 1048576K
Event: 6.520 GC heap after
Heap after GC invocations=2 (full 0):
 PSYoungGen      total 68608K, used 5114K [0x00000000eab00000, 0x00000000ef300000, 0x0000000100000000)
  eden space 63488K, 0% used [0x00000000eab00000,0x00000000eab00000,0x00000000ee900000)
  from space 5120K, 99% used [0x00000000eee00000,0x00000000ef2feac8,0x00000000ef300000)
  to   space 5120K, 0% used [0x00000000ee900000,0x00000000ee900000,0x00000000eee00000)
 ParOldGen       total 84992K, used 3560K [0x00000000c0000000, 0x00000000c5300000, 0x00000000eab00000)
  object space 84992K, 4% used [0x00000000c0000000,0x00000000c037a278,0x00000000c5300000)
 Metaspace       used 6255K, capacity 7090K, committed 7296K, reserved 1056768K
  class space    used 605K, capacity 618K, committed 640K, reserved 1048576K
}

Deoptimization events (10 events):
Event: 6.151 Thread 0x0000000056e7a800 Uncommon trap: reason=unstable_if action=reinterpret pc=0x0000000002d43a28 method=com.android.dx.ssa.SsaRenamer$BlockRenamer.visitMoveInsn(Lcom/android/dx/ssa/NormalSsaInsn;)V @ 104
Event: 6.151 Thread 0x0000000056e7a800 Uncommon trap: reason=unstable_if action=reinterpret pc=0x0000000002d30530 method=com.android.dx.ssa.SsaRenamer$BlockRenamer.process()V @ 90
Event: 6.266 Thread 0x0000000056eb6000 Uncommon trap: reason=bimorphic action=maybe_recompile pc=0x0000000002de16ec method=com.android.dx.cf.code.BytecodeArray.parseInstruction(ILcom/android/dx/cf/code/BytecodeArray$Visitor;)I @ 1130
Event: 6.266 Thread 0x0000000056eb6000 Uncommon trap: reason=uninitialized action=reinterpret pc=0x0000000002de11bc method=com.android.dx.cf.code.BytecodeArray.parseInstruction(ILcom/android/dx/cf/code/BytecodeArray$Visitor;)I @ 1047
Event: 6.268 Thread 0x0000000056eb6000 Uncommon trap: reason=unstable_if action=reinterpret pc=0x0000000002d3ad74 method=com.android.dx.rop.code.RegisterSpecSet.localItemToSpec(Lcom/android/dx/rop/code/LocalItem;)Lcom/android/dx/rop/code/RegisterSpec; @ 35
Event: 6.274 Thread 0x0000000056eb6000 Uncommon trap: reason=unstable_if action=reinterpret pc=0x0000000002a6e504 method=com.android.dx.rop.cst.Constant.compareTo(Lcom/android/dx/rop/cst/Constant;)I @ 12
Event: 6.277 Thread 0x0000000056eb6000 Uncommon trap: reason=unstable_if action=reinterpret pc=0x0000000002d53c30 method=com.android.dx.ssa.SsaRenamer$BlockRenamer.visitMoveInsn(Lcom/android/dx/ssa/NormalSsaInsn;)V @ 104
Event: 6.535 Thread 0x0000000056e7a800 Uncommon trap: reason=unstable_if action=reinterpret pc=0x0000000002e125b4 method=com.android.dx.dex.code.RopToDop.dopFor(Lcom/android/dx/rop/code/Insn;)Lcom/android/dx/dex/code/Dop; @ 747
Event: 6.667 Thread 0x0000000056eb8000 Uncommon trap: reason=bimorphic action=maybe_recompile pc=0x0000000002e15a88 method=com.android.dx.ssa.LiteralOpUpgrader.tryReplacingWithConstant(Lcom/android/dx/ssa/NormalSsaInsn;)Z @ 52
Event: 6.737 Thread 0x0000000056eb8000 Uncommon trap: reason=bimorphic action=maybe_recompile pc=0x0000000002e15a88 method=com.android.dx.ssa.LiteralOpUpgrader.tryReplacingWithConstant(Lcom/android/dx/ssa/NormalSsaInsn;)Z @ 52

Internal exceptions (4 events):
Event: 0.222 Thread 0x00000000004af000 Exception <a 'java/lang/NoSuchMethodError': Method sun.misc.Unsafe.defineClass(Ljava/lang/String;[BII)Ljava/lang/Class; name or signature does not match> (0x00000000eab07cc0) thrown at [C:\re\workspace\8-2-build-windows-amd64-cygwin\jdk8u101\7261\hotspot\s‰éœ^€dÌ?
Event: 0.222 Thread 0x00000000004af000 Exception <a 'java/lang/NoSuchMethodError': Method sun.misc.Unsafe.prefetchRead(Ljava/lang/Object;J)V name or signature does not match> (0x00000000eab07fa8) thrown at [C:\re\workspace\8-2-build-windows-amd64-cygwin\jdk8u101\7261\hotspot\src\share\vm\prims\éMë¬‚@
Event: 5.128 Thread 0x0000000056eb6000 Implicit null exception at 0x0000000002b70992 to 0x0000000002b74c09
Event: 5.128 Thread 0x0000000056eb6000 Implicit null exception at 0x0000000002b8994d to 0x0000000002b8d31d

Events (10 events):
Event: 6.667 Thread 0x0000000056eb8000 Uncommon trap: trap_request=0xffffffc6 fr.pc=0x0000000002e15a88
Event: 6.667 Thread 0x0000000056eb8000 DEOPT PACKING pc=0x0000000002e15a88 sp=0x000000005801eba0
Event: 6.667 Thread 0x0000000056eb8000 DEOPT UNPACKING pc=0x00000000027d582a sp=0x000000005801ea98 mode 2
Event: 6.669 loading class com/android/dx/rop/code/RegisterSpec$1
Event: 6.669 loading class com/android/dx/rop/code/RegisterSpec$1 done
Event: 6.737 Thread 0x0000000056eb8000 Uncommon trap: trap_request=0xffffffc6 fr.pc=0x0000000002e15a88
Event: 6.737 Thread 0x0000000056eb8000 DEOPT PACKING pc=0x0000000002e15a88 sp=0x000000005801eba0
Event: 6.737 Thread 0x0000000056eb8000 DEOPT UNPACKING pc=0x00000000027d582a sp=0x000000005801ea98 mode 2
Event: 12.252 Thread 0x0000000056e7a800 DEOPT PACKING pc=0x0000000002c11fd9 sp=0x00000000581ce950
Event: 12.252 Thread 0x0000000056e7a800 DEOPT UNPACKING pc=0x00000000027d787f sp=0x00000000581ce780 mode 0


Dynamic libraries:
0x000000013fc80000 - 0x000000013fcb7000 	C:\Program Files\Java\jdk1.8.0_101\bin\java.exe
0x0000000077010000 - 0x00000000771ba000 	C:\Windows\SYSTEM32\ntdll.dll
0x0000000076df0000 - 0x0000000076f0f000 	C:\Windows\system32\kernel32.dll
0x000007fefced0000 - 0x000007fefcf3a000 	C:\Windows\system32\KERNELBASE.dll
0x000007fefd460000 - 0x000007fefd53b000 	C:\Windows\system32\ADVAPI32.dll
0x000007fefdc80000 - 0x000007fefdd1f000 	C:\Windows\system32\msvcrt.dll
0x000007fefd390000 - 0x000007fefd3af000 	C:\Windows\SYSTEM32\sechost.dll
0x000007fefd540000 - 0x000007fefd66d000 	C:\Windows\system32\RPCRT4.dll
0x0000000076f10000 - 0x000000007700a000 	C:\Windows\system32\USER32.dll
0x000007fefdf00000 - 0x000007fefdf67000 	C:\Windows\system32\GDI32.dll
0x000007feff080000 - 0x000007feff08e000 	C:\Windows\system32\LPK.dll
0x000007fefdd20000 - 0x000007fefddeb000 	C:\Windows\system32\USP10.dll
0x000007fefb1c0000 - 0x000007fefb3b4000 	C:\Windows\WinSxS\amd64_microsoft.windows.common-controls_6595b64144ccf1df_6.0.7601.18837_none_fa3b1e3d17594757\COMCTL32.dll
0x000007fefd3b0000 - 0x000007fefd421000 	C:\Windows\system32\SHLWAPI.dll
0x000007fefd430000 - 0x000007fefd45e000 	C:\Windows\system32\IMM32.DLL
0x000007fefddf0000 - 0x000007fefdef9000 	C:\Windows\system32\MSCTF.dll
0x000000006bce0000 - 0x000000006bdb2000 	C:\Program Files\Java\jdk1.8.0_101\jre\bin\msvcr100.dll
0x0000000064bf0000 - 0x000000006548a000 	C:\Program Files\Java\jdk1.8.0_101\jre\bin\server\jvm.dll
0x000007fefa280000 - 0x000007fefa289000 	C:\Windows\system32\WSOCK32.dll
0x000007fefeea0000 - 0x000007fefeeed000 	C:\Windows\system32\WS2_32.dll
0x000007feff310000 - 0x000007feff318000 	C:\Windows\system32\NSI.dll
0x000007fefa9a0000 - 0x000007fefa9db000 	C:\Windows\system32\WINMM.dll
0x000007fefbda0000 - 0x000007fefbdac000 	C:\Windows\system32\VERSION.dll
0x00000000771e0000 - 0x00000000771e7000 	C:\Windows\system32\PSAPI.DLL
0x0000000072d30000 - 0x0000000072d3f000 	C:\Program Files\Java\jdk1.8.0_101\jre\bin\verify.dll
0x000000006bcb0000 - 0x000000006bcd9000 	C:\Program Files\Java\jdk1.8.0_101\jre\bin\java.dll
0x0000000072d10000 - 0x0000000072d26000 	C:\Program Files\Java\jdk1.8.0_101\jre\bin\zip.dll
0x000007fefdf70000 - 0x000007fefecfb000 	C:\Windows\system32\SHELL32.dll
0x000007feff090000 - 0x000007feff28c000 	C:\Windows\system32\ole32.dll
0x000007fefcd00000 - 0x000007fefcd0f000 	C:\Windows\system32\profapi.dll

VM Arguments:
jvm_args: -Djava.awt.headless=true -Xmx1024M -Dfile.encoding=windows-1257 -Duser.country=US -Duser.language=en -Duser.variant 
java_command: com.android.dx.command.Main --dex --force-jumbo --num-threads=4 --multi-dex --output C:\Users\jga\AndroidStudioProjects\dbconnect BRD_ALL_V1.0.5AROneCol\app\build\intermediates\transforms\dex\debug\folders\1000\10\com.android.support-support-compat-24.2.0_aee2b22e54f4e860b0ae74b0facab4cfeb1c02ba C:\Users\jga\AndroidStudioProjects\dbconnect BRD_ALL_V1.0.5AROneCol\app\build\intermediates\exploded-aar\com.android.support\support-compat\24.2.0\jars\classes.jar
java_class_path (initial): C:\Users\jga\AppData\Local\Android\sdk\build-tools\24.0.2\lib\dx.jar
Launcher Type: SUN_STANDARD

Environment Variables:
PATH=C:\ProgramData\Oracle\Java\javapath;C:\Program Files\Pico Technology\SDK\lib\;C:\Program Files (x86)\Intel\iCLS Client\;C:\Program Files\Intel\iCLS Client\;C:\Windows\system32;C:\Windows;C:\GENIE2K\EXEFILES;C:\Windows\System32\Wbem;C:\Windows\System32\WindowsPowerShell\v1.0\;C:\Program Files\Intel\Intel(R) Management Engine Components\DAL;C:\Program Files\Intel\Intel(R) Management Engine Components\IPT;C:\Program Files (x86)\Intel\Intel(R) Management Engine Components\DAL;C:\Program Files (x86)\Intel\Intel(R) Management Engine Components\IPT;C:\Program Files\Intel\WiFi\bin\;C:\Program Files\Common Files\Intel\WirelessCommon\;C:\Program Files\Lenovo\Fingerprint Manager Pro\;C:\Program Files (x86)\Common Files\Lenovo;C:\ProgramData\Lenovo\ReadyApps;C:\Program Files (x86)\Common Files\lenovo\easyplussdk\bin;C:\Program Files (x86)\Lenovo\Access Connections\;c:\Program Files (x86)\Microsoft SQL Server\100\Tools\Binn\;c:\Program Files\Microsoft SQL Server\100\Tools\Binn\;c:\Program Files\Microsoft SQL Server\100\DTS\Binn\;C:\Program Files (x86)\Windows Kits\8.1\Windows Performance Toolkit\;C:\Program Files\Microsoft SQL Server\110\Tools\Binn\;;C:\Program Files (x86)\Bitvise SSH Client;C:\Program Files (x86)\Pico Technology\PicoScope6\;c:\Program Files (x86)\Microsoft SQL Server\90\Tools\binn\;c:\Program Files (x86)\Microsoft SQL Server\100\Tools\Binn\VSShell\Common7\IDE\;c:\Program Files (x86)\Microsoft SQL Server\100\DTS\Binn\;C:\Program Files (x86)\Skype\Phone\;C:\Program Files (x86)\Microchip\mplabc18\v3.47\mpasm;C:\Program Files (x86)\Microchip\mplabc18\v3.47\bin;C:\Program Files (x86)\Sophos\Sophos SSL VPN Client\bin
USERNAME=jga
OS=Windows_NT
PROCESSOR_IDENTIFIER=Intel64 Family 6 Model 69 Stepping 1, GenuineIntel



---------------  S Y S T E M  ---------------

OS: Windows 7 , 64 bit Build 7601 (6.1.7601.23807)

CPU:total 4 (2 cores per cpu, 2 threads per core) family 6 model 69 stepping 1, cmov, cx8, fxsr, mmx, sse, sse2, sse3, ssse3, sse4.1, sse4.2, popcnt, avx, avx2, aes, clmul, erms, lzcnt, ht, tsc, tscinvbit, bmi1, bmi2

Memory: 4k page, physical 8068928k(596788k free), swap 10442988k(5116k free)

vm_info: Java HotSpot(TM) 64-Bit Server VM (25.101-b13) for windows-amd64 JRE (1.8.0_101-b13), built on Jun 22 2016 01:21:29 by "java_re" with MS VC++ 10.0 (VS2010)

time: Thu Jul 13 14:19:15 2017
elapsed time: 12 seconds (0d 0h 0m 12s)

