#
# There is insufficient memory for the Java Runtime Environment to continue.
# Native memory allocation (malloc) failed to allocate 917136 bytes for Chunk::new
# Possible reasons:
#   The system is out of physical RAM or swap space
#   In 32 bit mode, the process size limit was hit
# Possible solutions:
#   Reduce memory load on the system
#   Increase physical memory or swap space
#   Check if swap backing store is full
#   Use 64 bit Java on a 64 bit OS
#   Decrease Java heap size (-Xmx/-Xms)
#   Decrease number of Java threads
#   Decrease Java thread stack sizes (-Xss)
#   Set larger code cache with -XX:ReservedCodeCacheSize=
# This output file may be truncated or incomplete.
#
#  Out of Memory Error (allocation.cpp:390), pid=12496, tid=0x00000000000031a0
#
# JRE version: Java(TM) SE Runtime Environment (8.0_101-b13) (build 1.8.0_101-b13)
# Java VM: Java HotSpot(TM) 64-Bit Server VM (25.101-b13 mixed mode windows-amd64 compressed oops)
# Failed to write core dump. Minidumps are not enabled by default on client versions of Windows
#

---------------  T H R E A D  ---------------

Current thread (0x00000000150a4800):  JavaThread "C2 CompilerThread0" daemon [_thread_in_native, id=12704, stack(0x0000000016410000,0x0000000016510000)]

Stack: [0x0000000016410000,0x0000000016510000]
[error occurred during error reporting (printing stack bounds), id 0xc0000005]

Native frames: (J=compiled Java code, j=interpreted, Vv=VM code, C=native code)


Current CompileTask:
C2:  12093 1710       4       com.android.dx.ssa.SsaConverter::placePhiFunctions (394 bytes)


---------------  P R O C E S S  ---------------

Java Threads: ( => current thread )
  0x0000000016c0d000 JavaThread "pool-1-thread-4" [_thread_blocked, id=5364, stack(0x0000000017740000,0x0000000017840000)]
  0x0000000016c0a800 JavaThread "pool-1-thread-3" [_thread_blocked, id=10268, stack(0x0000000017600000,0x0000000017700000)]
  0x0000000016c0f000 JavaThread "pool-1-thread-2" [_thread_blocked, id=11772, stack(0x00000000172e0000,0x00000000173e0000)]
  0x0000000016c07800 JavaThread "pool-2-thread-1" [_thread_blocked, id=12912, stack(0x0000000017440000,0x0000000017540000)]
  0x0000000016c07000 JavaThread "pool-1-thread-1" [_thread_blocked, id=10548, stack(0x0000000016dc0000,0x0000000016ec0000)]
  0x00000000168d5000 JavaThread "Service Thread" daemon [_thread_blocked, id=7176, stack(0x00000000170a0000,0x00000000171a0000)]
  0x00000000168c0800 JavaThread "C1 CompilerThread2" daemon [_thread_blocked, id=10556, stack(0x0000000016f40000,0x0000000017040000)]
  0x0000000016880800 JavaThread "C2 CompilerThread1" daemon [_thread_in_native, id=11428, stack(0x0000000016ca0000,0x0000000016da0000)]
=>0x00000000150a4800 JavaThread "C2 CompilerThread0" daemon [_thread_in_native, id=12704, stack(0x0000000016410000,0x0000000016510000)]
  0x000000001509d000 JavaThread "Attach Listener" daemon [_thread_blocked, id=12848, stack(0x0000000016780000,0x0000000016880000)]
  0x00000000150ae000 JavaThread "Signal Dispatcher" daemon [_thread_blocked, id=12452, stack(0x00000000165e0000,0x00000000166e0000)]
  0x000000001508a000 JavaThread "Finalizer" daemon [_thread_blocked, id=12856, stack(0x00000000161d0000,0x00000000162d0000)]
  0x0000000015042800 JavaThread "Reference Handler" daemon [_thread_blocked, id=10188, stack(0x00000000162f0000,0x00000000163f0000)]
  0x00000000021ef000 JavaThread "main" [_thread_in_Java, id=12164, stack(0x0000000002250000,0x0000000002350000)]

Other Threads:
  0x000000001503b000 VMThread [stack: 0x0000000016000000,0x0000000016100000] [id=9868]
  0x00000000168ee000 WatcherThread [stack: 0x00000000171e0000,0x00000000172e0000] [id=2900]

VM state:not at safepoint (normal execution)

VM Mutex/Monitor currently owned by a thread: None

Heap:
 PSYoungGen      total 68608K, used 37307K [0x00000000eab00000, 0x00000000ef300000, 0x0000000100000000)
  eden space 63488K, 50% used [0x00000000eab00000,0x00000000eca74750,0x00000000ee900000)
  from space 5120K, 99% used [0x00000000eee00000,0x00000000ef2fa5b0,0x00000000ef300000)
  to   space 5120K, 0% used [0x00000000ee900000,0x00000000ee900000,0x00000000eee00000)
 ParOldGen       total 84992K, used 4073K [0x00000000c0000000, 0x00000000c5300000, 0x00000000eab00000)
  object space 84992K, 4% used [0x00000000c0000000,0x00000000c03fa4d8,0x00000000c5300000)
 Metaspace       used 6242K, capacity 7090K, committed 7296K, reserved 1056768K
  class space    used 606K, capacity 618K, committed 640K, reserved 1048576K

Card table byte_map: [0x00000000119e0000,0x0000000011bf0000] byte_map_base: 0x00000000113e0000

Marking Bits: (ParMarkBitMap*) 0x000000005442a6d0
 Begin Bits: [0x00000000124b0000, 0x00000000134b0000)
 End Bits:   [0x00000000134b0000, 0x00000000144b0000)

Polling page: 0x0000000000230000

CodeCache: size=245760Kb used=7933Kb max_used=7967Kb free=237827Kb
 bounds [0x0000000002620000, 0x0000000002e00000, 0x0000000011620000]
 total_blobs=1987 nmethods=1718 adapters=182
 compilation: enabled

Compilation events (10 events):
Event: 11.830 Thread 0x00000000168c0800 1721       3       com.android.dx.rop.cst.CstInterfaceMethodRef::toMethodRef (31 bytes)
Event: 11.830 Thread 0x00000000168c0800 nmethod 1721 0x0000000002dc0490 code [0x0000000002dc0620, 0x0000000002dc0c78]
Event: 11.933 Thread 0x00000000168c0800 1723       2       com.android.dx.ssa.LocalVariableExtractor::processBlock (383 bytes)
Event: 11.936 Thread 0x00000000168c0800 nmethod 1723 0x0000000002dbcd90 code [0x0000000002dbd100, 0x0000000002dbe2d8]
Event: 11.936 Thread 0x00000000168c0800 1722       3       com.android.dx.util.ByteArray::<init> (9 bytes)
Event: 11.937 Thread 0x00000000168c0800 nmethod 1722 0x0000000002dafa50 code [0x0000000002dafbc0, 0x0000000002dafd48]
Event: 12.036 Thread 0x0000000016880800 nmethod 1703 0x0000000002dddb90 code [0x0000000002ddf4a0, 0x0000000002de6e80]
Event: 12.036 Thread 0x0000000016880800 1715 %     4       com.android.dx.ssa.Dominators::run @ 403 (506 bytes)
Event: 12.052 Thread 0x0000000016880800 nmethod 1715% 0x0000000002dbaad0 code [0x0000000002dbac40, 0x0000000002dbb1f8]
Event: 12.053 Thread 0x0000000016880800 1706 %     4       com.android.dx.ssa.SCCP::run @ 133 (298 bytes)

GC Heap History (4 events):
Event: 4.413 GC heap before
{Heap before GC invocations=1 (full 0):
 PSYoungGen      total 36864K, used 31744K [0x00000000eab00000, 0x00000000ed400000, 0x0000000100000000)
  eden space 31744K, 100% used [0x00000000eab00000,0x00000000eca00000,0x00000000eca00000)
  from space 5120K, 0% used [0x00000000ecf00000,0x00000000ecf00000,0x00000000ed400000)
  to   space 5120K, 0% used [0x00000000eca00000,0x00000000eca00000,0x00000000ecf00000)
 ParOldGen       total 84992K, used 0K [0x00000000c0000000, 0x00000000c5300000, 0x00000000eab00000)
  object space 84992K, 0% used [0x00000000c0000000,0x00000000c0000000,0x00000000c5300000)
 Metaspace       used 6012K, capacity 6898K, committed 7040K, reserved 1056768K
  class space    used 605K, capacity 618K, committed 640K, reserved 1048576K
Event: 4.617 GC heap after
Heap after GC invocations=1 (full 0):
 PSYoungGen      total 36864K, used 5115K [0x00000000eab00000, 0x00000000ef300000, 0x0000000100000000)
  eden space 31744K, 0% used [0x00000000eab00000,0x00000000eab00000,0x00000000eca00000)
  from space 5120K, 99% used [0x00000000eca00000,0x00000000ecefeeb8,0x00000000ecf00000)
  to   space 5120K, 0% used [0x00000000eee00000,0x00000000eee00000,0x00000000ef300000)
 ParOldGen       total 84992K, used 611K [0x00000000c0000000, 0x00000000c5300000, 0x00000000eab00000)
  object space 84992K, 0% used [0x00000000c0000000,0x00000000c0098e68,0x00000000c5300000)
 Metaspace       used 6012K, capacity 6898K, committed 7040K, reserved 1056768K
  class space    used 605K, capacity 618K, committed 640K, reserved 1048576K
}
Event: 8.807 GC heap before
{Heap before GC invocations=2 (full 0):
 PSYoungGen      total 36864K, used 36859K [0x00000000eab00000, 0x00000000ef300000, 0x0000000100000000)
  eden space 31744K, 100% used [0x00000000eab00000,0x00000000eca00000,0x00000000eca00000)
  from space 5120K, 99% used [0x00000000eca00000,0x00000000ecefeeb8,0x00000000ecf00000)
  to   space 5120K, 0% used [0x00000000eee00000,0x00000000eee00000,0x00000000ef300000)
 ParOldGen       total 84992K, used 611K [0x00000000c0000000, 0x00000000c5300000, 0x00000000eab00000)
  object space 84992K, 0% used [0x00000000c0000000,0x00000000c0098e68,0x00000000c5300000)
 Metaspace       used 6158K, capacity 7026K, committed 7296K, reserved 1056768K
  class space    used 606K, capacity 618K, committed 640K, reserved 1048576K
Event: 9.252 GC heap after
Heap after GC invocations=2 (full 0):
 PSYoungGen      total 68608K, used 5097K [0x00000000eab00000, 0x00000000ef300000, 0x0000000100000000)
  eden space 63488K, 0% used [0x00000000eab00000,0x00000000eab00000,0x00000000ee900000)
  from space 5120K, 99% used [0x00000000eee00000,0x00000000ef2fa5b0,0x00000000ef300000)
  to   space 5120K, 0% used [0x00000000ee900000,0x00000000ee900000,0x00000000eee00000)
 ParOldGen       total 84992K, used 4073K [0x00000000c0000000, 0x00000000c5300000, 0x00000000eab00000)
  object space 84992K, 4% used [0x00000000c0000000,0x00000000c03fa4d8,0x00000000c5300000)
 Metaspace       used 6158K, capacity 7026K, committed 7296K, reserved 1056768K
  class space    used 606K, capacity 618K, committed 640K, reserved 1048576K
}

Deoptimization events (10 events):
Event: 10.889 Thread 0x0000000016c07000 Uncommon trap: reason=bimorphic action=maybe_recompile pc=0x0000000002ce3018 method=com.android.dx.ssa.SCCP.simulatePhi(Lcom/android/dx/ssa/PhiInsn;)V @ 124
Event: 10.889 Thread 0x0000000016c07000 Uncommon trap: reason=bimorphic action=maybe_recompile pc=0x0000000002ce30a4 method=com.android.dx.ssa.SCCP.setLatticeValueTo(IILcom/android/dx/rop/cst/Constant;)Z @ 43
Event: 10.889 Thread 0x0000000016c07000 Uncommon trap: reason=bimorphic action=maybe_recompile pc=0x0000000002ce30a4 method=com.android.dx.ssa.SCCP.setLatticeValueTo(IILcom/android/dx/rop/cst/Constant;)Z @ 43
Event: 10.891 Thread 0x0000000016c07000 Uncommon trap: reason=bimorphic action=maybe_recompile pc=0x0000000002ce30a4 method=com.android.dx.ssa.SCCP.setLatticeValueTo(IILcom/android/dx/rop/cst/Constant;)Z @ 43
Event: 10.924 Thread 0x0000000016c07000 Uncommon trap: reason=class_check action=maybe_recompile pc=0x0000000002d0b11c method=com.android.dx.rop.code.RegisterSpec.withSimpleType()Lcom/android/dx/rop/code/RegisterSpec; @ 21
Event: 10.926 Thread 0x0000000016c07000 Uncommon trap: reason=class_check action=maybe_recompile pc=0x0000000002d0b11c method=com.android.dx.rop.code.RegisterSpec.withSimpleType()Lcom/android/dx/rop/code/RegisterSpec; @ 21
Event: 11.066 Thread 0x0000000016c07000 Uncommon trap: reason=class_check action=maybe_recompile pc=0x0000000002d15180 method=com.android.dx.cf.code.Ropper.processBlock(Lcom/android/dx/cf/code/ByteBlock;Lcom/android/dx/cf/code/Frame;[I)V @ 777
Event: 11.068 Thread 0x0000000016c07000 Uncommon trap: reason=class_check action=maybe_recompile pc=0x0000000002d15180 method=com.android.dx.cf.code.Ropper.processBlock(Lcom/android/dx/cf/code/ByteBlock;Lcom/android/dx/cf/code/Frame;[I)V @ 777
Event: 11.823 Thread 0x0000000016c07000 Uncommon trap: reason=class_check action=maybe_recompile pc=0x0000000002d0b11c method=com.android.dx.rop.code.RegisterSpec.withSimpleType()Lcom/android/dx/rop/code/RegisterSpec; @ 21
Event: 11.825 Thread 0x0000000016c07000 Uncommon trap: reason=class_check action=maybe_recompile pc=0x0000000002d0b11c method=com.android.dx.rop.code.RegisterSpec.withSimpleType()Lcom/android/dx/rop/code/RegisterSpec; @ 21

Internal exceptions (3 events):
Event: 0.159 Thread 0x00000000021ef000 Exception <a 'java/lang/NoSuchMethodError': Method sun.misc.Unsafe.defineClass(Ljava/lang/String;[BII)Ljava/lang/Class; name or signature does not match> (0x00000000eab07cc0) thrown at [C:\re\workspace\8-2-build-windows-amd64-cygwin\jdk8u101\7261\hotspot\s'Ï%­„`Ä?
Event: 0.159 Thread 0x00000000021ef000 Exception <a 'java/lang/NoSuchMethodError': Method sun.misc.Unsafe.prefetchRead(Ljava/lang/Object;J)V name or signature does not match> (0x00000000eab07fa8) thrown at [C:\re\workspace\8-2-build-windows-amd64-cygwin\jdk8u101\7261\hotspot\src\share\vm\prims\­Ï²Dó @
Event: 8.475 Thread 0x0000000016c0d000 Implicit null exception at 0x0000000002bf1351 to 0x0000000002bf3bd5

Events (10 events):
Event: 11.068 Thread 0x0000000016c07000 DEOPT PACKING pc=0x0000000002d15180 sp=0x0000000016ebeab0
Event: 11.068 Thread 0x0000000016c07000 DEOPT UNPACKING pc=0x000000000266582a sp=0x0000000016ebea78 mode 2
Event: 11.568 Thread 0x0000000016c07000 DEOPT PACKING pc=0x0000000002a81ead sp=0x0000000016ebe930
Event: 11.568 Thread 0x0000000016c07000 DEOPT UNPACKING pc=0x000000000266787f sp=0x0000000016ebe760 mode 0
Event: 11.823 Thread 0x0000000016c07000 Uncommon trap: trap_request=0xffffffde fr.pc=0x0000000002d0b11c
Event: 11.823 Thread 0x0000000016c07000 DEOPT PACKING pc=0x0000000002d0b11c sp=0x0000000016ebea10
Event: 11.823 Thread 0x0000000016c07000 DEOPT UNPACKING pc=0x000000000266582a sp=0x0000000016ebe928 mode 2
Event: 11.825 Thread 0x0000000016c07000 Uncommon trap: trap_request=0xffffffde fr.pc=0x0000000002d0b11c
Event: 11.825 Thread 0x0000000016c07000 DEOPT PACKING pc=0x0000000002d0b11c sp=0x0000000016ebe960
Event: 11.825 Thread 0x0000000016c07000 DEOPT UNPACKING pc=0x000000000266582a sp=0x0000000016ebe878 mode 2


Dynamic libraries:
0x000000013fff0000 - 0x0000000140027000 	C:\Program Files\Java\jdk1.8.0_101\bin\java.exe
0x0000000077780000 - 0x000000007792a000 	C:\Windows\SYSTEM32\ntdll.dll
0x0000000077560000 - 0x000000007767f000 	C:\Windows\system32\kernel32.dll
0x000007fefd640000 - 0x000007fefd6aa000 	C:\Windows\system32\KERNELBASE.dll
0x000007feff1b0000 - 0x000007feff28b000 	C:\Windows\system32\ADVAPI32.dll
0x000007feff100000 - 0x000007feff19f000 	C:\Windows\system32\msvcrt.dll
0x000007fefdea0000 - 0x000007fefdebf000 	C:\Windows\SYSTEM32\sechost.dll
0x000007fefeec0000 - 0x000007fefefed000 	C:\Windows\system32\RPCRT4.dll
0x0000000077680000 - 0x000000007777a000 	C:\Windows\system32\USER32.dll
0x000007fefd870000 - 0x000007fefd8d7000 	C:\Windows\system32\GDI32.dll
0x000007feff1a0000 - 0x000007feff1ae000 	C:\Windows\system32\LPK.dll
0x000007fefec50000 - 0x000007fefed1a000 	C:\Windows\system32\USP10.dll
0x000007fefbae0000 - 0x000007fefbcd4000 	C:\Windows\WinSxS\amd64_microsoft.windows.common-controls_6595b64144ccf1df_6.0.7601.18837_none_fa3b1e3d17594757\COMCTL32.dll
0x000007feffa10000 - 0x000007feffa81000 	C:\Windows\system32\SHLWAPI.dll
0x000007feff430000 - 0x000007feff45e000 	C:\Windows\system32\IMM32.DLL
0x000007fefeff0000 - 0x000007feff0f9000 	C:\Windows\system32\MSCTF.dll
0x000000005e290000 - 0x000000005e362000 	C:\Program Files\Java\jdk1.8.0_101\jre\bin\msvcr100.dll
0x0000000053c10000 - 0x00000000544aa000 	C:\Program Files\Java\jdk1.8.0_101\jre\bin\server\jvm.dll
0x000007fefb530000 - 0x000007fefb539000 	C:\Windows\system32\WSOCK32.dll
0x000007feff460000 - 0x000007feff4ad000 	C:\Windows\system32\WS2_32.dll
0x000007feff290000 - 0x000007feff298000 	C:\Windows\system32\NSI.dll
0x000007fefab50000 - 0x000007fefab8b000 	C:\Windows\system32\WINMM.dll
0x000007fefc590000 - 0x000007fefc59c000 	C:\Windows\system32\VERSION.dll
0x0000000077940000 - 0x0000000077947000 	C:\Windows\system32\PSAPI.DLL
0x0000000071b20000 - 0x0000000071b2f000 	C:\Program Files\Java\jdk1.8.0_101\jre\bin\verify.dll
0x000000005f840000 - 0x000000005f869000 	C:\Program Files\Java\jdk1.8.0_101\jre\bin\java.dll
0x000000006e110000 - 0x000000006e126000 	C:\Program Files\Java\jdk1.8.0_101\jre\bin\zip.dll
0x000007fefdec0000 - 0x000007fefec4a000 	C:\Windows\system32\SHELL32.dll
0x000007fefd8e0000 - 0x000007fefdae3000 	C:\Windows\system32\ole32.dll
0x000007fefd4b0000 - 0x000007fefd4bf000 	C:\Windows\system32\profapi.dll

VM Arguments:
jvm_args: -Djava.awt.headless=true -Xmx1024M -Dfile.encoding=windows-1257 -Duser.country=US -Duser.language=en -Duser.variant 
java_command: com.android.dx.command.Main --dex --force-jumbo --num-threads=4 --output C:\Users\jga\AndroidStudioProjects\dbconnect BRD_ALL_V1.0.5HC\app\build\intermediates\pre-dexed\debug\com.android.support-appcompat-v7-24.2.0_5757fbc5824a807c79c0202583b535613ad118ae.jar C:\Users\jga\AndroidStudioProjects\dbconnect BRD_ALL_V1.0.5HC\app\build\intermediates\exploded-aar\com.android.support\appcompat-v7\24.2.0\jars\classes.jar
java_class_path (initial): C:\Users\jga\AppData\Local\Android\sdk\build-tools\24.0.2\lib\dx.jar
Launcher Type: SUN_STANDARD

Environment Variables:
PATH=C:\ProgramData\Oracle\Java\javapath;C:\Program Files\Pico Technology\SDK\lib\;C:\Program Files (x86)\Intel\iCLS Client\;C:\Program Files\Intel\iCLS Client\;C:\Windows\system32;C:\Windows;C:\GENIE2K\EXEFILES;C:\Windows\System32\Wbem;C:\Windows\System32\WindowsPowerShell\v1.0\;C:\Program Files\Intel\Intel(R) Management Engine Components\DAL;C:\Program Files\Intel\Intel(R) Management Engine Components\IPT;C:\Program Files (x86)\Intel\Intel(R) Management Engine Components\DAL;C:\Program Files (x86)\Intel\Intel(R) Management Engine Components\IPT;C:\Program Files\Intel\WiFi\bin\;C:\Program Files\Common Files\Intel\WirelessCommon\;C:\Program Files\Lenovo\Fingerprint Manager Pro\;C:\Program Files (x86)\Common Files\Lenovo;C:\ProgramData\Lenovo\ReadyApps;C:\Program Files (x86)\Common Files\lenovo\easyplussdk\bin;C:\Program Files (x86)\Lenovo\Access Connections\;c:\Program Files (x86)\Microsoft SQL Server\100\Tools\Binn\;c:\Program Files\Microsoft SQL Server\100\Tools\Binn\;c:\Program Files\Microsoft SQL Server\100\DTS\Binn\;C:\Program Files (x86)\Windows Kits\8.1\Windows Performance Toolkit\;C:\Program Files\Microsoft SQL Server\110\Tools\Binn\;;C:\Program Files (x86)\Bitvise SSH Client;C:\Program Files (x86)\Pico Technology\PicoScope6\;c:\Program Files (x86)\Microsoft SQL Server\90\Tools\binn\;c:\Program Files (x86)\Microsoft SQL Server\100\Tools\Binn\VSShell\Common7\IDE\;c:\Program Files (x86)\Microsoft SQL Server\100\DTS\Binn\;C:\Program Files (x86)\Skype\Phone\;C:\Program Files (x86)\Microchip\mplabc18\v3.47\mpasm;C:\Program Files (x86)\Microchip\mplabc18\v3.47\bin;C:\Program Files (x86)\Sophos\Sophos SSL VPN Client\bin
USERNAME=jga
OS=Windows_NT
PROCESSOR_IDENTIFIER=Intel64 Family 6 Model 69 Stepping 1, GenuineIntel



---------------  S Y S T E M  ---------------

OS: Windows 7 , 64 bit Build 7601 (6.1.7601.23572)

CPU:total 4 (2 cores per cpu, 2 threads per core) family 6 model 69 stepping 1, cmov, cx8, fxsr, mmx, sse, sse2, sse3, ssse3, sse4.1, sse4.2, popcnt, avx, avx2, aes, clmul, erms, lzcnt, ht, tsc, tscinvbit, bmi1, bmi2

Memory: 4k page, physical 8068928k(256228k free), swap 12610272k(4972k free)

vm_info: Java HotSpot(TM) 64-Bit Server VM (25.101-b13) for windows-amd64 JRE (1.8.0_101-b13), built on Jun 22 2016 01:21:29 by "java_re" with MS VC++ 10.0 (VS2010)

time: Wed Mar 15 21:37:07 2017
elapsed time: 12 seconds (0d 0h 0m 12s)

