#

---------------  T H R E A D  ---------------

Current thread (0x0000000056a70800):  JavaThread "C2 CompilerThread1" daemon [_thread_in_native, id=12068, stack(0x0000000056f60000,0x0000000057060000)]

Stack: [0x0000000056f60000,0x0000000057060000]
[error occurred during error reporting (printing stack bounds), id 0xc0000005]

Native frames: (J=compiled Java code, j=interpreted, Vv=VM code, C=native code)


Current CompileTask:
C2:    924  629       4       com.android.dx.ssa.SsaBasicBlock::forEachInsn (37 bytes)


---------------  P R O C E S S  ---------------

Java Threads: ( => current thread )
  0x0000000056d25800 JavaThread "pool-2-thread-4" [_thread_in_Java, id=1344, stack(0x0000000057a50000,0x0000000057b50000)]
  0x0000000056c69800 JavaThread "pool-3-thread-1" [_thread_blocked, id=12268, stack(0x0000000056660000,0x0000000056760000)]
  0x0000000056ad6000 JavaThread "Service Thread" daemon [_thread_blocked, id=8768, stack(0x0000000057350000,0x0000000057450000)]
  0x0000000056ac0800 JavaThread "C1 CompilerThread2" daemon [_thread_blocked, id=10876, stack(0x0000000057120000,0x0000000057220000)]
=>0x0000000056a70800 JavaThread "C2 CompilerThread1" daemon [_thread_in_native, id=12068, stack(0x0000000056f60000,0x0000000057060000)]
  0x0000000055078000 JavaThread "C2 CompilerThread0" daemon [_thread_blocked, id=11776, stack(0x0000000056970000,0x0000000056a70000)]
  0x0000000055073800 JavaThread "Attach Listener" daemon [_thread_blocked, id=10396, stack(0x0000000056790000,0x0000000056890000)]
  0x0000000055072800 JavaThread "Signal Dispatcher" daemon [_thread_blocked, id=11968, stack(0x0000000056550000,0x0000000056650000)]
  0x0000000055054000 JavaThread "Finalizer" daemon [_thread_blocked, id=6064, stack(0x0000000056330000,0x0000000056430000)]
  0x0000000055012800 JavaThread "Reference Handler" daemon [_thread_blocked, id=9872, stack(0x0000000056220000,0x0000000056320000)]
  0x000000000217f000 JavaThread "main" [_thread_blocked, id=4216, stack(0x00000000025c0000,0x00000000026c0000)]

Other Threads:
  0x000000005500b000 VMThread [stack: 0x0000000056040000,0x0000000056140000] [id=10172]
  0x0000000056ad4000 WatcherThread [stack: 0x0000000057450000,0x0000000057550000] [id=10732]

VM state:not at safepoint (normal execution)

VM Mutex/Monitor currently owned by a thread: None

Heap:
 PSYoungGen      total 36864K, used 13382K [0x00000000eab00000, 0x00000000ed400000, 0x0000000100000000)
  eden space 31744K, 42% used [0x00000000eab00000,0x00000000eb811b08,0x00000000eca00000)
  from space 5120K, 0% used [0x00000000ecf00000,0x00000000ecf00000,0x00000000ed400000)
  to   space 5120K, 0% used [0x00000000eca00000,0x00000000eca00000,0x00000000ecf00000)
 ParOldGen       total 84992K, used 0K [0x00000000c0000000, 0x00000000c5300000, 0x00000000eab00000)
  object space 84992K, 0% used [0x00000000c0000000,0x00000000c0000000,0x00000000c5300000)
 Metaspace       used 5642K, capacity 6578K, committed 6784K, reserved 1056768K
  class space    used 599K, capacity 618K, committed 640K, reserved 1048576K

Card table byte_map: [0x0000000011d50000,0x0000000011f60000] byte_map_base: 0x0000000011750000

Marking Bits: (ParMarkBitMap*) 0x000000006540a6d0
 Begin Bits: [0x0000000012480000, 0x0000000013480000)
 End Bits:   [0x0000000013480000, 0x0000000014480000)

Polling page: 0x0000000000140000

CodeCache: size=245760Kb used=2541Kb max_used=2546Kb free=243218Kb
 bounds [0x0000000002990000, 0x0000000002c10000, 0x0000000011990000]
 total_blobs=918 nmethods=645 adapters=182
 compilation: disabled (not enough contiguous free space left)

Compilation events (10 events):
Event: 0.900 Thread 0x0000000056ac0800 nmethod 640 0x0000000002bf4c90 code [0x0000000002bf4de0, 0x0000000002bf4f70]
Event: 0.900 Thread 0x0000000055078000  641       4       java.util.HashMap::getNode (148 bytes)
Event: 0.900 Thread 0x0000000056ac0800  642   !   3       com.android.dx.cf.code.Ropper::processBlock (1101 bytes)
Event: 0.913 Thread 0x0000000055078000 nmethod 641 0x0000000002bf85d0 code [0x0000000002bf8760, 0x0000000002bf90f8]
Event: 0.913 Thread 0x0000000056ac0800 nmethod 642 0x0000000002bf9c90 code [0x0000000002bfa840, 0x0000000002c041b8]
Event: 0.914 Thread 0x0000000056ac0800  644       3       com.android.dx.cf.code.LocalVariableList::pcAndIndexToLocal (51 bytes)
Event: 0.914 Thread 0x0000000056ac0800 nmethod 644 0x0000000002bf7b90 code [0x0000000002bf7d40, 0x0000000002bf83c8]
Event: 0.914 Thread 0x0000000056ac0800  643       3       com.android.dx.rop.type.Type::getBasicFrameType (60 bytes)
Event: 0.914 Thread 0x0000000056ac0800 nmethod 643 0x0000000002bf7810 code [0x0000000002bf7960, 0x0000000002bf7af0]
Event: 0.917 Thread 0x0000000056ac0800  647       3       com.android.dx.cf.code.BaseMachine::getLocalTarget (151 bytes)

GC Heap History (0 events):
No events

Deoptimization events (5 events):
Event: 0.837 Thread 0x0000000056c6c000 Uncommon trap: reason=unstable_if action=reinterpret pc=0x0000000002b5ec34 method=java.util.HashMap.getNode(ILjava/lang/Object;)Ljava/util/HashMap$Node; @ 62
Event: 0.860 Thread 0x0000000056d25800 Uncommon trap: reason=class_check action=maybe_recompile pc=0x0000000002b98fe0 method=com.android.dx.ssa.NormalSsaInsn.accept(Lcom/android/dx/ssa/SsaInsn$Visitor;)V @ 9
Event: 0.863 Thread 0x0000000056d25800 Uncommon trap: reason=class_check action=maybe_recompile pc=0x0000000002b98fe0 method=com.android.dx.ssa.NormalSsaInsn.accept(Lcom/android/dx/ssa/SsaInsn$Visitor;)V @ 9
Event: 0.865 Thread 0x0000000056d25800 Uncommon trap: reason=class_check action=maybe_recompile pc=0x0000000002b98fe0 method=com.android.dx.ssa.NormalSsaInsn.accept(Lcom/android/dx/ssa/SsaInsn$Visitor;)V @ 9
Event: 0.868 Thread 0x0000000056d25800 Uncommon trap: reason=class_check action=maybe_recompile pc=0x0000000002b98fe0 method=com.android.dx.ssa.NormalSsaInsn.accept(Lcom/android/dx/ssa/SsaInsn$Visitor;)V @ 9

Internal exceptions (2 events):
Event: 0.094 Thread 0x000000000217f000 Exception <a 'java/lang/NoSuchMethodError': Method sun.misc.Unsafe.defineClass(Ljava/lang/String;[BII)Ljava/lang/Class; name or signature does not match> (0x00000000eab07cc0) thrown at [C:\re\workspace\8-2-build-windows-amd64-cygwin\jdk8u101\7261\hotspot\s•rµ—*¸?
Event: 0.094 Thread 0x000000000217f000 Exception <a 'java/lang/NoSuchMethodError': Method sun.misc.Unsafe.prefetchRead(Ljava/lang/Object;J)V name or signature does not match> (0x00000000eab07fa8) thrown at [C:\re\workspace\8-2-build-windows-amd64-cygwin\jdk8u101\7261\hotspot\src\share\vm\prims\

Events (10 events):
Event: 0.863 Thread 0x0000000056d25800 Uncommon trap: trap_request=0xffffffde fr.pc=0x0000000002b98fe0
Event: 0.863 Thread 0x0000000056d25800 DEOPT PACKING pc=0x0000000002b98fe0 sp=0x0000000057b4e7c0
Event: 0.863 Thread 0x0000000056d25800 DEOPT UNPACKING pc=0x00000000029d582a sp=0x0000000057b4e750 mode 2
Event: 0.865 Thread 0x0000000056d25800 Uncommon trap: trap_request=0xffffffde fr.pc=0x0000000002b98fe0
Event: 0.865 Thread 0x0000000056d25800 DEOPT PACKING pc=0x0000000002b98fe0 sp=0x0000000057b4e7c0
Event: 0.865 Thread 0x0000000056d25800 DEOPT UNPACKING pc=0x00000000029d582a sp=0x0000000057b4e750 mode 2
Event: 0.868 Thread 0x0000000056d25800 Uncommon trap: trap_request=0xffffffde fr.pc=0x0000000002b98fe0
Event: 0.868 Thread 0x0000000056d25800 DEOPT PACKING pc=0x0000000002b98fe0 sp=0x0000000057b4e7c0
Event: 0.868 Thread 0x0000000056d25800 DEOPT UNPACKING pc=0x00000000029d582a sp=0x0000000057b4e750 mode 2
Event: 0.877 Thread 0x0000000056c25800 Thread exited: 0x0000000056c25800


Dynamic libraries:
0x000000013fc80000 - 0x000000013fcb7000 	C:\Program Files\Java\jdk1.8.0_101\bin\java.exe
0x0000000077010000 - 0x00000000771ba000 	C:\Windows\SYSTEM32\ntdll.dll
0x0000000076df0000 - 0x0000000076f0f000 	C:\Windows\system32\kernel32.dll
0x000007fefced0000 - 0x000007fefcf3a000 	C:\Windows\system32\KERNELBASE.dll
0x000007fefd460000 - 0x000007fefd53b000 	C:\Windows\system32\ADVAPI32.dll
0x000007fefdc80000 - 0x000007fefdd1f000 	C:\Windows\system32\msvcrt.dll
0x000007fefd390000 - 0x000007fefd3af000 	C:\Windows\SYSTEM32\sechost.dll
0x000007fefd540000 - 0x000007fefd66d000 	C:\Windows\system32\RPCRT4.dll
0x0000000076f10000 - 0x000000007700a000 	C:\Windows\system32\USER32.dll
0x000007fefdf00000 - 0x000007fefdf67000 	C:\Windows\system32\GDI32.dll
0x000007feff080000 - 0x000007feff08e000 	C:\Windows\system32\LPK.dll
0x000007fefdd20000 - 0x000007fefddeb000 	C:\Windows\system32\USP10.dll
0x000007fefb1c0000 - 0x000007fefb3b4000 	C:\Windows\WinSxS\amd64_microsoft.windows.common-controls_6595b64144ccf1df_6.0.7601.18837_none_fa3b1e3d17594757\COMCTL32.dll
0x000007fefd3b0000 - 0x000007fefd421000 	C:\Windows\system32\SHLWAPI.dll
0x000007fefd430000 - 0x000007fefd45e000 	C:\Windows\system32\IMM32.DLL
0x000007fefddf0000 - 0x000007fefdef9000 	C:\Windows\system32\MSCTF.dll
0x000000006bce0000 - 0x000000006bdb2000 	C:\Program Files\Java\jdk1.8.0_101\jre\bin\msvcr100.dll
0x0000000064bf0000 - 0x000000006548a000 	C:\Program Files\Java\jdk1.8.0_101\jre\bin\server\jvm.dll
0x000007fefa280000 - 0x000007fefa289000 	C:\Windows\system32\WSOCK32.dll
0x000007fefeea0000 - 0x000007fefeeed000 	C:\Windows\system32\WS2_32.dll
0x000007feff310000 - 0x000007feff318000 	C:\Windows\system32\NSI.dll
0x000007fefa9a0000 - 0x000007fefa9db000 	C:\Windows\system32\WINMM.dll
0x000007fefbda0000 - 0x000007fefbdac000 	C:\Windows\system32\VERSION.dll
0x00000000771e0000 - 0x00000000771e7000 	C:\Windows\system32\PSAPI.DLL
0x0000000072d30000 - 0x0000000072d3f000 	C:\Program Files\Java\jdk1.8.0_101\jre\bin\verify.dll
0x000000006bcb0000 - 0x000000006bcd9000 	C:\Program Files\Java\jdk1.8.0_101\jre\bin\java.dll
0x0000000072d10000 - 0x0000000072d26000 	C:\Program Files\Java\jdk1.8.0_101\jre\bin\zip.dll
0x000007fefdf70000 - 0x000007fefecfb000 	C:\Windows\system32\SHELL32.dll
0x000007feff090000 - 0x000007feff28c000 	C:\Windows\system32\ole32.dll
0x000007fefcd00000 - 0x000007fefcd0f000 	C:\Windows\system32\profapi.dll

VM Arguments:
jvm_args: -Djava.awt.headless=true -Xmx1024M -Dfile.encoding=windows-1257 -Duser.country=US -Duser.language=en -Duser.variant 
java_command: com.android.dx.command.Main --dex --force-jumbo --num-threads=4 --multi-dex --output C:\Users\jga\AndroidStudioProjects\dbconnect BRD_ALL_V1.0.5AROneCol\app\build\intermediates\transforms\dex\debug\folders\1000\10\internal_impl-24.2.0_43608b17c282a9196781771568335558e25d0c08 C:\Users\jga\AndroidStudioProjects\dbconnect BRD_ALL_V1.0.5AROneCol\app\build\intermediates\exploded-aar\com.android.support\support-fragment\24.2.0\jars\libs\internal_impl-24.2.0.jar
java_class_path (initial): C:\Users\jga\AppData\Local\Android\sdk\build-tools\24.0.2\lib\dx.jar
Launcher Type: SUN_STANDARD

Environment Variables:
PATH=C:\ProgramData\Oracle\Java\javapath;C:\Program Files\Pico Technology\SDK\lib\;C:\Program Files (x86)\Intel\iCLS Client\;C:\Program Files\Intel\iCLS Client\;C:\Windows\system32;C:\Windows;C:\GENIE2K\EXEFILES;C:\Windows\System32\Wbem;C:\Windows\System32\WindowsPowerShell\v1.0\;C:\Program Files\Intel\Intel(R) Management Engine Components\DAL;C:\Program Files\Intel\Intel(R) Management Engine Components\IPT;C:\Program Files (x86)\Intel\Intel(R) Management Engine Components\DAL;C:\Program Files (x86)\Intel\Intel(R) Management Engine Components\IPT;C:\Program Files\Intel\WiFi\bin\;C:\Program Files\Common Files\Intel\WirelessCommon\;C:\Program Files\Lenovo\Fingerprint Manager Pro\;C:\Program Files (x86)\Common Files\Lenovo;C:\ProgramData\Lenovo\ReadyApps;C:\Program Files (x86)\Common Files\lenovo\easyplussdk\bin;C:\Program Files (x86)\Lenovo\Access Connections\;c:\Program Files (x86)\Microsoft SQL Server\100\Tools\Binn\;c:\Program Files\Microsoft SQL Server\100\Tools\Binn\;c:\Program Files\Microsoft SQL Server\100\DTS\Binn\;C:\Program Files (x86)\Windows Kits\8.1\Windows Performance Toolkit\;C:\Program Files\Microsoft SQL Server\110\Tools\Binn\;;C:\Program Files (x86)\Bitvise SSH Client;C:\Program Files (x86)\Pico Technology\PicoScope6\;c:\Program Files (x86)\Microsoft SQL Server\90\Tools\binn\;c:\Program Files (x86)\Microsoft SQL Server\100\Tools\Binn\VSShell\Common7\IDE\;c:\Program Files (x86)\Microsoft SQL Server\100\DTS\Binn\;C:\Program Files (x86)\Skype\Phone\;C:\Program Files (x86)\Microchip\mplabc18\v3.47\mpasm;C:\Program Files (x86)\Microchip\mplabc18\v3.47\bin;C:\Program Files (x86)\Sophos\Sophos SSL VPN Client\bin
USERNAME=jga
OS=Windows_NT
PROCESSOR_IDENTIFIER=Intel64 Family 6 Model 69 Stepping 1, GenuineIntel



---------------  S Y S T E M  ---------------

OS: Windows 7 , 64 bit Build 7601 (6.1.7601.23807)

CPU:total 4 (2 cores per cpu, 2 threads per core) family 6 model 69 stepping 1, cmov, cx8, fxsr, mmx, sse, sse2, sse3, ssse3, sse4.1, sse4.2, popcnt, avx, avx2, aes, clmul, erms, lzcnt, ht, tsc, tscinvbit, bmi1, bmi2

Memory: 4k page, physical 8068928k(660808k free), swap 10442988k(201060k free)

vm_info: Java HotSpot(TM) 64-Bit Server VM (25.101-b13) for windows-amd64 JRE (1.8.0_101-b13), built on Jun 22 2016 01:21:29 by "java_re" with MS VC++ 10.0 (VS2010)

time: Thu Jul 13 14:19:33 2017
elapsed time: 0 seconds (0d 0h 0m 0s)

