#
# There is insufficient memory for the Java Runtime Environment to continue.
# Native memory allocation (malloc) failed to allocate 178736 bytes for Chunk::new
# Possible reasons:
#   The system is out of physical RAM or swap space
#   In 32 bit mode, the process size limit was hit
# Possible solutions:
#   Reduce memory load on the system
#   Increase physical memory or swap space
#   Check if swap backing store is full
#   Use 64 bit Java on a 64 bit OS
#   Decrease Java heap size (-Xmx/-Xms)
#   Decrease number of Java threads
#   Decrease Java thread stack sizes (-Xss)
#   Set larger code cache with -XX:ReservedCodeCacheSize=
# This output file may be truncated or incomplete.
#
#  Out of Memory Error (allocation.cpp:390), pid=9652, tid=0x0000000000001268
#
# JRE version: Java(TM) SE Runtime Environment (8.0_101-b13) (build 1.8.0_101-b13)
# Java VM: Java HotSpot(TM) 64-Bit Server VM (25.101-b13 mixed mode windows-amd64 compressed oops)
# Failed to write core dump. Minidumps are not enabled by default on client versions of Windows
#

---------------  T H R E A D  ---------------

Current thread (0x0000000014f8a800):  JavaThread "C2 CompilerThread1" daemon [_thread_in_native, id=4712, stack(0x0000000016bd0000,0x0000000016cd0000)]

Stack: [0x0000000016bd0000,0x0000000016cd0000]
[error occurred during error reporting (printing stack bounds), id 0xc0000005]

Native frames: (J=compiled Java code, j=interpreted, Vv=VM code, C=native code)


Current CompileTask:
C2:   2338 1103   !   4       com.android.dx.cf.cst.ConstantPoolParser::parse0 (731 bytes)


---------------  P R O C E S S  ---------------

Java Threads: ( => current thread )
  0x00000000169d7000 JavaThread "pool-1-thread-4" [_thread_blocked, id=7328, stack(0x00000000177d0000,0x00000000178d0000)]
  0x00000000169c3800 JavaThread "pool-1-thread-3" [_thread_in_vm, id=3340, stack(0x0000000017530000,0x0000000017630000)]
  0x00000000169c2800 JavaThread "pool-1-thread-2" [_thread_blocked, id=6132, stack(0x0000000017430000,0x0000000017530000)]
  0x00000000169fd000 JavaThread "pool-2-thread-1" [_thread_blocked, id=13168, stack(0x0000000016f40000,0x0000000017040000)]
  0x00000000168f6000 JavaThread "pool-1-thread-1" [_thread_blocked, id=10796, stack(0x0000000017270000,0x0000000017370000)]
  0x00000000167af800 JavaThread "Service Thread" daemon [_thread_blocked, id=952, stack(0x0000000017040000,0x0000000017140000)]
  0x0000000016741800 JavaThread "C1 CompilerThread2" daemon [_thread_in_native, id=4652, stack(0x0000000016e40000,0x0000000016f40000)]
=>0x0000000014f8a800 JavaThread "C2 CompilerThread1" daemon [_thread_in_native, id=4712, stack(0x0000000016bd0000,0x0000000016cd0000)]
  0x0000000014f87000 JavaThread "C2 CompilerThread0" daemon [_thread_in_native, id=6632, stack(0x00000000160b0000,0x00000000161b0000)]
  0x0000000014f82800 JavaThread "Attach Listener" daemon [_thread_blocked, id=3884, stack(0x0000000016640000,0x0000000016740000)]
  0x0000000014f81000 JavaThread "Signal Dispatcher" daemon [_thread_blocked, id=13268, stack(0x0000000016450000,0x0000000016550000)]
  0x0000000014f6a000 JavaThread "Finalizer" daemon [_thread_blocked, id=3244, stack(0x0000000016260000,0x0000000016360000)]
  0x0000000014f23000 JavaThread "Reference Handler" daemon [_thread_blocked, id=4740, stack(0x0000000015e80000,0x0000000015f80000)]
  0x0000000001b8f000 JavaThread "main" [_thread_in_vm, id=10660, stack(0x0000000002450000,0x0000000002550000)]

Other Threads:
  0x0000000014f1b000 VMThread [stack: 0x0000000015fa0000,0x00000000160a0000] [id=3612]
  0x0000000016749800 WatcherThread [stack: 0x0000000016d20000,0x0000000016e20000] [id=12860]

VM state:not at safepoint (normal execution)

VM Mutex/Monitor currently owned by a thread: None

Heap:
 PSYoungGen      total 36864K, used 9070K [0x00000000eab00000, 0x00000000ed400000, 0x0000000100000000)
  eden space 31744K, 12% used [0x00000000eab00000,0x00000000eaede4b8,0x00000000eca00000)
  from space 5120K, 99% used [0x00000000eca00000,0x00000000ecefd630,0x00000000ecf00000)
  to   space 5120K, 0% used [0x00000000ecf00000,0x00000000ecf00000,0x00000000ed400000)
 ParOldGen       total 84992K, used 1237K [0x00000000c0000000, 0x00000000c5300000, 0x00000000eab00000)
  object space 84992K, 1% used [0x00000000c0000000,0x00000000c01354f8,0x00000000c5300000)
 Metaspace       used 5935K, capacity 6834K, committed 7040K, reserved 1056768K
  class space    used 604K, capacity 618K, committed 640K, reserved 1048576K

Card table byte_map: [0x0000000011be0000,0x0000000011df0000] byte_map_base: 0x00000000115e0000

Marking Bits: (ParMarkBitMap*) 0x000000005442a6d0
 Begin Bits: [0x0000000012390000, 0x0000000013390000)
 End Bits:   [0x0000000013390000, 0x0000000014390000)

Polling page: 0x0000000001b60000

CodeCache: size=245760Kb used=4104Kb max_used=4104Kb free=241655Kb
 bounds [0x0000000002820000, 0x0000000002c30000, 0x0000000011820000]
 total_blobs=1360 nmethods=1091 adapters=182
 compilation: enabled

Compilation events (10 events):
Event: 2.318 Thread 0x0000000016741800 nmethod 1142 0x0000000002c08b50 code [0x0000000002c08cc0, 0x0000000002c09010]
Event: 2.318 Thread 0x0000000016741800 1139       3       com.android.dx.cf.code.ByteCatchList::listFor (120 bytes)
Event: 2.319 Thread 0x0000000016741800 nmethod 1139 0x0000000002c0b990 code [0x0000000002c0bc20, 0x0000000002c0d0e8]
Event: 2.319 Thread 0x0000000016741800 1140       3       com.android.dx.cf.code.ByteCatchList::toTargetList (114 bytes)
Event: 2.320 Thread 0x0000000016741800 nmethod 1140 0x0000000002c0ddd0 code [0x0000000002c0e000, 0x0000000002c0ed68]
Event: 2.320 Thread 0x0000000016741800 1150       3       com.android.dx.rop.code.RegisterSpecList::withFirst (64 bytes)
Event: 2.322 Thread 0x0000000016741800 nmethod 1150 0x0000000002c0f210 code [0x0000000002c0f4a0, 0x0000000002c107c8]
Event: 2.322 Thread 0x0000000016741800 1155   !   3       com.android.dx.cf.code.Ropper::processBlock (1101 bytes)
Event: 2.323 Thread 0x0000000014f87000 nmethod 1137 0x0000000002c03350 code [0x0000000002c034a0, 0x0000000002c03878]
Event: 2.323 Thread 0x0000000014f87000 1141   !   4       com.android.dx.cf.code.BytecodeArray::parseInstruction (2764 bytes)

GC Heap History (2 events):
Event: 2.127 GC heap before
{Heap before GC invocations=1 (full 0):
 PSYoungGen      total 36864K, used 31744K [0x00000000eab00000, 0x00000000ed400000, 0x0000000100000000)
  eden space 31744K, 100% used [0x00000000eab00000,0x00000000eca00000,0x00000000eca00000)
  from space 5120K, 0% used [0x00000000ecf00000,0x00000000ecf00000,0x00000000ed400000)
  to   space 5120K, 0% used [0x00000000eca00000,0x00000000eca00000,0x00000000ecf00000)
 ParOldGen       total 84992K, used 0K [0x00000000c0000000, 0x00000000c5300000, 0x00000000eab00000)
  object space 84992K, 0% used [0x00000000c0000000,0x00000000c0000000,0x00000000c5300000)
 Metaspace       used 5876K, capacity 6834K, committed 7040K, reserved 1056768K
  class space    used 604K, capacity 618K, committed 640K, reserved 1048576K
Event: 2.207 GC heap after
Heap after GC invocations=1 (full 0):
 PSYoungGen      total 36864K, used 5109K [0x00000000eab00000, 0x00000000ed400000, 0x0000000100000000)
  eden space 31744K, 0% used [0x00000000eab00000,0x00000000eab00000,0x00000000eca00000)
  from space 5120K, 99% used [0x00000000eca00000,0x00000000ecefd630,0x00000000ecf00000)
  to   space 5120K, 0% used [0x00000000ecf00000,0x00000000ecf00000,0x00000000ed400000)
 ParOldGen       total 84992K, used 1237K [0x00000000c0000000, 0x00000000c5300000, 0x00000000eab00000)
  object space 84992K, 1% used [0x00000000c0000000,0x00000000c01354f8,0x00000000c5300000)
 Metaspace       used 5876K, capacity 6834K, committed 7040K, reserved 1056768K
  class space    used 604K, capacity 618K, committed 640K, reserved 1048576K
}

Deoptimization events (6 events):
Event: 1.410 Thread 0x00000000169c2800 Uncommon trap: reason=unstable_if action=reinterpret pc=0x0000000002a370bc method=java.util.HashMap.getNode(ILjava/lang/Object;)Ljava/util/HashMap$Node; @ 62
Event: 1.869 Thread 0x00000000168f6000 Uncommon trap: reason=class_check action=maybe_recompile pc=0x0000000002a625c0 method=com.android.dx.ssa.NormalSsaInsn.accept(Lcom/android/dx/ssa/SsaInsn$Visitor;)V @ 9
Event: 1.869 Thread 0x00000000168f6000 Uncommon trap: reason=class_check action=maybe_recompile pc=0x0000000002a625c0 method=com.android.dx.ssa.NormalSsaInsn.accept(Lcom/android/dx/ssa/SsaInsn$Visitor;)V @ 9
Event: 1.869 Thread 0x00000000168f6000 Uncommon trap: reason=class_check action=maybe_recompile pc=0x0000000002a625c0 method=com.android.dx.ssa.NormalSsaInsn.accept(Lcom/android/dx/ssa/SsaInsn$Visitor;)V @ 9
Event: 1.870 Thread 0x00000000168f6000 Uncommon trap: reason=class_check action=maybe_recompile pc=0x0000000002a625c0 method=com.android.dx.ssa.NormalSsaInsn.accept(Lcom/android/dx/ssa/SsaInsn$Visitor;)V @ 9
Event: 1.870 Thread 0x00000000168f6000 Uncommon trap: reason=class_check action=maybe_recompile pc=0x0000000002a39d20 method=com.android.dx.ssa.NormalSsaInsn.accept(Lcom/android/dx/ssa/SsaInsn$Visitor;)V @ 9

Internal exceptions (2 events):
Event: 0.159 Thread 0x0000000001b8f000 Exception <a 'java/lang/NoSuchMethodError': Method sun.misc.Unsafe.defineClass(Ljava/lang/String;[BII)Ljava/lang/Class; name or signature does not match> (0x00000000eab07cc0) thrown at [C:\re\workspace\8-2-build-windows-amd64-cygwin\jdk8u101\7261\hotspot\sêB3Ï`Ä?
Event: 0.159 Thread 0x0000000001b8f000 Exception <a 'java/lang/NoSuchMethodError': Method sun.misc.Unsafe.prefetchRead(Ljava/lang/Object;J)V name or signature does not match> (0x00000000eab07fa8) thrown at [C:\re\workspace\8-2-build-windows-amd64-cygwin\jdk8u101\7261\hotspot\src\share\vm\prims\

Events (10 events):
Event: 1.870 Thread 0x00000000168f6000 DEOPT PACKING pc=0x0000000002a39d20 sp=0x000000001736ecb0
Event: 1.870 Thread 0x00000000168f6000 DEOPT UNPACKING pc=0x000000000286582a sp=0x000000001736ec50 mode 2
Event: 1.875 loading class java/util/TreeMap$EntrySet
Event: 1.875 loading class java/util/TreeMap$EntrySet done
Event: 1.875 loading class java/util/TreeMap$EntryIterator
Event: 1.875 loading class java/util/TreeMap$EntryIterator done
Event: 1.875 Executing VM operation: Deoptimize
Event: 1.877 Executing VM operation: Deoptimize done
Event: 2.126 Executing VM operation: ParallelGCFailedAllocation
Event: 2.207 Executing VM operation: ParallelGCFailedAllocation done


Dynamic libraries:
0x000000013fff0000 - 0x0000000140027000 	C:\Program Files\Java\jdk1.8.0_101\bin\java.exe
0x0000000077780000 - 0x000000007792a000 	C:\Windows\SYSTEM32\ntdll.dll
0x0000000077560000 - 0x000000007767f000 	C:\Windows\system32\kernel32.dll
0x000007fefd640000 - 0x000007fefd6aa000 	C:\Windows\system32\KERNELBASE.dll
0x000007feff1b0000 - 0x000007feff28b000 	C:\Windows\system32\ADVAPI32.dll
0x000007feff100000 - 0x000007feff19f000 	C:\Windows\system32\msvcrt.dll
0x000007fefdea0000 - 0x000007fefdebf000 	C:\Windows\SYSTEM32\sechost.dll
0x000007fefeec0000 - 0x000007fefefed000 	C:\Windows\system32\RPCRT4.dll
0x0000000077680000 - 0x000000007777a000 	C:\Windows\system32\USER32.dll
0x000007fefd870000 - 0x000007fefd8d7000 	C:\Windows\system32\GDI32.dll
0x000007feff1a0000 - 0x000007feff1ae000 	C:\Windows\system32\LPK.dll
0x000007fefec50000 - 0x000007fefed1a000 	C:\Windows\system32\USP10.dll
0x000007fefbae0000 - 0x000007fefbcd4000 	C:\Windows\WinSxS\amd64_microsoft.windows.common-controls_6595b64144ccf1df_6.0.7601.18837_none_fa3b1e3d17594757\COMCTL32.dll
0x000007feffa10000 - 0x000007feffa81000 	C:\Windows\system32\SHLWAPI.dll
0x000007feff430000 - 0x000007feff45e000 	C:\Windows\system32\IMM32.DLL
0x000007fefeff0000 - 0x000007feff0f9000 	C:\Windows\system32\MSCTF.dll
0x000000005e290000 - 0x000000005e362000 	C:\Program Files\Java\jdk1.8.0_101\jre\bin\msvcr100.dll
0x0000000053c10000 - 0x00000000544aa000 	C:\Program Files\Java\jdk1.8.0_101\jre\bin\server\jvm.dll
0x000007fefb530000 - 0x000007fefb539000 	C:\Windows\system32\WSOCK32.dll
0x000007feff460000 - 0x000007feff4ad000 	C:\Windows\system32\WS2_32.dll
0x000007feff290000 - 0x000007feff298000 	C:\Windows\system32\NSI.dll
0x000007fefab50000 - 0x000007fefab8b000 	C:\Windows\system32\WINMM.dll
0x000007fefc590000 - 0x000007fefc59c000 	C:\Windows\system32\VERSION.dll
0x0000000077940000 - 0x0000000077947000 	C:\Windows\system32\PSAPI.DLL
0x0000000071b20000 - 0x0000000071b2f000 	C:\Program Files\Java\jdk1.8.0_101\jre\bin\verify.dll
0x000000005f840000 - 0x000000005f869000 	C:\Program Files\Java\jdk1.8.0_101\jre\bin\java.dll
0x000000006e110000 - 0x000000006e126000 	C:\Program Files\Java\jdk1.8.0_101\jre\bin\zip.dll
0x000007fefdec0000 - 0x000007fefec4a000 	C:\Windows\system32\SHELL32.dll
0x000007fefd8e0000 - 0x000007fefdae3000 	C:\Windows\system32\ole32.dll
0x000007fefd4b0000 - 0x000007fefd4bf000 	C:\Windows\system32\profapi.dll

VM Arguments:
jvm_args: -Djava.awt.headless=true -Xmx1024M -Dfile.encoding=windows-1257 -Duser.country=US -Duser.language=en -Duser.variant 
java_command: com.android.dx.command.Main --dex --force-jumbo --num-threads=4 --output C:\Users\jga\AndroidStudioProjects\dbconnect BRD_ALL_V1.0.5HC\app\build\intermediates\pre-dexed\debug\com.android.support-support-media-compat-24.2.0_374bdc4807a8970ff0df34fdc0641149f014b23e.jar C:\Users\jga\AndroidStudioProjects\dbconnect BRD_ALL_V1.0.5HC\app\build\intermediates\exploded-aar\com.android.support\support-media-compat\24.2.0\jars\classes.jar
java_class_path (initial): C:\Users\jga\AppData\Local\Android\sdk\build-tools\24.0.2\lib\dx.jar
Launcher Type: SUN_STANDARD

Environment Variables:
PATH=C:\ProgramData\Oracle\Java\javapath;C:\Program Files\Pico Technology\SDK\lib\;C:\Program Files (x86)\Intel\iCLS Client\;C:\Program Files\Intel\iCLS Client\;C:\Windows\system32;C:\Windows;C:\GENIE2K\EXEFILES;C:\Windows\System32\Wbem;C:\Windows\System32\WindowsPowerShell\v1.0\;C:\Program Files\Intel\Intel(R) Management Engine Components\DAL;C:\Program Files\Intel\Intel(R) Management Engine Components\IPT;C:\Program Files (x86)\Intel\Intel(R) Management Engine Components\DAL;C:\Program Files (x86)\Intel\Intel(R) Management Engine Components\IPT;C:\Program Files\Intel\WiFi\bin\;C:\Program Files\Common Files\Intel\WirelessCommon\;C:\Program Files\Lenovo\Fingerprint Manager Pro\;C:\Program Files (x86)\Common Files\Lenovo;C:\ProgramData\Lenovo\ReadyApps;C:\Program Files (x86)\Common Files\lenovo\easyplussdk\bin;C:\Program Files (x86)\Lenovo\Access Connections\;c:\Program Files (x86)\Microsoft SQL Server\100\Tools\Binn\;c:\Program Files\Microsoft SQL Server\100\Tools\Binn\;c:\Program Files\Microsoft SQL Server\100\DTS\Binn\;C:\Program Files (x86)\Windows Kits\8.1\Windows Performance Toolkit\;C:\Program Files\Microsoft SQL Server\110\Tools\Binn\;;C:\Program Files (x86)\Bitvise SSH Client;C:\Program Files (x86)\Pico Technology\PicoScope6\;c:\Program Files (x86)\Microsoft SQL Server\90\Tools\binn\;c:\Program Files (x86)\Microsoft SQL Server\100\Tools\Binn\VSShell\Common7\IDE\;c:\Program Files (x86)\Microsoft SQL Server\100\DTS\Binn\;C:\Program Files (x86)\Skype\Phone\;C:\Program Files (x86)\Microchip\mplabc18\v3.47\mpasm;C:\Program Files (x86)\Microchip\mplabc18\v3.47\bin;C:\Program Files (x86)\Sophos\Sophos SSL VPN Client\bin
USERNAME=jga
OS=Windows_NT
PROCESSOR_IDENTIFIER=Intel64 Family 6 Model 69 Stepping 1, GenuineIntel



---------------  S Y S T E M  ---------------

OS: Windows 7 , 64 bit Build 7601 (6.1.7601.23572)

CPU:total 4 (2 cores per cpu, 2 threads per core) family 6 model 69 stepping 1, cmov, cx8, fxsr, mmx, sse, sse2, sse3, ssse3, sse4.1, sse4.2, popcnt, avx, avx2, aes, clmul, erms, lzcnt, ht, tsc, tscinvbit, bmi1, bmi2

Memory: 4k page, physical 8068928k(230568k free), swap 12610272k(5180k free)

vm_info: Java HotSpot(TM) 64-Bit Server VM (25.101-b13) for windows-amd64 JRE (1.8.0_101-b13), built on Jun 22 2016 01:21:29 by "java_re" with MS VC++ 10.0 (VS2010)

time: Wed Mar 15 21:36:57 2017
elapsed time: 2 seconds (0d 0h 0m 2s)

