#
# There is insufficient memory for the Java Runtime Environment to continue.
# Native memory allocation (malloc) failed to allocate 32744 bytes for ChunkPool::allocate
# Possible reasons:
#   The system is out of physical RAM or swap space
#   In 32 bit mode, the process size limit was hit
# Possible solutions:
#   Reduce memory load on the system
#   Increase physical memory or swap space
#   Check if swap backing store is full
#   Use 64 bit Java on a 64 bit OS
#   Decrease Java heap size (-Xmx/-Xms)
#   Decrease number of Java threads
#   Decrease Java thread stack sizes (-Xss)
#   Set larger code cache with -XX:ReservedCodeCacheSize=
# This output file may be truncated or incomplete.
#
#  Out of Memory Error (allocation.cpp:273), pid=9848, tid=0x0000000000001b2c
#
# JRE version: Java(TM) SE Runtime Environment (8.0_101-b13) (build 1.8.0_101-b13)
# Java VM: Java HotSpot(TM) 64-Bit Server VM (25.101-b13 mixed mode windows-amd64 compressed oops)
# Failed to write core dump. Minidumps are not enabled by default on client versions of Windows
#

---------------  T H R E A D  ---------------

Current thread (0x0000000056a7d800):  JavaThread "C1 CompilerThread2" daemon [_thread_in_native, id=6956, stack(0x0000000057030000,0x0000000057130000)]

Stack: [0x0000000057030000,0x0000000057130000]
[error occurred during error reporting (printing stack bounds), id 0xc0000005]

Native frames: (J=compiled Java code, j=interpreted, Vv=VM code, C=native code)


Current CompileTask:
C1:    558  105       3       java.util.regex.Pattern::newSlice (181 bytes)


---------------  P R O C E S S  ---------------

Java Threads: ( => current thread )
  0x0000000056a81800 JavaThread "Service Thread" daemon [_thread_blocked, id=7584, stack(0x00000000572f0000,0x00000000573f0000)]
=>0x0000000056a7d800 JavaThread "C1 CompilerThread2" daemon [_thread_in_native, id=6956, stack(0x0000000057030000,0x0000000057130000)]
  0x0000000056a79000 JavaThread "C2 CompilerThread1" daemon [_thread_in_native, id=11748, stack(0x0000000056ec0000,0x0000000056fc0000)]
  0x0000000055141800 JavaThread "C2 CompilerThread0" daemon [_thread_in_native, id=7500, stack(0x0000000056440000,0x0000000056540000)]
  0x000000005513d800 JavaThread "Attach Listener" daemon [_thread_blocked, id=11044, stack(0x0000000056920000,0x0000000056a20000)]
  0x000000005514e800 JavaThread "Signal Dispatcher" daemon [_thread_blocked, id=4980, stack(0x0000000056700000,0x0000000056800000)]
  0x000000005512a000 JavaThread "Finalizer" daemon [_thread_blocked, id=3380, stack(0x0000000056540000,0x0000000056640000)]
  0x00000000550e3000 JavaThread "Reference Handler" daemon [_thread_blocked, id=6356, stack(0x00000000562e0000,0x00000000563e0000)]
  0x00000000023af000 JavaThread "main" [_thread_in_Java, id=10100, stack(0x0000000002500000,0x0000000002600000)]

Other Threads:
  0x00000000550db000 VMThread [stack: 0x0000000056100000,0x0000000056200000] [id=8168]
  0x0000000056a8f800 WatcherThread [stack: 0x00000000571d0000,0x00000000572d0000] [id=9628]

VM state:not at safepoint (normal execution)

VM Mutex/Monitor currently owned by a thread: None

Heap:
 PSYoungGen      total 36864K, used 3814K [0x00000000eab00000, 0x00000000ed400000, 0x0000000100000000)
  eden space 31744K, 12% used [0x00000000eab00000,0x00000000eaeb9bf0,0x00000000eca00000)
  from space 5120K, 0% used [0x00000000ecf00000,0x00000000ecf00000,0x00000000ed400000)
  to   space 5120K, 0% used [0x00000000eca00000,0x00000000eca00000,0x00000000ecf00000)
 ParOldGen       total 84992K, used 0K [0x00000000c0000000, 0x00000000c5300000, 0x00000000eab00000)
  object space 84992K, 0% used [0x00000000c0000000,0x00000000c0000000,0x00000000c5300000)
 Metaspace       used 3369K, capacity 4720K, committed 4864K, reserved 1056768K
  class space    used 372K, capacity 424K, committed 512K, reserved 1048576K

Card table byte_map: [0x0000000011c90000,0x0000000011ea0000] byte_map_base: 0x0000000011690000

Marking Bits: (ParMarkBitMap*) 0x000000006540a6d0
 Begin Bits: [0x0000000012550000, 0x0000000013550000)
 End Bits:   [0x0000000013550000, 0x0000000014550000)

Polling page: 0x0000000000130000

CodeCache: size=245760Kb used=1246Kb max_used=1257Kb free=244513Kb
 bounds [0x00000000028d0000, 0x0000000002b40000, 0x00000000118d0000]
 total_blobs=349 nmethods=106 adapters=156
 compilation: enabled

Compilation events (10 events):
Event: 0.547 Thread 0x0000000056a7d800 nmethod 98 0x0000000002a028d0 code [0x0000000002a02a40, 0x0000000002a02c28]
Event: 0.548 Thread 0x0000000056a7d800  100       3       java.util.regex.Pattern$Slice::<init> (6 bytes)
Event: 0.549 Thread 0x0000000056a7d800 nmethod 100 0x0000000002a06250 code [0x0000000002a063c0, 0x0000000002a06670]
Event: 0.554 Thread 0x0000000055141800  104 %     4       java.lang.String::replace @ 20 (127 bytes)
Event: 0.554 Thread 0x0000000056a79000  112       4       java.util.regex.Matcher::reset (83 bytes)
Event: 0.554 Thread 0x0000000056a7d800  110       1       java.lang.String::toString (2 bytes)
Event: 0.554 Thread 0x0000000056a7d800 nmethod 110 0x0000000002a06790 code [0x0000000002a068e0, 0x0000000002a069f0]
Event: 0.554 Thread 0x0000000056a7d800  103       3       java.lang.String::compareTo (78 bytes)
Event: 0.554 Thread 0x0000000056a7d800 nmethod 103 0x0000000002a06a50 code [0x0000000002a06bc0, 0x0000000002a06f10]
Event: 0.554 Thread 0x0000000056a7d800  105       3       java.util.regex.Pattern::newSlice (181 bytes)

GC Heap History (0 events):
No events

Deoptimization events (0 events):
No events

Internal exceptions (2 events):
Event: 0.074 Thread 0x00000000023af000 Exception <a 'java/lang/NoSuchMethodError': Method sun.misc.Unsafe.defineClass(Ljava/lang/String;[BII)Ljava/lang/Class; name or signature does not match> (0x00000000eab07cc0) thrown at [C:\re\workspace\8-2-build-windows-amd64-cygwin\jdk8u101\7261\hotspot\s=uÎø²?
Event: 0.074 Thread 0x00000000023af000 Exception <a 'java/lang/NoSuchMethodError': Method sun.misc.Unsafe.prefetchRead(Ljava/lang/Object;J)V name or signature does not match> (0x00000000eab07fa8) thrown at [C:\re\workspace\8-2-build-windows-amd64-cygwin\jdk8u101\7261\hotspot\src\share\vm\prims\

Events (10 events):
Event: 0.400 loading class java/util/regex/Pattern$SliceNode done
Event: 0.400 loading class java/util/regex/Pattern$Slice done
Event: 0.400 loading class java/util/regex/Pattern$BnM
Event: 0.400 loading class java/util/regex/Pattern$BnM done
Event: 0.400 loading class java/util/regex/Pattern$SliceS
Event: 0.400 loading class java/util/regex/Pattern$SliceS done
Event: 0.400 loading class java/util/regex/Matcher
Event: 0.400 loading class java/util/regex/MatchResult
Event: 0.400 loading class java/util/regex/MatchResult done
Event: 0.400 loading class java/util/regex/Matcher done


Dynamic libraries:
0x000000013fc80000 - 0x000000013fcb7000 	C:\Program Files\Java\jdk1.8.0_101\bin\java.exe
0x0000000077010000 - 0x00000000771ba000 	C:\Windows\SYSTEM32\ntdll.dll
0x0000000076df0000 - 0x0000000076f0f000 	C:\Windows\system32\kernel32.dll
0x000007fefced0000 - 0x000007fefcf3a000 	C:\Windows\system32\KERNELBASE.dll
0x000007fefd460000 - 0x000007fefd53b000 	C:\Windows\system32\ADVAPI32.dll
0x000007fefdc80000 - 0x000007fefdd1f000 	C:\Windows\system32\msvcrt.dll
0x000007fefd390000 - 0x000007fefd3af000 	C:\Windows\SYSTEM32\sechost.dll
0x000007fefd540000 - 0x000007fefd66d000 	C:\Windows\system32\RPCRT4.dll
0x0000000076f10000 - 0x000000007700a000 	C:\Windows\system32\USER32.dll
0x000007fefdf00000 - 0x000007fefdf67000 	C:\Windows\system32\GDI32.dll
0x000007feff080000 - 0x000007feff08e000 	C:\Windows\system32\LPK.dll
0x000007fefdd20000 - 0x000007fefddeb000 	C:\Windows\system32\USP10.dll
0x000007fefb1c0000 - 0x000007fefb3b4000 	C:\Windows\WinSxS\amd64_microsoft.windows.common-controls_6595b64144ccf1df_6.0.7601.18837_none_fa3b1e3d17594757\COMCTL32.dll
0x000007fefd3b0000 - 0x000007fefd421000 	C:\Windows\system32\SHLWAPI.dll
0x000007fefd430000 - 0x000007fefd45e000 	C:\Windows\system32\IMM32.DLL
0x000007fefddf0000 - 0x000007fefdef9000 	C:\Windows\system32\MSCTF.dll
0x000000006bce0000 - 0x000000006bdb2000 	C:\Program Files\Java\jdk1.8.0_101\jre\bin\msvcr100.dll
0x0000000064bf0000 - 0x000000006548a000 	C:\Program Files\Java\jdk1.8.0_101\jre\bin\server\jvm.dll
0x000007fefa280000 - 0x000007fefa289000 	C:\Windows\system32\WSOCK32.dll
0x000007fefeea0000 - 0x000007fefeeed000 	C:\Windows\system32\WS2_32.dll
0x000007feff310000 - 0x000007feff318000 	C:\Windows\system32\NSI.dll
0x000007fefa9a0000 - 0x000007fefa9db000 	C:\Windows\system32\WINMM.dll
0x000007fefbda0000 - 0x000007fefbdac000 	C:\Windows\system32\VERSION.dll
0x00000000771e0000 - 0x00000000771e7000 	C:\Windows\system32\PSAPI.DLL
0x0000000072d30000 - 0x0000000072d3f000 	C:\Program Files\Java\jdk1.8.0_101\jre\bin\verify.dll
0x000000006bcb0000 - 0x000000006bcd9000 	C:\Program Files\Java\jdk1.8.0_101\jre\bin\java.dll
0x0000000072d10000 - 0x0000000072d26000 	C:\Program Files\Java\jdk1.8.0_101\jre\bin\zip.dll
0x000007fefdf70000 - 0x000007fefecfb000 	C:\Windows\system32\SHELL32.dll
0x000007feff090000 - 0x000007feff28c000 	C:\Windows\system32\ole32.dll
0x000007fefcd00000 - 0x000007fefcd0f000 	C:\Windows\system32\profapi.dll

VM Arguments:
jvm_args: -Djava.awt.headless=true -Xmx1024M -Dfile.encoding=windows-1257 -Duser.country=US -Duser.language=en -Duser.variant 
java_command: com.android.dx.command.Main --dex --force-jumbo --num-threads=4 --multi-dex --output C:\Users\jga\AndroidStudioProjects\dbconnect BRD_ALL_V1.0.5AROneCol\app\build\intermediates\transforms\dex\debug\folders\1000\10\com.android.support-support-media-compat-24.2.0_1bc968f6b18dfee7ae81aebb058329563c85521f C:\Users\jga\AndroidStudioProjects\dbconnect BRD_ALL_V1.0.5AROneCol\app\build\intermediates\exploded-aar\com.android.support\support-media-compat\24.2.0\jars\classes.jar
java_class_path (initial): C:\Users\jga\AppData\Local\Android\sdk\build-tools\24.0.2\lib\dx.jar
Launcher Type: SUN_STANDARD

Environment Variables:
PATH=C:\ProgramData\Oracle\Java\javapath;C:\Program Files\Pico Technology\SDK\lib\;C:\Program Files (x86)\Intel\iCLS Client\;C:\Program Files\Intel\iCLS Client\;C:\Windows\system32;C:\Windows;C:\GENIE2K\EXEFILES;C:\Windows\System32\Wbem;C:\Windows\System32\WindowsPowerShell\v1.0\;C:\Program Files\Intel\Intel(R) Management Engine Components\DAL;C:\Program Files\Intel\Intel(R) Management Engine Components\IPT;C:\Program Files (x86)\Intel\Intel(R) Management Engine Components\DAL;C:\Program Files (x86)\Intel\Intel(R) Management Engine Components\IPT;C:\Program Files\Intel\WiFi\bin\;C:\Program Files\Common Files\Intel\WirelessCommon\;C:\Program Files\Lenovo\Fingerprint Manager Pro\;C:\Program Files (x86)\Common Files\Lenovo;C:\ProgramData\Lenovo\ReadyApps;C:\Program Files (x86)\Common Files\lenovo\easyplussdk\bin;C:\Program Files (x86)\Lenovo\Access Connections\;c:\Program Files (x86)\Microsoft SQL Server\100\Tools\Binn\;c:\Program Files\Microsoft SQL Server\100\Tools\Binn\;c:\Program Files\Microsoft SQL Server\100\DTS\Binn\;C:\Program Files (x86)\Windows Kits\8.1\Windows Performance Toolkit\;C:\Program Files\Microsoft SQL Server\110\Tools\Binn\;;C:\Program Files (x86)\Bitvise SSH Client;C:\Program Files (x86)\Pico Technology\PicoScope6\;c:\Program Files (x86)\Microsoft SQL Server\90\Tools\binn\;c:\Program Files (x86)\Microsoft SQL Server\100\Tools\Binn\VSShell\Common7\IDE\;c:\Program Files (x86)\Microsoft SQL Server\100\DTS\Binn\;C:\Program Files (x86)\Skype\Phone\;C:\Program Files (x86)\Microchip\mplabc18\v3.47\mpasm;C:\Program Files (x86)\Microchip\mplabc18\v3.47\bin;C:\Program Files (x86)\Sophos\Sophos SSL VPN Client\bin
USERNAME=jga
OS=Windows_NT
PROCESSOR_IDENTIFIER=Intel64 Family 6 Model 69 Stepping 1, GenuineIntel



---------------  S Y S T E M  ---------------

OS: Windows 7 , 64 bit Build 7601 (6.1.7601.23807)

CPU:total 4 (2 cores per cpu, 2 threads per core) family 6 model 69 stepping 1, cmov, cx8, fxsr, mmx, sse, sse2, sse3, ssse3, sse4.1, sse4.2, popcnt, avx, avx2, aes, clmul, erms, lzcnt, ht, tsc, tscinvbit, bmi1, bmi2

Memory: 4k page, physical 8068928k(650644k free), swap 10442988k(5068k free)

vm_info: Java HotSpot(TM) 64-Bit Server VM (25.101-b13) for windows-amd64 JRE (1.8.0_101-b13), built on Jun 22 2016 01:21:29 by "java_re" with MS VC++ 10.0 (VS2010)

time: Thu Jul 13 14:19:59 2017
elapsed time: 0 seconds (0d 0h 0m 0s)

