#
# There is insufficient memory for the Java Runtime Environment to continue.
# Native memory allocation (malloc) failed to allocate 120512 bytes for Chunk::new
# Possible reasons:
#   The system is out of physical RAM or swap space
#   In 32 bit mode, the process size limit was hit
# Possible solutions:
#   Reduce memory load on the system
#   Increase physical memory or swap space
#   Check if swap backing store is full
#   Use 64 bit Java on a 64 bit OS
#   Decrease Java heap size (-Xmx/-Xms)
#   Decrease number of Java threads
#   Decrease Java thread stack sizes (-Xss)
#   Set larger code cache with -XX:ReservedCodeCacheSize=
# This output file may be truncated or incomplete.
#
#  Out of Memory Error (allocation.cpp:390), pid=10516, tid=0x000000000000209c
#
# JRE version: Java(TM) SE Runtime Environment (8.0_101-b13) (build 1.8.0_101-b13)
# Java VM: Java HotSpot(TM) 64-Bit Server VM (25.101-b13 mixed mode windows-amd64 compressed oops)
# Failed to write core dump. Minidumps are not enabled by default on client versions of Windows
#

---------------  T H R E A D  ---------------

Current thread (0x0000000016316000):  JavaThread "C2 CompilerThread1" daemon [_thread_in_native, id=8348, stack(0x0000000016cb0000,0x0000000016db0000)]

Stack: [0x0000000016cb0000,0x0000000016db0000]
[error occurred during error reporting (printing stack bounds), id 0xc0000005]

Native frames: (J=compiled Java code, j=interpreted, Vv=VM code, C=native code)


Current CompileTask:
C2:   6302 1947   !   4       com.android.dx.cf.code.RopperMachine::run (1550 bytes)


---------------  P R O C E S S  ---------------

Java Threads: ( => current thread )
  0x00000000165fa000 JavaThread "pool-1-thread-4" [_thread_blocked, id=10012, stack(0x0000000017860000,0x0000000017960000)]
  0x00000000165f7000 JavaThread "pool-1-thread-3" [_thread_in_Java, id=8224, stack(0x00000000175f0000,0x00000000176f0000)]
  0x00000000165e3800 JavaThread "pool-1-thread-2" [_thread_blocked, id=8524, stack(0x0000000016ff0000,0x00000000170f0000)]
  0x000000001655f800 JavaThread "pool-2-thread-1" [_thread_blocked, id=504, stack(0x0000000017490000,0x0000000017590000)]
  0x000000001651b000 JavaThread "pool-1-thread-1" [_thread_blocked, id=7480, stack(0x0000000017370000,0x0000000017470000)]
  0x000000001631a000 JavaThread "Service Thread" daemon [_thread_blocked, id=13024, stack(0x00000000170f0000,0x00000000171f0000)]
  0x0000000016317000 JavaThread "C1 CompilerThread2" daemon [_thread_blocked, id=7560, stack(0x0000000016e50000,0x0000000016f50000)]
=>0x0000000016316000 JavaThread "C2 CompilerThread1" daemon [_thread_in_native, id=8348, stack(0x0000000016cb0000,0x0000000016db0000)]
  0x0000000016312800 JavaThread "C2 CompilerThread0" daemon [_thread_in_native, id=9548, stack(0x0000000016780000,0x0000000016880000)]
  0x0000000015042800 JavaThread "Attach Listener" daemon [_thread_blocked, id=772, stack(0x0000000016ac0000,0x0000000016bc0000)]
  0x0000000015041000 JavaThread "Signal Dispatcher" daemon [_thread_blocked, id=11324, stack(0x00000000168e0000,0x00000000169e0000)]
  0x0000000015024000 JavaThread "Finalizer" daemon [_thread_blocked, id=10888, stack(0x0000000015f90000,0x0000000016090000)]
  0x0000000014fe2800 JavaThread "Reference Handler" daemon [_thread_blocked, id=6260, stack(0x0000000016210000,0x0000000016310000)]
  0x00000000021ef000 JavaThread "main" [_thread_blocked, id=12008, stack(0x00000000023f0000,0x00000000024f0000)]

Other Threads:
  0x0000000014fdb000 VMThread [stack: 0x00000000160a0000,0x00000000161a0000] [id=3428]
  0x00000000163a3800 WatcherThread [stack: 0x0000000017270000,0x0000000017370000] [id=12932]

VM state:not at safepoint (normal execution)

VM Mutex/Monitor currently owned by a thread: None

Heap:
 PSYoungGen      total 132096K, used 26760K [0x00000000eab00000, 0x00000000fcf00000, 0x0000000100000000)
  eden space 126976K, 17% used [0x00000000eab00000,0x00000000ec022900,0x00000000f2700000)
  from space 5120K, 99% used [0x00000000f2700000,0x00000000f2bff9d0,0x00000000f2c00000)
  to   space 22528K, 0% used [0x00000000fb900000,0x00000000fb900000,0x00000000fcf00000)
 ParOldGen       total 84992K, used 40111K [0x00000000c0000000, 0x00000000c5300000, 0x00000000eab00000)
  object space 84992K, 47% used [0x00000000c0000000,0x00000000c272bde8,0x00000000c5300000)
 Metaspace       used 6320K, capacity 7128K, committed 7424K, reserved 1056768K
  class space    used 624K, capacity 656K, committed 768K, reserved 1048576K

Card table byte_map: [0x0000000011b80000,0x0000000011d90000] byte_map_base: 0x0000000011580000

Marking Bits: (ParMarkBitMap*) 0x000000005442a6d0
 Begin Bits: [0x0000000012450000, 0x0000000013450000)
 End Bits:   [0x0000000013450000, 0x0000000014450000)

Polling page: 0x0000000000140000

CodeCache: size=245760Kb used=7889Kb max_used=7901Kb free=237870Kb
 bounds [0x00000000027c0000, 0x0000000002f80000, 0x00000000117c0000]
 total_blobs=2156 nmethods=1887 adapters=182
 compilation: enabled

Compilation events (10 events):
Event: 6.179 Thread 0x0000000016316000 nmethod 2060 0x0000000002f70750 code [0x0000000002f708e0, 0x0000000002f70f98]
Event: 6.179 Thread 0x0000000016316000 2025       4       com.android.dx.rop.code.BasicBlockList::forEachInsn (39 bytes)
Event: 6.183 Thread 0x0000000016316000 nmethod 2025 0x0000000002f6ff50 code [0x0000000002f700a0, 0x0000000002f70338]
Event: 6.183 Thread 0x0000000016316000 2068 %     4       com.android.dx.ssa.DomFront::calcDomFronts @ 10 (154 bytes)
Event: 6.205 Thread 0x0000000016316000 nmethod 2068% 0x0000000002f72190 code [0x0000000002f72320, 0x0000000002f72d58]
Event: 6.205 Thread 0x0000000016316000 1890       4       com.android.dx.ssa.SsaMethod::isRegALocal (90 bytes)
Event: 6.227 Thread 0x0000000016316000 nmethod 1890 0x0000000002f79fd0 code [0x0000000002f7a1e0, 0x0000000002f7ac78]
Event: 6.227 Thread 0x0000000016316000 1934       4       com.android.dx.ssa.SCCP::simulatePhiBlock (50 bytes)
Event: 6.231 Thread 0x0000000016316000 nmethod 1934 0x0000000002f71ad0 code [0x0000000002f71c20, 0x0000000002f71e68]
Event: 6.231 Thread 0x0000000016316000 1947   !   4       com.android.dx.cf.code.RopperMachine::run (1550 bytes)

GC Heap History (10 events):
Event: 1.989 GC heap before
{Heap before GC invocations=1 (full 0):
 PSYoungGen      total 36864K, used 31744K [0x00000000eab00000, 0x00000000ed400000, 0x0000000100000000)
  eden space 31744K, 100% used [0x00000000eab00000,0x00000000eca00000,0x00000000eca00000)
  from space 5120K, 0% used [0x00000000ecf00000,0x00000000ecf00000,0x00000000ed400000)
  to   space 5120K, 0% used [0x00000000eca00000,0x00000000eca00000,0x00000000ecf00000)
 ParOldGen       total 84992K, used 0K [0x00000000c0000000, 0x00000000c5300000, 0x00000000eab00000)
  object space 84992K, 0% used [0x00000000c0000000,0x00000000c0000000,0x00000000c5300000)
 Metaspace       used 5894K, capacity 6836K, committed 7040K, reserved 1056768K
  class space    used 600K, capacity 620K, committed 640K, reserved 1048576K
Event: 2.025 GC heap after
Heap after GC invocations=1 (full 0):
 PSYoungGen      total 36864K, used 5090K [0x00000000eab00000, 0x00000000ef300000, 0x0000000100000000)
  eden space 31744K, 0% used [0x00000000eab00000,0x00000000eab00000,0x00000000eca00000)
  from space 5120K, 99% used [0x00000000eca00000,0x00000000ecef8828,0x00000000ecf00000)
  to   space 5120K, 0% used [0x00000000eee00000,0x00000000eee00000,0x00000000ef300000)
 ParOldGen       total 84992K, used 2880K [0x00000000c0000000, 0x00000000c5300000, 0x00000000eab00000)
  object space 84992K, 3% used [0x00000000c0000000,0x00000000c02d02f8,0x00000000c5300000)
 Metaspace       used 5894K, capacity 6836K, committed 7040K, reserved 1056768K
  class space    used 600K, capacity 620K, committed 640K, reserved 1048576K
}
Event: 2.434 GC heap before
{Heap before GC invocations=2 (full 0):
 PSYoungGen      total 36864K, used 36834K [0x00000000eab00000, 0x00000000ef300000, 0x0000000100000000)
  eden space 31744K, 100% used [0x00000000eab00000,0x00000000eca00000,0x00000000eca00000)
  from space 5120K, 99% used [0x00000000eca00000,0x00000000ecef8828,0x00000000ecf00000)
  to   space 5120K, 0% used [0x00000000eee00000,0x00000000eee00000,0x00000000ef300000)
 ParOldGen       total 84992K, used 2880K [0x00000000c0000000, 0x00000000c5300000, 0x00000000eab00000)
  object space 84992K, 3% used [0x00000000c0000000,0x00000000c02d02f8,0x00000000c5300000)
 Metaspace       used 5976K, capacity 6900K, committed 7040K, reserved 1056768K
  class space    used 600K, capacity 620K, committed 640K, reserved 1048576K
Event: 2.612 GC heap after
Heap after GC invocations=2 (full 0):
 PSYoungGen      total 68608K, used 5094K [0x00000000eab00000, 0x00000000ef300000, 0x0000000100000000)
  eden space 63488K, 0% used [0x00000000eab00000,0x00000000eab00000,0x00000000ee900000)
  from space 5120K, 99% used [0x00000000eee00000,0x00000000ef2f9b08,0x00000000ef300000)
  to   space 5120K, 0% used [0x00000000ee900000,0x00000000ee900000,0x00000000eee00000)
 ParOldGen       total 84992K, used 5157K [0x00000000c0000000, 0x00000000c5300000, 0x00000000eab00000)
  object space 84992K, 6% used [0x00000000c0000000,0x00000000c0509578,0x00000000c5300000)
 Metaspace       used 5976K, capacity 6900K, committed 7040K, reserved 1056768K
  class space    used 600K, capacity 620K, committed 640K, reserved 1048576K
}
Event: 3.462 GC heap before
{Heap before GC invocations=3 (full 0):
 PSYoungGen      total 68608K, used 68582K [0x00000000eab00000, 0x00000000ef300000, 0x0000000100000000)
  eden space 63488K, 100% used [0x00000000eab00000,0x00000000ee900000,0x00000000ee900000)
  from space 5120K, 99% used [0x00000000eee00000,0x00000000ef2f9b08,0x00000000ef300000)
  to   space 5120K, 0% used [0x00000000ee900000,0x00000000ee900000,0x00000000eee00000)
 ParOldGen       total 84992K, used 5157K [0x00000000c0000000, 0x00000000c5300000, 0x00000000eab00000)
  object space 84992K, 6% used [0x00000000c0000000,0x00000000c0509578,0x00000000c5300000)
 Metaspace       used 6230K, capacity 7128K, committed 7424K, reserved 1056768K
  class space    used 621K, capacity 656K, committed 768K, reserved 1048576K
Event: 3.715 GC heap after
Heap after GC invocations=3 (full 0):
 PSYoungGen      total 68608K, used 5096K [0x00000000eab00000, 0x00000000f3100000, 0x0000000100000000)
  eden space 63488K, 0% used [0x00000000eab00000,0x00000000eab00000,0x00000000ee900000)
  from space 5120K, 99% used [0x00000000ee900000,0x00000000eedfa1a8,0x00000000eee00000)
  to   space 5120K, 0% used [0x00000000f2c00000,0x00000000f2c00000,0x00000000f3100000)
 ParOldGen       total 84992K, used 14709K [0x00000000c0000000, 0x00000000c5300000, 0x00000000eab00000)
  object space 84992K, 17% used [0x00000000c0000000,0x00000000c0e5d400,0x00000000c5300000)
 Metaspace       used 6230K, capacity 7128K, committed 7424K, reserved 1056768K
  class space    used 621K, capacity 656K, committed 768K, reserved 1048576K
}
Event: 4.074 GC heap before
{Heap before GC invocations=4 (full 0):
 PSYoungGen      total 68608K, used 68584K [0x00000000eab00000, 0x00000000f3100000, 0x0000000100000000)
  eden space 63488K, 100% used [0x00000000eab00000,0x00000000ee900000,0x00000000ee900000)
  from space 5120K, 99% used [0x00000000ee900000,0x00000000eedfa1a8,0x00000000eee00000)
  to   space 5120K, 0% used [0x00000000f2c00000,0x00000000f2c00000,0x00000000f3100000)
 ParOldGen       total 84992K, used 14709K [0x00000000c0000000, 0x00000000c5300000, 0x00000000eab00000)
  object space 84992K, 17% used [0x00000000c0000000,0x00000000c0e5d400,0x00000000c5300000)
 Metaspace       used 6257K, capacity 7128K, committed 7424K, reserved 1056768K
  class space    used 622K, capacity 656K, committed 768K, reserved 1048576K
Event: 4.415 GC heap after
Heap after GC invocations=4 (full 0):
 PSYoungGen      total 132096K, used 5089K [0x00000000eab00000, 0x00000000f3100000, 0x0000000100000000)
  eden space 126976K, 0% used [0x00000000eab00000,0x00000000eab00000,0x00000000f2700000)
  from space 5120K, 99% used [0x00000000f2c00000,0x00000000f30f8638,0x00000000f3100000)
  to   space 5120K, 0% used [0x00000000f2700000,0x00000000f2700000,0x00000000f2c00000)
 ParOldGen       total 84992K, used 26741K [0x00000000c0000000, 0x00000000c5300000, 0x00000000eab00000)
  object space 84992K, 31% used [0x00000000c0000000,0x00000000c1a1d780,0x00000000c5300000)
 Metaspace       used 6257K, capacity 7128K, committed 7424K, reserved 1056768K
  class space    used 622K, capacity 656K, committed 768K, reserved 1048576K
}
Event: 5.432 GC heap before
{Heap before GC invocations=5 (full 0):
 PSYoungGen      total 132096K, used 132065K [0x00000000eab00000, 0x00000000f3100000, 0x0000000100000000)
  eden space 126976K, 100% used [0x00000000eab00000,0x00000000f2700000,0x00000000f2700000)
  from space 5120K, 99% used [0x00000000f2c00000,0x00000000f30f8638,0x00000000f3100000)
  to   space 5120K, 0% used [0x00000000f2700000,0x00000000f2700000,0x00000000f2c00000)
 ParOldGen       total 84992K, used 26741K [0x00000000c0000000, 0x00000000c5300000, 0x00000000eab00000)
  object space 84992K, 31% used [0x00000000c0000000,0x00000000c1a1d780,0x00000000c5300000)
 Metaspace       used 6298K, capacity 7128K, committed 7424K, reserved 1056768K
  class space    used 622K, capacity 656K, committed 768K, reserved 1048576K
Event: 6.029 GC heap after
Heap after GC invocations=5 (full 0):
 PSYoungGen      total 132096K, used 5118K [0x00000000eab00000, 0x00000000fcf00000, 0x0000000100000000)
  eden space 126976K, 0% used [0x00000000eab00000,0x00000000eab00000,0x00000000f2700000)
  from space 5120K, 99% used [0x00000000f2700000,0x00000000f2bff9d0,0x00000000f2c00000)
  to   space 22528K, 0% used [0x00000000fb900000,0x00000000fb900000,0x00000000fcf00000)
 ParOldGen       total 84992K, used 40111K [0x00000000c0000000, 0x00000000c5300000, 0x00000000eab00000)
  object space 84992K, 47% used [0x00000000c0000000,0x00000000c272bde8,0x00000000c5300000)
 Metaspace       used 6298K, capacity 7128K, committed 7424K, reserved 1056768K
  class space    used 622K, capacity 656K, committed 768K, reserved 1048576K
}

Deoptimization events (10 events):
Event: 3.890 Thread 0x000000001651b000 Uncommon trap: reason=bimorphic action=maybe_recompile pc=0x0000000002dd84cc method=com.android.dx.cf.code.BytecodeArray.parseInstruction(ILcom/android/dx/cf/code/BytecodeArray$Visitor;)I @ 2135
Event: 4.007 Thread 0x00000000165e3800 Uncommon trap: reason=bimorphic action=maybe_recompile pc=0x0000000002c7bedc method=com.android.dx.ssa.SCCP.simulatePhi(Lcom/android/dx/ssa/PhiInsn;)V @ 124
Event: 4.007 Thread 0x00000000165e3800 Uncommon trap: reason=bimorphic action=maybe_recompile pc=0x0000000002c7bedc method=com.android.dx.ssa.SCCP.simulatePhi(Lcom/android/dx/ssa/PhiInsn;)V @ 124
Event: 4.007 Thread 0x00000000165e3800 Uncommon trap: reason=bimorphic action=maybe_recompile pc=0x0000000002c7bedc method=com.android.dx.ssa.SCCP.simulatePhi(Lcom/android/dx/ssa/PhiInsn;)V @ 124
Event: 4.007 Thread 0x00000000165e3800 Uncommon trap: reason=bimorphic action=maybe_recompile pc=0x0000000002c7bedc method=com.android.dx.ssa.SCCP.simulatePhi(Lcom/android/dx/ssa/PhiInsn;)V @ 124
Event: 4.017 Thread 0x00000000165e3800 Uncommon trap: reason=unstable_if action=reinterpret pc=0x0000000002d909a0 method=java.util.HashMap.putVal(ILjava/lang/Object;Ljava/lang/Object;ZZ)Ljava/lang/Object; @ 109
Event: 5.009 Thread 0x00000000165e3800 Uncommon trap: reason=bimorphic action=maybe_recompile pc=0x0000000002eb6220 method=com.android.dx.cf.code.BytecodeArray.parseInstruction(ILcom/android/dx/cf/code/BytecodeArray$Visitor;)I @ 1357
Event: 5.009 Thread 0x00000000165e3800 Uncommon trap: reason=bimorphic action=maybe_recompile pc=0x0000000002eb6220 method=com.android.dx.cf.code.BytecodeArray.parseInstruction(ILcom/android/dx/cf/code/BytecodeArray$Visitor;)I @ 1357
Event: 5.382 Thread 0x00000000165e3800 Uncommon trap: reason=bimorphic action=maybe_recompile pc=0x0000000002f51e18 method=com.android.dx.cf.code.BytecodeArray.parseInstruction(ILcom/android/dx/cf/code/BytecodeArray$Visitor;)I @ 2281
Event: 5.383 Thread 0x00000000165e3800 Uncommon trap: reason=bimorphic action=maybe_recompile pc=0x0000000002f51e18 method=com.android.dx.cf.code.BytecodeArray.parseInstruction(ILcom/android/dx/cf/code/BytecodeArray$Visitor;)I @ 2281

Internal exceptions (8 events):
Event: 0.273 Thread 0x00000000021ef000 Exception <a 'java/lang/NoSuchMethodError': Method sun.misc.Unsafe.defineClass(Ljava/lang/String;[BII)Ljava/lang/Class; name or signature does not match> (0x00000000eab07cc0) thrown at [C:\re\workspace\8-2-build-windows-amd64-cygwin\jdk8u101\7261\hotspot\sÜõ÷ç|Ñ?
Event: 0.273 Thread 0x00000000021ef000 Exception <a 'java/lang/NoSuchMethodError': Method sun.misc.Unsafe.prefetchRead(Ljava/lang/Object;J)V name or signature does not match> (0x00000000eab07fa8) thrown at [C:\re\workspace\8-2-build-windows-amd64-cygwin\jdk8u101\7261\hotspot\src\share\vm\prims\å}WÃaú?
Event: 1.649 Thread 0x00000000165fa000 Implicit null exception at 0x0000000002a843b9 to 0x0000000002a865c1
Event: 1.687 Thread 0x00000000165fa000 Implicit null exception at 0x0000000002aedfb1 to 0x0000000002aefebd
Event: 2.949 Thread 0x00000000165fa000 Exception <a 'java/lang/ArrayIndexOutOfBoundsException': 18> (0x00000000eb2f1340) thrown at [C:\re\workspace\8-2-build-windows-amd64-cygwin\jdk8u101\7261\hotspot\src\share\vm\interpreter\interpreterRuntime.cpp, line 366]
Event: 2.955 Thread 0x00000000165fa000 Exception <a 'java/lang/ArrayIndexOutOfBoundsException': 145> (0x00000000eb2f3108) thrown at [C:\re\workspace\8-2-build-windows-amd64-cygwin\jdk8u101\7261\hotspot\src\share\vm\interpreter\interpreterRuntime.cpp, line 366]
Event: 2.956 Thread 0x00000000165fa000 Exception <a 'java/lang/ArrayIndexOutOfBoundsException'> (0x00000000eb2f43f0) thrown at [C:\re\workspace\8-2-build-windows-amd64-cygwin\jdk8u101\7261\hotspot\src\share\vm\runtime\sharedRuntime.cpp, line 605]
Event: 3.301 Thread 0x00000000165e3800 Implicit null exception at 0x0000000002b90c05 to 0x0000000002b90fd1

Events (10 events):
Event: 6.136 Thread 0x00000000165e3800 DEOPT PACKING pc=0x0000000002abcb83 sp=0x00000000170eeb10
Event: 6.136 Thread 0x00000000165e3800 DEOPT UNPACKING pc=0x000000000280787f sp=0x00000000170ee890 mode 0
Event: 6.149 Thread 0x00000000021ef000 DEOPT PACKING pc=0x0000000002b1a178 sp=0x00000000024edf70
Event: 6.149 Thread 0x00000000021ef000 DEOPT UNPACKING pc=0x000000000280787f sp=0x00000000024edc98 mode 0
Event: 6.150 Thread 0x00000000021ef000 DEOPT PACKING pc=0x0000000002b1a178 sp=0x00000000024edf70
Event: 6.150 Thread 0x00000000021ef000 DEOPT UNPACKING pc=0x000000000280787f sp=0x00000000024edc98 mode 0
Event: 6.157 loading class java/util/HashMap$KeySet
Event: 6.157 loading class java/util/HashMap$KeySet done
Event: 6.157 loading class java/util/HashMap$KeyIterator
Event: 6.157 loading class java/util/HashMap$KeyIterator done


Dynamic libraries:
0x000000013fff0000 - 0x0000000140027000 	C:\Program Files\Java\jdk1.8.0_101\bin\java.exe
0x0000000077780000 - 0x000000007792a000 	C:\Windows\SYSTEM32\ntdll.dll
0x0000000077560000 - 0x000000007767f000 	C:\Windows\system32\kernel32.dll
0x000007fefd640000 - 0x000007fefd6aa000 	C:\Windows\system32\KERNELBASE.dll
0x000007feff1b0000 - 0x000007feff28b000 	C:\Windows\system32\ADVAPI32.dll
0x000007feff100000 - 0x000007feff19f000 	C:\Windows\system32\msvcrt.dll
0x000007fefdea0000 - 0x000007fefdebf000 	C:\Windows\SYSTEM32\sechost.dll
0x000007fefeec0000 - 0x000007fefefed000 	C:\Windows\system32\RPCRT4.dll
0x0000000077680000 - 0x000000007777a000 	C:\Windows\system32\USER32.dll
0x000007fefd870000 - 0x000007fefd8d7000 	C:\Windows\system32\GDI32.dll
0x000007feff1a0000 - 0x000007feff1ae000 	C:\Windows\system32\LPK.dll
0x000007fefec50000 - 0x000007fefed1a000 	C:\Windows\system32\USP10.dll
0x000007fefbae0000 - 0x000007fefbcd4000 	C:\Windows\WinSxS\amd64_microsoft.windows.common-controls_6595b64144ccf1df_6.0.7601.18837_none_fa3b1e3d17594757\COMCTL32.dll
0x000007feffa10000 - 0x000007feffa81000 	C:\Windows\system32\SHLWAPI.dll
0x000007feff430000 - 0x000007feff45e000 	C:\Windows\system32\IMM32.DLL
0x000007fefeff0000 - 0x000007feff0f9000 	C:\Windows\system32\MSCTF.dll
0x000000005e290000 - 0x000000005e362000 	C:\Program Files\Java\jdk1.8.0_101\jre\bin\msvcr100.dll
0x0000000053c10000 - 0x00000000544aa000 	C:\Program Files\Java\jdk1.8.0_101\jre\bin\server\jvm.dll
0x000007fefb530000 - 0x000007fefb539000 	C:\Windows\system32\WSOCK32.dll
0x000007feff460000 - 0x000007feff4ad000 	C:\Windows\system32\WS2_32.dll
0x000007feff290000 - 0x000007feff298000 	C:\Windows\system32\NSI.dll
0x000007fefab50000 - 0x000007fefab8b000 	C:\Windows\system32\WINMM.dll
0x000007fefc590000 - 0x000007fefc59c000 	C:\Windows\system32\VERSION.dll
0x0000000077940000 - 0x0000000077947000 	C:\Windows\system32\PSAPI.DLL
0x0000000071b20000 - 0x0000000071b2f000 	C:\Program Files\Java\jdk1.8.0_101\jre\bin\verify.dll
0x000000005f840000 - 0x000000005f869000 	C:\Program Files\Java\jdk1.8.0_101\jre\bin\java.dll
0x000000006e110000 - 0x000000006e126000 	C:\Program Files\Java\jdk1.8.0_101\jre\bin\zip.dll
0x000007fefdec0000 - 0x000007fefec4a000 	C:\Windows\system32\SHELL32.dll
0x000007fefd8e0000 - 0x000007fefdae3000 	C:\Windows\system32\ole32.dll
0x000007fefd4b0000 - 0x000007fefd4bf000 	C:\Windows\system32\profapi.dll

VM Arguments:
jvm_args: -Djava.awt.headless=true -Xmx1024M -Dfile.encoding=windows-1257 -Duser.country=US -Duser.language=en -Duser.variant 
java_command: com.android.dx.command.Main --dex --force-jumbo --num-threads=4 --output C:\Users\jga\AndroidStudioProjects\dbconnect BRD_ALL_V1.0.5HC\app\build\intermediates\pre-dexed\debug\jtds-1.2.7_8a2a13fc11e49ba562e2445d5edacb269bec6235.jar C:\Users\jga\AndroidStudioProjects\dbconnect BRD_ALL_V1.0.5HC\app\src\main\java\libs\jtds-1.2.7.jar
java_class_path (initial): C:\Users\jga\AppData\Local\Android\sdk\build-tools\24.0.2\lib\dx.jar
Launcher Type: SUN_STANDARD

Environment Variables:
PATH=C:\ProgramData\Oracle\Java\javapath;C:\Program Files\Pico Technology\SDK\lib\;C:\Program Files (x86)\Intel\iCLS Client\;C:\Program Files\Intel\iCLS Client\;C:\Windows\system32;C:\Windows;C:\GENIE2K\EXEFILES;C:\Windows\System32\Wbem;C:\Windows\System32\WindowsPowerShell\v1.0\;C:\Program Files\Intel\Intel(R) Management Engine Components\DAL;C:\Program Files\Intel\Intel(R) Management Engine Components\IPT;C:\Program Files (x86)\Intel\Intel(R) Management Engine Components\DAL;C:\Program Files (x86)\Intel\Intel(R) Management Engine Components\IPT;C:\Program Files\Intel\WiFi\bin\;C:\Program Files\Common Files\Intel\WirelessCommon\;C:\Program Files\Lenovo\Fingerprint Manager Pro\;C:\Program Files (x86)\Common Files\Lenovo;C:\ProgramData\Lenovo\ReadyApps;C:\Program Files (x86)\Common Files\lenovo\easyplussdk\bin;C:\Program Files (x86)\Lenovo\Access Connections\;c:\Program Files (x86)\Microsoft SQL Server\100\Tools\Binn\;c:\Program Files\Microsoft SQL Server\100\Tools\Binn\;c:\Program Files\Microsoft SQL Server\100\DTS\Binn\;C:\Program Files (x86)\Windows Kits\8.1\Windows Performance Toolkit\;C:\Program Files\Microsoft SQL Server\110\Tools\Binn\;;C:\Program Files (x86)\Bitvise SSH Client;C:\Program Files (x86)\Pico Technology\PicoScope6\;c:\Program Files (x86)\Microsoft SQL Server\90\Tools\binn\;c:\Program Files (x86)\Microsoft SQL Server\100\Tools\Binn\VSShell\Common7\IDE\;c:\Program Files (x86)\Microsoft SQL Server\100\DTS\Binn\;C:\Program Files (x86)\Skype\Phone\;C:\Program Files (x86)\Microchip\mplabc18\v3.47\mpasm;C:\Program Files (x86)\Microchip\mplabc18\v3.47\bin;C:\Program Files (x86)\Sophos\Sophos SSL VPN Client\bin
USERNAME=jga
OS=Windows_NT
PROCESSOR_IDENTIFIER=Intel64 Family 6 Model 69 Stepping 1, GenuineIntel



---------------  S Y S T E M  ---------------

OS: Windows 7 , 64 bit Build 7601 (6.1.7601.23572)

CPU:total 4 (2 cores per cpu, 2 threads per core) family 6 model 69 stepping 1, cmov, cx8, fxsr, mmx, sse, sse2, sse3, ssse3, sse4.1, sse4.2, popcnt, avx, avx2, aes, clmul, erms, lzcnt, ht, tsc, tscinvbit, bmi1, bmi2

Memory: 4k page, physical 8068928k(144468k free), swap 12610272k(5132k free)

vm_info: Java HotSpot(TM) 64-Bit Server VM (25.101-b13) for windows-amd64 JRE (1.8.0_101-b13), built on Jun 22 2016 01:21:29 by "java_re" with MS VC++ 10.0 (VS2010)

time: Wed Mar 15 21:37:16 2017
elapsed time: 6 seconds (0d 0h 0m 6s)

