#
# There is insufficient memory for the Java Runtime Environment to continue.
# Native memory allocation (malloc) failed to allocate 32744 bytes for ChunkPool::allocate
# Possible reasons:
#   The system is out of physical RAM or swap space
#   In 32 bit mode, the process size limit was hit
# Possible solutions:
#   Reduce memory load on the system
#   Increase physical memory or swap space
#   Check if swap backing store is full
#   Use 64 bit Java on a 64 bit OS
#   Decrease Java heap size (-Xmx/-Xms)
#   Decrease number of Java threads
#   Decrease Java thread stack sizes (-Xss)
#   Set larger code cache with -XX:ReservedCodeCacheSize=
# This output file may be truncated or incomplete.
#
#  Out of Memory Error (allocation.cpp:273), pid=1268, tid=0x0000000000002b4c
#
# JRE version: Java(TM) SE Runtime Environment (8.0_101-b13) (build 1.8.0_101-b13)
# Java VM: Java HotSpot(TM) 64-Bit Server VM (25.101-b13 mixed mode windows-amd64 compressed oops)
# Failed to write core dump. Minidumps are not enabled by default on client versions of Windows
#

---------------  T H R E A D  ---------------

Current thread (0x0000000055255800):  JavaThread "C2 CompilerThread1" daemon [_thread_in_native, id=11084, stack(0x0000000056b90000,0x0000000056c90000)]

Stack: [0x0000000056b90000,0x0000000056c90000]
[error occurred during error reporting (printing stack bounds), id 0xc0000005]

Native frames: (J=compiled Java code, j=interpreted, Vv=VM code, C=native code)


Current CompileTask:
C2:   1105  828       4       com.android.dx.ssa.RegisterMapper::map (63 bytes)


---------------  P R O C E S S  ---------------

Java Threads: ( => current thread )
  0x00000000570b9800 JavaThread "pool-2-thread-4" [_thread_in_vm, id=11944, stack(0x0000000057ce0000,0x0000000057de0000)]
  0x00000000570b6800 JavaThread "pool-2-thread-3" [_thread_in_vm, id=10952, stack(0x0000000057ba0000,0x0000000057ca0000)]
  0x0000000056fe0000 JavaThread "pool-2-thread-2" [_thread_in_Java, id=7664, stack(0x0000000057aa0000,0x0000000057ba0000)]
  0x0000000056fd9000 JavaThread "pool-3-thread-1" [_thread_blocked, id=10012, stack(0x0000000057840000,0x0000000057940000)]
  0x0000000056fde000 JavaThread "pool-2-thread-1" [_thread_blocked, id=10932, stack(0x0000000057710000,0x0000000057810000)]
  0x0000000056e48800 JavaThread "Service Thread" daemon [_thread_blocked, id=4344, stack(0x00000000572e0000,0x00000000573e0000)]
  0x0000000055256800 JavaThread "C1 CompilerThread2" daemon [_thread_in_native, id=4880, stack(0x0000000056d40000,0x0000000056e40000)]
=>0x0000000055255800 JavaThread "C2 CompilerThread1" daemon [_thread_in_native, id=11084, stack(0x0000000056b90000,0x0000000056c90000)]
  0x0000000055251800 JavaThread "C2 CompilerThread0" daemon [_thread_in_native, id=7636, stack(0x00000000569c0000,0x0000000056ac0000)]
  0x000000005524d800 JavaThread "Attach Listener" daemon [_thread_blocked, id=5356, stack(0x0000000056830000,0x0000000056930000)]
  0x000000005525e800 JavaThread "Signal Dispatcher" daemon [_thread_blocked, id=6984, stack(0x00000000565c0000,0x00000000566c0000)]
  0x0000000055234000 JavaThread "Finalizer" daemon [_thread_blocked, id=5928, stack(0x0000000056700000,0x0000000056800000)]
  0x00000000551f3000 JavaThread "Reference Handler" daemon [_thread_blocked, id=10120, stack(0x0000000056440000,0x0000000056540000)]
  0x000000000232f000 JavaThread "main" [_thread_blocked, id=10216, stack(0x00000000025a0000,0x00000000026a0000)]

Other Threads:
  0x00000000551eb000 VMThread [stack: 0x0000000056300000,0x0000000056400000] [id=3656]
  0x0000000056eb4000 WatcherThread [stack: 0x0000000057520000,0x0000000057620000] [id=9048]

VM state:not at safepoint (normal execution)

VM Mutex/Monitor currently owned by a thread: None

Heap:
 PSYoungGen      total 36864K, used 16584K [0x00000000eab00000, 0x00000000ed400000, 0x0000000100000000)
  eden space 31744K, 52% used [0x00000000eab00000,0x00000000ebb32010,0x00000000eca00000)
  from space 5120K, 0% used [0x00000000ecf00000,0x00000000ecf00000,0x00000000ed400000)
  to   space 5120K, 0% used [0x00000000eca00000,0x00000000eca00000,0x00000000ecf00000)
 ParOldGen       total 84992K, used 0K [0x00000000c0000000, 0x00000000c5300000, 0x00000000eab00000)
  object space 84992K, 0% used [0x00000000c0000000,0x00000000c0000000,0x00000000c5300000)
 Metaspace       used 5774K, capacity 6706K, committed 6784K, reserved 1056768K
  class space    used 602K, capacity 618K, committed 640K, reserved 1048576K

Card table byte_map: [0x0000000011d30000,0x0000000011f40000] byte_map_base: 0x0000000011730000

Marking Bits: (ParMarkBitMap*) 0x000000006540a6d0
 Begin Bits: [0x0000000012660000, 0x0000000013660000)
 End Bits:   [0x0000000013660000, 0x0000000014660000)

Polling page: 0x0000000000240000

CodeCache: size=245760Kb used=3128Kb max_used=3139Kb free=242631Kb
 bounds [0x0000000002970000, 0x0000000002c90000, 0x0000000011970000]
 total_blobs=1069 nmethods=800 adapters=182
 compilation: enabled

Compilation events (10 events):
Event: 1.090 Thread 0x0000000055251800  820       4       com.android.dx.util.Bits::set (38 bytes)
Event: 1.090 Thread 0x0000000055255800  822  s    4       java.util.Vector::add (39 bytes)
Event: 1.091 Thread 0x0000000055251800 nmethod 820 0x0000000002c6c890 code [0x0000000002c6c9c0, 0x0000000002c6ca78]
Event: 1.093 Thread 0x0000000055255800 nmethod 822 0x0000000002c78810 code [0x0000000002c78960, 0x0000000002c78d08]
Event: 1.094 Thread 0x0000000055251800  823       4       com.android.dx.rop.code.Insn::<init> (69 bytes)
Event: 1.094 Thread 0x0000000055255800  824       4       com.android.dx.ssa.NormalSsaInsn::hasSideEffect (76 bytes)
Event: 1.095 Thread 0x0000000055251800 nmethod 823 0x0000000002c71710 code [0x0000000002c71840, 0x0000000002c71938]
Event: 1.095 Thread 0x0000000055251800  825       4       com.android.dx.rop.code.RegisterSpec$ForComparison::equals (31 bytes)
Event: 1.097 Thread 0x0000000055255800 nmethod 824 0x0000000002c782d0 code [0x0000000002c78420, 0x0000000002c78578]
Event: 1.099 Thread 0x0000000055255800  828       4       com.android.dx.ssa.RegisterMapper::map (63 bytes)

GC Heap History (0 events):
No events

Deoptimization events (7 events):
Event: 0.811 Thread 0x000000000232f000 Uncommon trap: reason=unstable_if action=reinterpret pc=0x0000000002bab630 method=java.util.HashMap.getNode(ILjava/lang/Object;)Ljava/util/HashMap$Node; @ 129
Event: 0.891 Thread 0x00000000570b6800 Uncommon trap: reason=class_check action=maybe_recompile pc=0x0000000002be6390 method=com.android.dx.rop.type.Type.equals(Ljava/lang/Object;)Z @ 8
Event: 1.019 Thread 0x00000000570b9800 Uncommon trap: reason=unstable_if action=reinterpret pc=0x0000000002ba0460 method=java.util.BitSet.nextSetBit(I)I @ 87
Event: 1.027 Thread 0x00000000570b9800 Uncommon trap: reason=unstable_if action=reinterpret pc=0x0000000002c2a144 method=com.android.dx.rop.cst.Constant.compareTo(Lcom/android/dx/rop/cst/Constant;)I @ 12
Event: 1.065 Thread 0x00000000570b6800 Uncommon trap: reason=class_check action=maybe_recompile pc=0x0000000002bfcc4c method=com.android.dx.ssa.NormalSsaInsn.accept(Lcom/android/dx/ssa/SsaInsn$Visitor;)V @ 9
Event: 1.065 Thread 0x00000000570b6800 Uncommon trap: reason=class_check action=maybe_recompile pc=0x0000000002bfcc4c method=com.android.dx.ssa.NormalSsaInsn.accept(Lcom/android/dx/ssa/SsaInsn$Visitor;)V @ 9
Event: 1.065 Thread 0x00000000570b6800 Uncommon trap: reason=class_check action=maybe_recompile pc=0x0000000002bfcc4c method=com.android.dx.ssa.NormalSsaInsn.accept(Lcom/android/dx/ssa/SsaInsn$Visitor;)V @ 9

Internal exceptions (2 events):
Event: 0.059 Thread 0x000000000232f000 Exception <a 'java/lang/NoSuchMethodError': Method sun.misc.Unsafe.defineClass(Ljava/lang/String;[BII)Ljava/lang/Class; name or signature does not match> (0x00000000eab07cc0) thrown at [C:\re\workspace\8-2-build-windows-amd64-cygwin\jdk8u101\7261\hotspot\s€Ô˜U&®?
Event: 0.059 Thread 0x000000000232f000 Exception <a 'java/lang/NoSuchMethodError': Method sun.misc.Unsafe.prefetchRead(Ljava/lang/Object;J)V name or signature does not match> (0x00000000eab07fa8) thrown at [C:\re\workspace\8-2-build-windows-amd64-cygwin\jdk8u101\7261\hotspot\src\share\vm\prims\

Events (10 events):
Event: 1.027 Thread 0x00000000570b9800 DEOPT UNPACKING pc=0x00000000029b582a sp=0x0000000057dde4f0 mode 2
Event: 1.065 Thread 0x00000000570b6800 Uncommon trap: trap_request=0xffffffde fr.pc=0x0000000002bfcc4c
Event: 1.065 Thread 0x00000000570b6800 DEOPT PACKING pc=0x0000000002bfcc4c sp=0x0000000057c9e6a0
Event: 1.065 Thread 0x00000000570b6800 DEOPT UNPACKING pc=0x00000000029b582a sp=0x0000000057c9e6c0 mode 2
Event: 1.065 Thread 0x00000000570b6800 Uncommon trap: trap_request=0xffffffde fr.pc=0x0000000002bfcc4c
Event: 1.065 Thread 0x00000000570b6800 DEOPT PACKING pc=0x0000000002bfcc4c sp=0x0000000057c9e3c0
Event: 1.065 Thread 0x00000000570b6800 DEOPT UNPACKING pc=0x00000000029b582a sp=0x0000000057c9e3e0 mode 2
Event: 1.065 Thread 0x00000000570b6800 Uncommon trap: trap_request=0xffffffde fr.pc=0x0000000002bfcc4c
Event: 1.065 Thread 0x00000000570b6800 DEOPT PACKING pc=0x0000000002bfcc4c sp=0x0000000057c9e310
Event: 1.065 Thread 0x00000000570b6800 DEOPT UNPACKING pc=0x00000000029b582a sp=0x0000000057c9e330 mode 2


Dynamic libraries:
0x000000013fc80000 - 0x000000013fcb7000 	C:\Program Files\Java\jdk1.8.0_101\bin\java.exe
0x0000000077010000 - 0x00000000771ba000 	C:\Windows\SYSTEM32\ntdll.dll
0x0000000076df0000 - 0x0000000076f0f000 	C:\Windows\system32\kernel32.dll
0x000007fefced0000 - 0x000007fefcf3a000 	C:\Windows\system32\KERNELBASE.dll
0x000007fefd460000 - 0x000007fefd53b000 	C:\Windows\system32\ADVAPI32.dll
0x000007fefdc80000 - 0x000007fefdd1f000 	C:\Windows\system32\msvcrt.dll
0x000007fefd390000 - 0x000007fefd3af000 	C:\Windows\SYSTEM32\sechost.dll
0x000007fefd540000 - 0x000007fefd66d000 	C:\Windows\system32\RPCRT4.dll
0x0000000076f10000 - 0x000000007700a000 	C:\Windows\system32\USER32.dll
0x000007fefdf00000 - 0x000007fefdf67000 	C:\Windows\system32\GDI32.dll
0x000007feff080000 - 0x000007feff08e000 	C:\Windows\system32\LPK.dll
0x000007fefdd20000 - 0x000007fefddeb000 	C:\Windows\system32\USP10.dll
0x000007fefb1c0000 - 0x000007fefb3b4000 	C:\Windows\WinSxS\amd64_microsoft.windows.common-controls_6595b64144ccf1df_6.0.7601.18837_none_fa3b1e3d17594757\COMCTL32.dll
0x000007fefd3b0000 - 0x000007fefd421000 	C:\Windows\system32\SHLWAPI.dll
0x000007fefd430000 - 0x000007fefd45e000 	C:\Windows\system32\IMM32.DLL
0x000007fefddf0000 - 0x000007fefdef9000 	C:\Windows\system32\MSCTF.dll
0x000000006bce0000 - 0x000000006bdb2000 	C:\Program Files\Java\jdk1.8.0_101\jre\bin\msvcr100.dll
0x0000000064bf0000 - 0x000000006548a000 	C:\Program Files\Java\jdk1.8.0_101\jre\bin\server\jvm.dll
0x000007fefa280000 - 0x000007fefa289000 	C:\Windows\system32\WSOCK32.dll
0x000007fefeea0000 - 0x000007fefeeed000 	C:\Windows\system32\WS2_32.dll
0x000007feff310000 - 0x000007feff318000 	C:\Windows\system32\NSI.dll
0x000007fefa9a0000 - 0x000007fefa9db000 	C:\Windows\system32\WINMM.dll
0x000007fefbda0000 - 0x000007fefbdac000 	C:\Windows\system32\VERSION.dll
0x00000000771e0000 - 0x00000000771e7000 	C:\Windows\system32\PSAPI.DLL
0x0000000072d30000 - 0x0000000072d3f000 	C:\Program Files\Java\jdk1.8.0_101\jre\bin\verify.dll
0x000000006bcb0000 - 0x000000006bcd9000 	C:\Program Files\Java\jdk1.8.0_101\jre\bin\java.dll
0x0000000072d10000 - 0x0000000072d26000 	C:\Program Files\Java\jdk1.8.0_101\jre\bin\zip.dll
0x000007fefdf70000 - 0x000007fefecfb000 	C:\Windows\system32\SHELL32.dll
0x000007feff090000 - 0x000007feff28c000 	C:\Windows\system32\ole32.dll
0x000007fefcd00000 - 0x000007fefcd0f000 	C:\Windows\system32\profapi.dll

VM Arguments:
jvm_args: -Djava.awt.headless=true -Xmx1024M -Dfile.encoding=windows-1257 -Duser.country=US -Duser.language=en -Duser.variant 
java_command: com.android.dx.command.Main --dex --force-jumbo --num-threads=4 --multi-dex --output C:\Users\jga\AndroidStudioProjects\dbconnect BRD_ALL_V1.0.5AROneCol\app\build\intermediates\transforms\dex\debug\folders\1000\10\com.android.support-support-vector-drawable-24.2.0_1be4224da8af9f1d1bda8012f02a324363041963 C:\Users\jga\AndroidStudioProjects\dbconnect BRD_ALL_V1.0.5AROneCol\app\build\intermediates\exploded-aar\com.android.support\support-vector-drawable\24.2.0\jars\classes.jar
java_class_path (initial): C:\Users\jga\AppData\Local\Android\sdk\build-tools\24.0.2\lib\dx.jar
Launcher Type: SUN_STANDARD

Environment Variables:
PATH=C:\ProgramData\Oracle\Java\javapath;C:\Program Files\Pico Technology\SDK\lib\;C:\Program Files (x86)\Intel\iCLS Client\;C:\Program Files\Intel\iCLS Client\;C:\Windows\system32;C:\Windows;C:\GENIE2K\EXEFILES;C:\Windows\System32\Wbem;C:\Windows\System32\WindowsPowerShell\v1.0\;C:\Program Files\Intel\Intel(R) Management Engine Components\DAL;C:\Program Files\Intel\Intel(R) Management Engine Components\IPT;C:\Program Files (x86)\Intel\Intel(R) Management Engine Components\DAL;C:\Program Files (x86)\Intel\Intel(R) Management Engine Components\IPT;C:\Program Files\Intel\WiFi\bin\;C:\Program Files\Common Files\Intel\WirelessCommon\;C:\Program Files\Lenovo\Fingerprint Manager Pro\;C:\Program Files (x86)\Common Files\Lenovo;C:\ProgramData\Lenovo\ReadyApps;C:\Program Files (x86)\Common Files\lenovo\easyplussdk\bin;C:\Program Files (x86)\Lenovo\Access Connections\;c:\Program Files (x86)\Microsoft SQL Server\100\Tools\Binn\;c:\Program Files\Microsoft SQL Server\100\Tools\Binn\;c:\Program Files\Microsoft SQL Server\100\DTS\Binn\;C:\Program Files (x86)\Windows Kits\8.1\Windows Performance Toolkit\;C:\Program Files\Microsoft SQL Server\110\Tools\Binn\;;C:\Program Files (x86)\Bitvise SSH Client;C:\Program Files (x86)\Pico Technology\PicoScope6\;c:\Program Files (x86)\Microsoft SQL Server\90\Tools\binn\;c:\Program Files (x86)\Microsoft SQL Server\100\Tools\Binn\VSShell\Common7\IDE\;c:\Program Files (x86)\Microsoft SQL Server\100\DTS\Binn\;C:\Program Files (x86)\Skype\Phone\;C:\Program Files (x86)\Microchip\mplabc18\v3.47\mpasm;C:\Program Files (x86)\Microchip\mplabc18\v3.47\bin;C:\Program Files (x86)\Sophos\Sophos SSL VPN Client\bin
USERNAME=jga
OS=Windows_NT
PROCESSOR_IDENTIFIER=Intel64 Family 6 Model 69 Stepping 1, GenuineIntel



---------------  S Y S T E M  ---------------

OS: Windows 7 , 64 bit Build 7601 (6.1.7601.23807)

CPU:total 4 (2 cores per cpu, 2 threads per core) family 6 model 69 stepping 1, cmov, cx8, fxsr, mmx, sse, sse2, sse3, ssse3, sse4.1, sse4.2, popcnt, avx, avx2, aes, clmul, erms, lzcnt, ht, tsc, tscinvbit, bmi1, bmi2

Memory: 4k page, physical 8068928k(651344k free), swap 10442988k(5116k free)

vm_info: Java HotSpot(TM) 64-Bit Server VM (25.101-b13) for windows-amd64 JRE (1.8.0_101-b13), built on Jun 22 2016 01:21:29 by "java_re" with MS VC++ 10.0 (VS2010)

time: Thu Jul 13 14:19:59 2017
elapsed time: 1 seconds (0d 0h 0m 1s)

