#
# There is insufficient memory for the Java Runtime Environment to continue.
# Native memory allocation (malloc) failed to allocate 65552 bytes for Chunk::new
# Possible reasons:
#   The system is out of physical RAM or swap space
#   In 32 bit mode, the process size limit was hit
# Possible solutions:
#   Reduce memory load on the system
#   Increase physical memory or swap space
#   Check if swap backing store is full
#   Use 64 bit Java on a 64 bit OS
#   Decrease Java heap size (-Xmx/-Xms)
#   Decrease number of Java threads
#   Decrease Java thread stack sizes (-Xss)
#   Set larger code cache with -XX:ReservedCodeCacheSize=
# This output file may be truncated or incomplete.
#
#  Out of Memory Error (allocation.cpp:390), pid=9772, tid=0x0000000000001de4
#
# JRE version: Java(TM) SE Runtime Environment (8.0_101-b13) (build 1.8.0_101-b13)
# Java VM: Java HotSpot(TM) 64-Bit Server VM (25.101-b13 mixed mode windows-amd64 compressed oops)
# Failed to write core dump. Minidumps are not enabled by default on client versions of Windows
#

---------------  T H R E A D  ---------------

Current thread (0x00000000150de800):  JavaThread "C2 CompilerThread1" daemon [_thread_in_native, id=7652, stack(0x0000000015da0000,0x0000000015ea0000)]

Stack: [0x0000000015da0000,0x0000000015ea0000]
[error occurred during error reporting (printing stack bounds), id 0xc0000005]

Native frames: (J=compiled Java code, j=interpreted, Vv=VM code, C=native code)


Current CompileTask:
C2:   8905 1599       4       com.android.dx.ssa.back.SsaToRop::convertBasicBlock (126 bytes)


---------------  P R O C E S S  ---------------

Java Threads: ( => current thread )
  0x000000001670d000 JavaThread "pool-1-thread-4" [_thread_blocked, id=8844, stack(0x00000000174c0000,0x00000000175c0000)]
  0x000000001666f000 JavaThread "pool-1-thread-3" [_thread_blocked, id=12128, stack(0x00000000172a0000,0x00000000173a0000)]
  0x0000000016669000 JavaThread "pool-1-thread-2" [_thread_blocked, id=6484, stack(0x00000000173a0000,0x00000000174a0000)]
  0x0000000016623000 JavaThread "pool-2-thread-1" [_thread_blocked, id=12092, stack(0x0000000017170000,0x0000000017270000)]
  0x0000000016622000 JavaThread "pool-1-thread-1" [_thread_blocked, id=6672, stack(0x0000000017050000,0x0000000017150000)]
  0x00000000163c0000 JavaThread "Service Thread" daemon [_thread_blocked, id=8304, stack(0x0000000016c00000,0x0000000016d00000)]
  0x00000000150df800 JavaThread "C1 CompilerThread2" daemon [_thread_blocked, id=2484, stack(0x0000000016160000,0x0000000016260000)]
=>0x00000000150de800 JavaThread "C2 CompilerThread1" daemon [_thread_in_native, id=7652, stack(0x0000000015da0000,0x0000000015ea0000)]
  0x0000000016363800 JavaThread "C2 CompilerThread0" daemon [_thread_in_native, id=3536, stack(0x0000000016780000,0x0000000016880000)]
  0x00000000150d8000 JavaThread "Attach Listener" daemon [_thread_blocked, id=12624, stack(0x0000000016a30000,0x0000000016b30000)]
  0x000000001636c800 JavaThread "Signal Dispatcher" daemon [_thread_blocked, id=11740, stack(0x00000000168c0000,0x00000000169c0000)]
  0x00000000150b4000 JavaThread "Finalizer" daemon [_thread_blocked, id=3872, stack(0x0000000016260000,0x0000000016360000)]
  0x0000000015072800 JavaThread "Reference Handler" daemon [_thread_blocked, id=11096, stack(0x0000000016040000,0x0000000016140000)]
  0x000000000207f000 JavaThread "main" [_thread_blocked, id=6956, stack(0x0000000002310000,0x0000000002410000)]

Other Threads:
  0x000000001506b000 VMThread [stack: 0x0000000015ed0000,0x0000000015fd0000] [id=11644]
  0x00000000163ce800 WatcherThread [stack: 0x0000000016e70000,0x0000000016f70000] [id=5020]

VM state:not at safepoint (normal execution)

VM Mutex/Monitor currently owned by a thread:  ([mutex/lock_event])
[0x000000000207d430] Heap_lock - owner thread: 0x000000001666f000

Heap:
 PSYoungGen      total 68608K, used 5088K [0x00000000eab00000, 0x00000000ef300000, 0x0000000100000000)
  eden space 63488K, 0% used [0x00000000eab00000,0x00000000eab00040,0x00000000ee900000)
  from space 5120K, 99% used [0x00000000eee00000,0x00000000ef2f8028,0x00000000ef300000)
  to   space 5120K, 0% used [0x00000000ee900000,0x00000000ee900000,0x00000000eee00000)
 ParOldGen       total 84992K, used 3946K [0x00000000c0000000, 0x00000000c5300000, 0x00000000eab00000)
  object space 84992K, 4% used [0x00000000c0000000,0x00000000c03daa98,0x00000000c5300000)
 Metaspace       used 6222K, capacity 7090K, committed 7296K, reserved 1056768K
  class space    used 606K, capacity 618K, committed 640K, reserved 1048576K

Card table byte_map: [0x0000000011aa0000,0x0000000011cb0000] byte_map_base: 0x00000000114a0000

Marking Bits: (ParMarkBitMap*) 0x000000005442a6d0
 Begin Bits: [0x00000000124e0000, 0x00000000134e0000)
 End Bits:   [0x00000000134e0000, 0x00000000144e0000)

Polling page: 0x0000000001b60000

CodeCache: size=245760Kb used=7190Kb max_used=7203Kb free=238569Kb
 bounds [0x00000000026e0000, 0x0000000002e00000, 0x00000000116e0000]
 total_blobs=1869 nmethods=1600 adapters=182
 compilation: enabled

Compilation events (10 events):
Event: 8.888 Thread 0x00000000150df800 1601       3       com.android.dx.rop.code.LocalVariableExtractor::processBlock (327 bytes)
Event: 8.892 Thread 0x00000000150df800 nmethod 1601 0x0000000002dec6d0 code [0x0000000002decb40, 0x0000000002df04d8]
Event: 8.892 Thread 0x00000000150df800 1598       3       com.android.dx.rop.code.ThrowingInsn::<init> (49 bytes)
Event: 8.892 Thread 0x00000000150df800 nmethod 1598 0x0000000002d8a590 code [0x0000000002d8a720, 0x0000000002d8ab68]
Event: 8.892 Thread 0x00000000150df800 1602       1       com.android.dx.cf.code.Ropper$ExceptionHandlerSetup::getLabel (5 bytes)
Event: 8.892 Thread 0x00000000150df800 nmethod 1602 0x0000000002d631d0 code [0x0000000002d63320, 0x0000000002d63430]
Event: 8.892 Thread 0x00000000150df800 1604       1       com.android.dx.rop.code.ThrowingInsn::getCatches (5 bytes)
Event: 8.892 Thread 0x00000000150df800 nmethod 1604 0x0000000002d65210 code [0x0000000002d65360, 0x0000000002d65470]
Event: 8.893 Thread 0x00000000150de800 nmethod 1600 0x0000000002d8df90 code [0x0000000002d8e120, 0x0000000002d8e858]
Event: 8.893 Thread 0x00000000150de800 1599       4       com.android.dx.ssa.back.SsaToRop::convertBasicBlock (126 bytes)

GC Heap History (4 events):
Event: 3.481 GC heap before
{Heap before GC invocations=1 (full 0):
 PSYoungGen      total 36864K, used 31744K [0x00000000eab00000, 0x00000000ed400000, 0x0000000100000000)
  eden space 31744K, 100% used [0x00000000eab00000,0x00000000eca00000,0x00000000eca00000)
  from space 5120K, 0% used [0x00000000ecf00000,0x00000000ecf00000,0x00000000ed400000)
  to   space 5120K, 0% used [0x00000000eca00000,0x00000000eca00000,0x00000000ecf00000)
 ParOldGen       total 84992K, used 0K [0x00000000c0000000, 0x00000000c5300000, 0x00000000eab00000)
  object space 84992K, 0% used [0x00000000c0000000,0x00000000c0000000,0x00000000c5300000)
 Metaspace       used 6038K, capacity 6962K, committed 7040K, reserved 1056768K
  class space    used 605K, capacity 618K, committed 640K, reserved 1048576K
Event: 3.628 GC heap after
Heap after GC invocations=1 (full 0):
 PSYoungGen      total 36864K, used 5104K [0x00000000eab00000, 0x00000000ef300000, 0x0000000100000000)
  eden space 31744K, 0% used [0x00000000eab00000,0x00000000eab00000,0x00000000eca00000)
  from space 5120K, 99% used [0x00000000eca00000,0x00000000ecefc068,0x00000000ecf00000)
  to   space 5120K, 0% used [0x00000000eee00000,0x00000000eee00000,0x00000000ef300000)
 ParOldGen       total 84992K, used 501K [0x00000000c0000000, 0x00000000c5300000, 0x00000000eab00000)
  object space 84992K, 0% used [0x00000000c0000000,0x00000000c007d4f8,0x00000000c5300000)
 Metaspace       used 6038K, capacity 6962K, committed 7040K, reserved 1056768K
  class space    used 605K, capacity 618K, committed 640K, reserved 1048576K
}
Event: 8.715 GC heap before
{Heap before GC invocations=2 (full 0):
 PSYoungGen      total 36864K, used 36848K [0x00000000eab00000, 0x00000000ef300000, 0x0000000100000000)
  eden space 31744K, 100% used [0x00000000eab00000,0x00000000eca00000,0x00000000eca00000)
  from space 5120K, 99% used [0x00000000eca00000,0x00000000ecefc068,0x00000000ecf00000)
  to   space 5120K, 0% used [0x00000000eee00000,0x00000000eee00000,0x00000000ef300000)
 ParOldGen       total 84992K, used 501K [0x00000000c0000000, 0x00000000c5300000, 0x00000000eab00000)
  object space 84992K, 0% used [0x00000000c0000000,0x00000000c007d4f8,0x00000000c5300000)
 Metaspace       used 6222K, capacity 7090K, committed 7296K, reserved 1056768K
  class space    used 606K, capacity 618K, committed 640K, reserved 1048576K
Event: 8.879 GC heap after
Heap after GC invocations=2 (full 0):
 PSYoungGen      total 68608K, used 5088K [0x00000000eab00000, 0x00000000ef300000, 0x0000000100000000)
  eden space 63488K, 0% used [0x00000000eab00000,0x00000000eab00000,0x00000000ee900000)
  from space 5120K, 99% used [0x00000000eee00000,0x00000000ef2f8028,0x00000000ef300000)
  to   space 5120K, 0% used [0x00000000ee900000,0x00000000ee900000,0x00000000eee00000)
 ParOldGen       total 84992K, used 3946K [0x00000000c0000000, 0x00000000c5300000, 0x00000000eab00000)
  object space 84992K, 4% used [0x00000000c0000000,0x00000000c03daa98,0x00000000c5300000)
 Metaspace       used 6222K, capacity 7090K, committed 7296K, reserved 1056768K
  class space    used 606K, capacity 618K, committed 640K, reserved 1048576K
}

Deoptimization events (10 events):
Event: 3.426 Thread 0x0000000016622000 Uncommon trap: reason=unstable_if action=reinterpret pc=0x0000000002a92b9c method=com.android.dx.rop.code.RegisterSpecSet.put(Lcom/android/dx/rop/code/RegisterSpec;)V @ 77
Event: 3.426 Thread 0x0000000016622000 Uncommon trap: reason=unstable_if action=reinterpret pc=0x0000000002b2c098 method=com.android.dx.rop.code.RegisterSpecSet.put(Lcom/android/dx/rop/code/RegisterSpec;)V @ 77
Event: 5.990 Thread 0x000000001666f000 Uncommon trap: reason=unstable_if action=reinterpret pc=0x0000000002c3d974 method=com.android.dx.cf.code.BytecodeArray.parseInstruction(ILcom/android/dx/cf/code/BytecodeArray$Visitor;)I @ 1198
Event: 6.686 Thread 0x000000001666f000 Uncommon trap: reason=null_check action=make_not_entrant pc=0x0000000002b1814c method=com.android.dx.ssa.SsaRenamer.getLocalForNewReg(I)Lcom/android/dx/rop/code/LocalItem; @ 19
Event: 7.173 Thread 0x000000001666f000 Uncommon trap: reason=unstable_if action=reinterpret pc=0x0000000002cf38b0 method=com.android.dx.ssa.SsaRenamer$BlockRenamer.process()V @ 90
Event: 8.548 Thread 0x000000001670d000 Uncommon trap: reason=unstable_if action=reinterpret pc=0x0000000002c714ac method=com.android.dx.rop.code.RegisterSpecSet.localItemToSpec(Lcom/android/dx/rop/code/LocalItem;)Lcom/android/dx/rop/code/RegisterSpec; @ 35
Event: 8.559 Thread 0x000000001670d000 Uncommon trap: reason=uninitialized action=reinterpret pc=0x0000000002dab670 method=com.android.dx.cf.code.BytecodeArray.parseInstruction(ILcom/android/dx/cf/code/BytecodeArray$Visitor;)I @ 1047
Event: 8.560 Thread 0x000000001670d000 Uncommon trap: reason=unstable_if action=reinterpret pc=0x0000000002acc284 method=com.android.dx.rop.cst.Constant.compareTo(Lcom/android/dx/rop/cst/Constant;)I @ 12
Event: 8.562 Thread 0x000000001670d000 Uncommon trap: reason=null_check action=make_not_entrant pc=0x0000000002be9d98 method=com.android.dx.rop.type.Type.equals(Ljava/lang/Object;)Z @ 8
Event: 8.711 Thread 0x000000001666f000 Uncommon trap: reason=unstable_if action=reinterpret pc=0x0000000002d82430 method=com.android.dx.rop.code.RegisterSpecSet.localItemToSpec(Lcom/android/dx/rop/code/LocalItem;)Lcom/android/dx/rop/code/RegisterSpec; @ 35

Internal exceptions (4 events):
Event: 0.075 Thread 0x000000000207f000 Exception <a 'java/lang/NoSuchMethodError': Method sun.misc.Unsafe.defineClass(Ljava/lang/String;[BII)Ljava/lang/Class; name or signature does not match> (0x00000000eab07cc0) thrown at [C:\re\workspace\8-2-build-windows-amd64-cygwin\jdk8u101\7261\hotspot\s#Í#.³?
Event: 0.075 Thread 0x000000000207f000 Exception <a 'java/lang/NoSuchMethodError': Method sun.misc.Unsafe.prefetchRead(Ljava/lang/Object;J)V name or signature does not match> (0x00000000eab07fa8) thrown at [C:\re\workspace\8-2-build-windows-amd64-cygwin\jdk8u101\7261\hotspot\src\share\vm\prims\…ï6=¾@
Event: 6.686 Thread 0x000000001666f000 Implicit null exception at 0x0000000002b165dd to 0x0000000002b1812d
Event: 8.562 Thread 0x000000001670d000 Implicit null exception at 0x0000000002be9c92 to 0x0000000002be9d8a

Events (10 events):
Event: 8.560 Thread 0x000000001670d000 DEOPT PACKING pc=0x0000000002acc284 sp=0x00000000175be100
Event: 8.560 Thread 0x000000001670d000 DEOPT UNPACKING pc=0x000000000272582a sp=0x00000000175be0a0 mode 2
Event: 8.562 Thread 0x000000001670d000 Uncommon trap: trap_request=0xfffffff4 fr.pc=0x0000000002be9d98
Event: 8.562 Thread 0x000000001670d000 DEOPT PACKING pc=0x0000000002be9d98 sp=0x00000000175be0d0
Event: 8.562 Thread 0x000000001670d000 DEOPT UNPACKING pc=0x000000000272582a sp=0x00000000175be058 mode 2
Event: 8.711 Thread 0x000000001666f000 Uncommon trap: trap_request=0xffffff65 fr.pc=0x0000000002d82430
Event: 8.711 Thread 0x000000001666f000 DEOPT PACKING pc=0x0000000002d82430 sp=0x000000001739ef20
Event: 8.711 Thread 0x000000001666f000 DEOPT UNPACKING pc=0x000000000272582a sp=0x000000001739ee88 mode 2
Event: 8.715 Executing VM operation: ParallelGCFailedAllocation
Event: 8.879 Executing VM operation: ParallelGCFailedAllocation done


Dynamic libraries:
0x000000013fff0000 - 0x0000000140027000 	C:\Program Files\Java\jdk1.8.0_101\bin\java.exe
0x0000000077780000 - 0x000000007792a000 	C:\Windows\SYSTEM32\ntdll.dll
0x0000000077560000 - 0x000000007767f000 	C:\Windows\system32\kernel32.dll
0x000007fefd640000 - 0x000007fefd6aa000 	C:\Windows\system32\KERNELBASE.dll
0x000007feff1b0000 - 0x000007feff28b000 	C:\Windows\system32\ADVAPI32.dll
0x000007feff100000 - 0x000007feff19f000 	C:\Windows\system32\msvcrt.dll
0x000007fefdea0000 - 0x000007fefdebf000 	C:\Windows\SYSTEM32\sechost.dll
0x000007fefeec0000 - 0x000007fefefed000 	C:\Windows\system32\RPCRT4.dll
0x0000000077680000 - 0x000000007777a000 	C:\Windows\system32\USER32.dll
0x000007fefd870000 - 0x000007fefd8d7000 	C:\Windows\system32\GDI32.dll
0x000007feff1a0000 - 0x000007feff1ae000 	C:\Windows\system32\LPK.dll
0x000007fefec50000 - 0x000007fefed1a000 	C:\Windows\system32\USP10.dll
0x000007fefbae0000 - 0x000007fefbcd4000 	C:\Windows\WinSxS\amd64_microsoft.windows.common-controls_6595b64144ccf1df_6.0.7601.18837_none_fa3b1e3d17594757\COMCTL32.dll
0x000007feffa10000 - 0x000007feffa81000 	C:\Windows\system32\SHLWAPI.dll
0x000007feff430000 - 0x000007feff45e000 	C:\Windows\system32\IMM32.DLL
0x000007fefeff0000 - 0x000007feff0f9000 	C:\Windows\system32\MSCTF.dll
0x000000005e290000 - 0x000000005e362000 	C:\Program Files\Java\jdk1.8.0_101\jre\bin\msvcr100.dll
0x0000000053c10000 - 0x00000000544aa000 	C:\Program Files\Java\jdk1.8.0_101\jre\bin\server\jvm.dll
0x000007fefb530000 - 0x000007fefb539000 	C:\Windows\system32\WSOCK32.dll
0x000007feff460000 - 0x000007feff4ad000 	C:\Windows\system32\WS2_32.dll
0x000007feff290000 - 0x000007feff298000 	C:\Windows\system32\NSI.dll
0x000007fefab50000 - 0x000007fefab8b000 	C:\Windows\system32\WINMM.dll
0x000007fefc590000 - 0x000007fefc59c000 	C:\Windows\system32\VERSION.dll
0x0000000077940000 - 0x0000000077947000 	C:\Windows\system32\PSAPI.DLL
0x0000000071b20000 - 0x0000000071b2f000 	C:\Program Files\Java\jdk1.8.0_101\jre\bin\verify.dll
0x000000005f840000 - 0x000000005f869000 	C:\Program Files\Java\jdk1.8.0_101\jre\bin\java.dll
0x000000006e110000 - 0x000000006e126000 	C:\Program Files\Java\jdk1.8.0_101\jre\bin\zip.dll
0x000007fefdec0000 - 0x000007fefec4a000 	C:\Windows\system32\SHELL32.dll
0x000007fefd8e0000 - 0x000007fefdae3000 	C:\Windows\system32\ole32.dll
0x000007fefd4b0000 - 0x000007fefd4bf000 	C:\Windows\system32\profapi.dll

VM Arguments:
jvm_args: -Djava.awt.headless=true -Xmx1024M -Dfile.encoding=windows-1257 -Duser.country=US -Duser.language=en -Duser.variant 
java_command: com.android.dx.command.Main --dex --force-jumbo --num-threads=4 --output C:\Users\jga\AndroidStudioProjects\dbconnect BRD_ALL_V1.0.5HC\app\build\intermediates\pre-dexed\debug\com.android.support-support-compat-24.2.0_771eae83863d21979b9fbde9f4ea4d0db824fd15.jar C:\Users\jga\AndroidStudioProjects\dbconnect BRD_ALL_V1.0.5HC\app\build\intermediates\exploded-aar\com.android.support\support-compat\24.2.0\jars\classes.jar
java_class_path (initial): C:\Users\jga\AppData\Local\Android\sdk\build-tools\24.0.2\lib\dx.jar
Launcher Type: SUN_STANDARD

Environment Variables:
PATH=C:\ProgramData\Oracle\Java\javapath;C:\Program Files\Pico Technology\SDK\lib\;C:\Program Files (x86)\Intel\iCLS Client\;C:\Program Files\Intel\iCLS Client\;C:\Windows\system32;C:\Windows;C:\GENIE2K\EXEFILES;C:\Windows\System32\Wbem;C:\Windows\System32\WindowsPowerShell\v1.0\;C:\Program Files\Intel\Intel(R) Management Engine Components\DAL;C:\Program Files\Intel\Intel(R) Management Engine Components\IPT;C:\Program Files (x86)\Intel\Intel(R) Management Engine Components\DAL;C:\Program Files (x86)\Intel\Intel(R) Management Engine Components\IPT;C:\Program Files\Intel\WiFi\bin\;C:\Program Files\Common Files\Intel\WirelessCommon\;C:\Program Files\Lenovo\Fingerprint Manager Pro\;C:\Program Files (x86)\Common Files\Lenovo;C:\ProgramData\Lenovo\ReadyApps;C:\Program Files (x86)\Common Files\lenovo\easyplussdk\bin;C:\Program Files (x86)\Lenovo\Access Connections\;c:\Program Files (x86)\Microsoft SQL Server\100\Tools\Binn\;c:\Program Files\Microsoft SQL Server\100\Tools\Binn\;c:\Program Files\Microsoft SQL Server\100\DTS\Binn\;C:\Program Files (x86)\Windows Kits\8.1\Windows Performance Toolkit\;C:\Program Files\Microsoft SQL Server\110\Tools\Binn\;;C:\Program Files (x86)\Bitvise SSH Client;C:\Program Files (x86)\Pico Technology\PicoScope6\;c:\Program Files (x86)\Microsoft SQL Server\90\Tools\binn\;c:\Program Files (x86)\Microsoft SQL Server\100\Tools\Binn\VSShell\Common7\IDE\;c:\Program Files (x86)\Microsoft SQL Server\100\DTS\Binn\;C:\Program Files (x86)\Skype\Phone\;C:\Program Files (x86)\Microchip\mplabc18\v3.47\mpasm;C:\Program Files (x86)\Microchip\mplabc18\v3.47\bin;C:\Program Files (x86)\Sophos\Sophos SSL VPN Client\bin
USERNAME=jga
OS=Windows_NT
PROCESSOR_IDENTIFIER=Intel64 Family 6 Model 69 Stepping 1, GenuineIntel



---------------  S Y S T E M  ---------------

OS: Windows 7 , 64 bit Build 7601 (6.1.7601.23572)

CPU:total 4 (2 cores per cpu, 2 threads per core) family 6 model 69 stepping 1, cmov, cx8, fxsr, mmx, sse, sse2, sse3, ssse3, sse4.1, sse4.2, popcnt, avx, avx2, aes, clmul, erms, lzcnt, ht, tsc, tscinvbit, bmi1, bmi2

Memory: 4k page, physical 8068928k(327052k free), swap 12610272k(4528k free)

vm_info: Java HotSpot(TM) 64-Bit Server VM (25.101-b13) for windows-amd64 JRE (1.8.0_101-b13), built on Jun 22 2016 01:21:29 by "java_re" with MS VC++ 10.0 (VS2010)

time: Wed Mar 15 21:37:16 2017
elapsed time: 8 seconds (0d 0h 0m 8s)

